{"D:\\DEV\\contabilidadeigrejinha\\backend\\src\\controllers\\authController.ts": {"path":"D:\\DEV\\contabilidadeigrejinha\\backend\\src\\controllers\\authController.ts","statementMap":{"0":{"start":{"line":2,"column":0},"end":{"line":2,"column":86}},"1":{"start":{"line":3,"column":0},"end":{"line":3,"column":35}},"2":{"start":{"line":4,"column":0},"end":{"line":4,"column":37}},"3":{"start":{"line":19,"column":4},"end":{"line":46,"column":5}},"4":{"start":{"line":20,"column":41},"end":{"line":20,"column":49}},"5":{"start":{"line":22,"column":21},"end":{"line":22,"column":61}},"6":{"start":{"line":24,"column":6},"end":{"line":28,"column":9}},"7":{"start":{"line":30,"column":6},"end":{"line":30,"column":74}},"8":{"start":{"line":33,"column":23},"end":{"line":33,"column":26}},"9":{"start":{"line":34,"column":6},"end":{"line":40,"column":7}},"10":{"start":{"line":35,"column":8},"end":{"line":35,"column":25}},"11":{"start":{"line":36,"column":13},"end":{"line":40,"column":7}},"12":{"start":{"line":39,"column":8},"end":{"line":39,"column":25}},"13":{"start":{"line":42,"column":6},"end":{"line":45,"column":9}},"14":{"start":{"line":53,"column":4},"end":{"line":80,"column":5}},"15":{"start":{"line":54,"column":42},"end":{"line":54,"column":50}},"16":{"start":{"line":56,"column":21},"end":{"line":56,"column":55}},"17":{"start":{"line":58,"column":6},"end":{"line":62,"column":9}},"18":{"start":{"line":64,"column":6},"end":{"line":64,"column":68}},"19":{"start":{"line":67,"column":23},"end":{"line":67,"column":26}},"20":{"start":{"line":68,"column":6},"end":{"line":74,"column":7}},"21":{"start":{"line":70,"column":8},"end":{"line":70,"column":25}},"22":{"start":{"line":71,"column":13},"end":{"line":74,"column":7}},"23":{"start":{"line":73,"column":8},"end":{"line":73,"column":25}},"24":{"start":{"line":76,"column":6},"end":{"line":79,"column":9}},"25":{"start":{"line":87,"column":4},"end":{"line":112,"column":5}},"26":{"start":{"line":88,"column":49},"end":{"line":88,"column":57}},"27":{"start":{"line":90,"column":21},"end":{"line":90,"column":65}},"28":{"start":{"line":92,"column":6},"end":{"line":96,"column":9}},"29":{"start":{"line":98,"column":6},"end":{"line":98,"column":73}},"30":{"start":{"line":101,"column":23},"end":{"line":101,"column":26}},"31":{"start":{"line":102,"column":6},"end":{"line":106,"column":7}},"32":{"start":{"line":105,"column":8},"end":{"line":105,"column":25}},"33":{"start":{"line":108,"column":6},"end":{"line":111,"column":9}},"34":{"start":{"line":119,"column":4},"end":{"line":141,"column":5}},"35":{"start":{"line":125,"column":22},"end":{"line":125,"column":42}},"36":{"start":{"line":127,"column":6},"end":{"line":129,"column":7}},"37":{"start":{"line":128,"column":8},"end":{"line":128,"column":54}},"38":{"start":{"line":131,"column":6},"end":{"line":134,"column":9}},"39":{"start":{"line":136,"column":6},"end":{"line":136,"column":54}},"40":{"start":{"line":137,"column":6},"end":{"line":140,"column":9}},"41":{"start":{"line":148,"column":4},"end":{"line":170,"column":5}},"42":{"start":{"line":149,"column":20},"end":{"line":149,"column":36}},"43":{"start":{"line":151,"column":6},"end":{"line":157,"column":7}},"44":{"start":{"line":152,"column":8},"end":{"line":155,"column":11}},"45":{"start":{"line":156,"column":8},"end":{"line":156,"column":15}},"46":{"start":{"line":159,"column":6},"end":{"line":163,"column":9}},"47":{"start":{"line":165,"column":6},"end":{"line":165,"column":57}},"48":{"start":{"line":166,"column":6},"end":{"line":169,"column":9}},"49":{"start":{"line":177,"column":4},"end":{"line":213,"column":5}},"50":{"start":{"line":178,"column":24},"end":{"line":178,"column":32}},"51":{"start":{"line":180,"column":6},"end":{"line":186,"column":7}},"52":{"start":{"line":181,"column":8},"end":{"line":184,"column":11}},"53":{"start":{"line":185,"column":8},"end":{"line":185,"column":15}},"54":{"start":{"line":189,"column":19},"end":{"line":191,"column":8}},"55":{"start":{"line":194,"column":6},"end":{"line":201,"column":7}},"56":{"start":{"line":197,"column":8},"end":{"line":200,"column":11}},"57":{"start":{"line":203,"column":6},"end":{"line":206,"column":9}},"58":{"start":{"line":208,"column":6},"end":{"line":208,"column":66}},"59":{"start":{"line":209,"column":6},"end":{"line":212,"column":9}},"60":{"start":{"line":220,"column":4},"end":{"line":250,"column":5}},"61":{"start":{"line":221,"column":22},"end":{"line":221,"column":42}},"62":{"start":{"line":223,"column":6},"end":{"line":229,"column":7}},"63":{"start":{"line":224,"column":8},"end":{"line":227,"column":11}},"64":{"start":{"line":228,"column":8},"end":{"line":228,"column":15}},"65":{"start":{"line":231,"column":19},"end":{"line":231,"column":56}},"66":{"start":{"line":233,"column":6},"end":{"line":237,"column":9}},"67":{"start":{"line":239,"column":6},"end":{"line":239,"column":69}},"68":{"start":{"line":241,"column":23},"end":{"line":241,"column":26}},"69":{"start":{"line":242,"column":6},"end":{"line":244,"column":7}},"70":{"start":{"line":243,"column":8},"end":{"line":243,"column":25}},"71":{"start":{"line":246,"column":6},"end":{"line":249,"column":9}},"72":{"start":{"line":257,"column":4},"end":{"line":292,"column":5}},"73":{"start":{"line":258,"column":22},"end":{"line":258,"column":42}},"74":{"start":{"line":259,"column":47},"end":{"line":259,"column":55}},"75":{"start":{"line":261,"column":6},"end":{"line":267,"column":7}},"76":{"start":{"line":262,"column":8},"end":{"line":265,"column":11}},"77":{"start":{"line":266,"column":8},"end":{"line":266,"column":15}},"78":{"start":{"line":269,"column":6},"end":{"line":269,"column":77}},"79":{"start":{"line":271,"column":6},"end":{"line":274,"column":9}},"80":{"start":{"line":276,"column":6},"end":{"line":276,"column":70}},"81":{"start":{"line":278,"column":23},"end":{"line":278,"column":26}},"82":{"start":{"line":279,"column":6},"end":{"line":286,"column":7}},"83":{"start":{"line":281,"column":8},"end":{"line":281,"column":25}},"84":{"start":{"line":282,"column":13},"end":{"line":286,"column":7}},"85":{"start":{"line":283,"column":8},"end":{"line":283,"column":25}},"86":{"start":{"line":284,"column":13},"end":{"line":286,"column":7}},"87":{"start":{"line":285,"column":8},"end":{"line":285,"column":25}},"88":{"start":{"line":288,"column":6},"end":{"line":291,"column":9}},"89":{"start":{"line":14,"column":0},"end":{"line":14,"column":13}},"90":{"start":{"line":296,"column":0},"end":{"line":296,"column":30}}},"fnMap":{"0":{"name":"(anonymous_1)","decl":{"start":{"line":18,"column":2},"end":{"line":18,"column":8}},"loc":{"start":{"line":18,"column":51},"end":{"line":47,"column":3}}},"1":{"name":"(anonymous_2)","decl":{"start":{"line":52,"column":2},"end":{"line":52,"column":8}},"loc":{"start":{"line":52,"column":48},"end":{"line":81,"column":3}}},"2":{"name":"(anonymous_3)","decl":{"start":{"line":86,"column":2},"end":{"line":86,"column":8}},"loc":{"start":{"line":86,"column":55},"end":{"line":113,"column":3}}},"3":{"name":"(anonymous_4)","decl":{"start":{"line":118,"column":2},"end":{"line":118,"column":8}},"loc":{"start":{"line":118,"column":49},"end":{"line":142,"column":3}}},"4":{"name":"(anonymous_5)","decl":{"start":{"line":147,"column":2},"end":{"line":147,"column":8}},"loc":{"start":{"line":147,"column":54},"end":{"line":171,"column":3}}},"5":{"name":"(anonymous_6)","decl":{"start":{"line":176,"column":2},"end":{"line":176,"column":8}},"loc":{"start":{"line":176,"column":57},"end":{"line":214,"column":3}}},"6":{"name":"(anonymous_7)","decl":{"start":{"line":219,"column":2},"end":{"line":219,"column":8}},"loc":{"start":{"line":219,"column":53},"end":{"line":251,"column":3}}},"7":{"name":"(anonymous_8)","decl":{"start":{"line":256,"column":2},"end":{"line":256,"column":8}},"loc":{"start":{"line":256,"column":57},"end":{"line":293,"column":3}}}},"branchMap":{"0":{"loc":{"start":{"line":34,"column":6},"end":{"line":40,"column":7}},"type":"if","locations":[{"start":{"line":34,"column":6},"end":{"line":40,"column":7}},{"start":{"line":36,"column":13},"end":{"line":40,"column":7}}]},"1":{"loc":{"start":{"line":36,"column":13},"end":{"line":40,"column":7}},"type":"if","locations":[{"start":{"line":36,"column":13},"end":{"line":40,"column":7}}]},"2":{"loc":{"start":{"line":36,"column":17},"end":{"line":38,"column":53}},"type":"binary-expr","locations":[{"start":{"line":36,"column":17},"end":{"line":36,"column":55}},{"start":{"line":37,"column":17},"end":{"line":37,"column":51}},{"start":{"line":38,"column":17},"end":{"line":38,"column":53}}]},"3":{"loc":{"start":{"line":44,"column":17},"end":{"line":44,"column":60}},"type":"binary-expr","locations":[{"start":{"line":44,"column":17},"end":{"line":44,"column":30}},{"start":{"line":44,"column":34},"end":{"line":44,"column":60}}]},"4":{"loc":{"start":{"line":68,"column":6},"end":{"line":74,"column":7}},"type":"if","locations":[{"start":{"line":68,"column":6},"end":{"line":74,"column":7}},{"start":{"line":71,"column":13},"end":{"line":74,"column":7}}]},"5":{"loc":{"start":{"line":68,"column":10},"end":{"line":69,"column":45}},"type":"binary-expr","locations":[{"start":{"line":68,"column":10},"end":{"line":68,"column":50}},{"start":{"line":69,"column":10},"end":{"line":69,"column":45}}]},"6":{"loc":{"start":{"line":71,"column":13},"end":{"line":74,"column":7}},"type":"if","locations":[{"start":{"line":71,"column":13},"end":{"line":74,"column":7}}]},"7":{"loc":{"start":{"line":71,"column":17},"end":{"line":72,"column":51}},"type":"binary-expr","locations":[{"start":{"line":71,"column":17},"end":{"line":71,"column":55}},{"start":{"line":72,"column":17},"end":{"line":72,"column":51}}]},"8":{"loc":{"start":{"line":78,"column":17},"end":{"line":78,"column":60}},"type":"binary-expr","locations":[{"start":{"line":78,"column":17},"end":{"line":78,"column":30}},{"start":{"line":78,"column":34},"end":{"line":78,"column":60}}]},"9":{"loc":{"start":{"line":102,"column":6},"end":{"line":106,"column":7}},"type":"if","locations":[{"start":{"line":102,"column":6},"end":{"line":106,"column":7}}]},"10":{"loc":{"start":{"line":102,"column":10},"end":{"line":104,"column":44}},"type":"binary-expr","locations":[{"start":{"line":102,"column":10},"end":{"line":102,"column":47}},{"start":{"line":103,"column":10},"end":{"line":103,"column":44}},{"start":{"line":104,"column":10},"end":{"line":104,"column":44}}]},"11":{"loc":{"start":{"line":110,"column":17},"end":{"line":110,"column":60}},"type":"binary-expr","locations":[{"start":{"line":110,"column":17},"end":{"line":110,"column":30}},{"start":{"line":110,"column":34},"end":{"line":110,"column":60}}]},"12":{"loc":{"start":{"line":127,"column":6},"end":{"line":129,"column":7}},"type":"if","locations":[{"start":{"line":127,"column":6},"end":{"line":129,"column":7}}]},"13":{"loc":{"start":{"line":151,"column":6},"end":{"line":157,"column":7}},"type":"if","locations":[{"start":{"line":151,"column":6},"end":{"line":157,"column":7}}]},"14":{"loc":{"start":{"line":180,"column":6},"end":{"line":186,"column":7}},"type":"if","locations":[{"start":{"line":180,"column":6},"end":{"line":186,"column":7}}]},"15":{"loc":{"start":{"line":194,"column":6},"end":{"line":201,"column":7}},"type":"if","locations":[{"start":{"line":194,"column":6},"end":{"line":201,"column":7}}]},"16":{"loc":{"start":{"line":223,"column":6},"end":{"line":229,"column":7}},"type":"if","locations":[{"start":{"line":223,"column":6},"end":{"line":229,"column":7}}]},"17":{"loc":{"start":{"line":242,"column":6},"end":{"line":244,"column":7}},"type":"if","locations":[{"start":{"line":242,"column":6},"end":{"line":244,"column":7}}]},"18":{"loc":{"start":{"line":248,"column":17},"end":{"line":248,"column":60}},"type":"binary-expr","locations":[{"start":{"line":248,"column":17},"end":{"line":248,"column":30}},{"start":{"line":248,"column":34},"end":{"line":248,"column":60}}]},"19":{"loc":{"start":{"line":261,"column":6},"end":{"line":267,"column":7}},"type":"if","locations":[{"start":{"line":261,"column":6},"end":{"line":267,"column":7}}]},"20":{"loc":{"start":{"line":279,"column":6},"end":{"line":286,"column":7}},"type":"if","locations":[{"start":{"line":279,"column":6},"end":{"line":286,"column":7}},{"start":{"line":282,"column":13},"end":{"line":286,"column":7}}]},"21":{"loc":{"start":{"line":279,"column":10},"end":{"line":280,"column":46}},"type":"binary-expr","locations":[{"start":{"line":279,"column":10},"end":{"line":279,"column":48}},{"start":{"line":280,"column":10},"end":{"line":280,"column":46}}]},"22":{"loc":{"start":{"line":282,"column":13},"end":{"line":286,"column":7}},"type":"if","locations":[{"start":{"line":282,"column":13},"end":{"line":286,"column":7}},{"start":{"line":284,"column":13},"end":{"line":286,"column":7}}]},"23":{"loc":{"start":{"line":284,"column":13},"end":{"line":286,"column":7}},"type":"if","locations":[{"start":{"line":284,"column":13},"end":{"line":286,"column":7}}]},"24":{"loc":{"start":{"line":290,"column":17},"end":{"line":290,"column":60}},"type":"binary-expr","locations":[{"start":{"line":290,"column":17},"end":{"line":290,"column":30}},{"start":{"line":290,"column":34},"end":{"line":290,"column":60}}]}},"s":{"0":0,"1":0,"2":0,"3":0,"4":0,"5":0,"6":0,"7":0,"8":0,"9":0,"10":0,"11":0,"12":0,"13":0,"14":0,"15":0,"16":0,"17":0,"18":0,"19":0,"20":0,"21":0,"22":0,"23":0,"24":0,"25":0,"26":0,"27":0,"28":0,"29":0,"30":0,"31":0,"32":0,"33":0,"34":0,"35":0,"36":0,"37":0,"38":0,"39":0,"40":0,"41":0,"42":0,"43":0,"44":0,"45":0,"46":0,"47":0,"48":0,"49":0,"50":0,"51":0,"52":0,"53":0,"54":0,"55":0,"56":0,"57":0,"58":0,"59":0,"60":0,"61":0,"62":0,"63":0,"64":0,"65":0,"66":0,"67":0,"68":0,"69":0,"70":0,"71":0,"72":0,"73":0,"74":0,"75":0,"76":0,"77":0,"78":0,"79":0,"80":0,"81":0,"82":0,"83":0,"84":0,"85":0,"86":0,"87":0,"88":0,"89":0,"90":0},"f":{"0":0,"1":0,"2":0,"3":0,"4":0,"5":0,"6":0,"7":0},"b":{"0":[0,0],"1":[0],"2":[0,0,0],"3":[0,0],"4":[0,0],"5":[0,0],"6":[0],"7":[0,0],"8":[0,0],"9":[0],"10":[0,0,0],"11":[0,0],"12":[0],"13":[0],"14":[0],"15":[0],"16":[0],"17":[0],"18":[0,0],"19":[0],"20":[0,0],"21":[0,0],"22":[0,0],"23":[0],"24":[0,0]}}
,"D:\\DEV\\contabilidadeigrejinha\\backend\\src\\controllers\\contactController.ts": {"path":"D:\\DEV\\contabilidadeigrejinha\\backend\\src\\controllers\\contactController.ts","statementMap":{"0":{"start":{"line":2,"column":0},"end":{"line":2,"column":46}},"1":{"start":{"line":3,"column":0},"end":{"line":3,"column":37}},"2":{"start":{"line":5,"column":15},"end":{"line":5,"column":33}},"3":{"start":{"line":41,"column":4},"end":{"line":144,"column":5}},"4":{"start":{"line":42,"column":68},"end":{"line":42,"column":76}},"5":{"start":{"line":45,"column":6},"end":{"line":51,"column":7}},"6":{"start":{"line":46,"column":8},"end":{"line":49,"column":11}},"7":{"start":{"line":50,"column":8},"end":{"line":50,"column":15}},"8":{"start":{"line":54,"column":25},"end":{"line":54,"column":53}},"9":{"start":{"line":55,"column":6},"end":{"line":61,"column":7}},"10":{"start":{"line":56,"column":8},"end":{"line":59,"column":11}},"11":{"start":{"line":60,"column":8},"end":{"line":60,"column":15}},"12":{"start":{"line":64,"column":6},"end":{"line":70,"column":7}},"13":{"start":{"line":65,"column":8},"end":{"line":68,"column":11}},"14":{"start":{"line":69,"column":8},"end":{"line":69,"column":15}},"15":{"start":{"line":72,"column":6},"end":{"line":78,"column":7}},"16":{"start":{"line":73,"column":8},"end":{"line":76,"column":11}},"17":{"start":{"line":77,"column":8},"end":{"line":77,"column":15}},"18":{"start":{"line":81,"column":6},"end":{"line":90,"column":7}},"19":{"start":{"line":82,"column":27},"end":{"line":82,"column":52}},"20":{"start":{"line":83,"column":8},"end":{"line":89,"column":9}},"21":{"start":{"line":84,"column":10},"end":{"line":87,"column":13}},"22":{"start":{"line":88,"column":10},"end":{"line":88,"column":17}},"23":{"start":{"line":93,"column":25},"end":{"line":93,"column":62}},"24":{"start":{"line":94,"column":29},"end":{"line":101,"column":8}},"25":{"start":{"line":103,"column":6},"end":{"line":109,"column":7}},"26":{"start":{"line":104,"column":8},"end":{"line":107,"column":11}},"27":{"start":{"line":108,"column":8},"end":{"line":108,"column":15}},"28":{"start":{"line":112,"column":22},"end":{"line":121,"column":8}},"29":{"start":{"line":124,"column":6},"end":{"line":128,"column":9}},"30":{"start":{"line":130,"column":6},"end":{"line":137,"column":9}},"31":{"start":{"line":139,"column":6},"end":{"line":139,"column":55}},"32":{"start":{"line":140,"column":6},"end":{"line":143,"column":9}},"33":{"start":{"line":151,"column":4},"end":{"line":247,"column":5}},"34":{"start":{"line":161,"column":26},"end":{"line":161,"column":35}},"35":{"start":{"line":163,"column":19},"end":{"line":163,"column":53}},"36":{"start":{"line":164,"column":19},"end":{"line":164,"column":32}},"37":{"start":{"line":167,"column":25},"end":{"line":167,"column":27}},"38":{"start":{"line":169,"column":6},"end":{"line":176,"column":7}},"39":{"start":{"line":170,"column":8},"end":{"line":175,"column":10}},"40":{"start":{"line":178,"column":6},"end":{"line":180,"column":7}},"41":{"start":{"line":179,"column":8},"end":{"line":179,"column":30}},"42":{"start":{"line":182,"column":6},"end":{"line":192,"column":7}},"43":{"start":{"line":183,"column":8},"end":{"line":183,"column":29}},"44":{"start":{"line":184,"column":8},"end":{"line":186,"column":9}},"45":{"start":{"line":185,"column":10},"end":{"line":185,"column":51}},"46":{"start":{"line":187,"column":8},"end":{"line":191,"column":9}},"47":{"start":{"line":188,"column":26},"end":{"line":188,"column":42}},"48":{"start":{"line":189,"column":10},"end":{"line":189,"column":44}},"49":{"start":{"line":190,"column":10},"end":{"line":190,"column":40}},"50":{"start":{"line":195,"column":27},"end":{"line":195,"column":29}},"51":{"start":{"line":196,"column":6},"end":{"line":196,"column":34}},"52":{"start":{"line":199,"column":32},"end":{"line":207,"column":8}},"53":{"start":{"line":209,"column":25},"end":{"line":209,"column":48}},"54":{"start":{"line":212,"column":20},"end":{"line":215,"column":8}},"55":{"start":{"line":217,"column":25},"end":{"line":223,"column":8}},"56":{"start":{"line":219,"column":33},"end":{"line":219,"column":55}},"57":{"start":{"line":220,"column":36},"end":{"line":220,"column":62}},"58":{"start":{"line":221,"column":34},"end":{"line":221,"column":57}},"59":{"start":{"line":222,"column":32},"end":{"line":222,"column":53}},"60":{"start":{"line":225,"column":6},"end":{"line":240,"column":9}},"61":{"start":{"line":242,"column":6},"end":{"line":242,"column":57}},"62":{"start":{"line":243,"column":6},"end":{"line":246,"column":9}},"63":{"start":{"line":254,"column":4},"end":{"line":291,"column":5}},"64":{"start":{"line":255,"column":21},"end":{"line":255,"column":31}},"65":{"start":{"line":258,"column":6},"end":{"line":264,"column":7}},"66":{"start":{"line":259,"column":8},"end":{"line":262,"column":11}},"67":{"start":{"line":263,"column":8},"end":{"line":263,"column":15}},"68":{"start":{"line":266,"column":22},"end":{"line":268,"column":8}},"69":{"start":{"line":270,"column":6},"end":{"line":276,"column":7}},"70":{"start":{"line":271,"column":8},"end":{"line":274,"column":11}},"71":{"start":{"line":275,"column":8},"end":{"line":275,"column":15}},"72":{"start":{"line":280,"column":6},"end":{"line":284,"column":9}},"73":{"start":{"line":286,"column":6},"end":{"line":286,"column":82}},"74":{"start":{"line":287,"column":6},"end":{"line":290,"column":9}},"75":{"start":{"line":298,"column":4},"end":{"line":353,"column":5}},"76":{"start":{"line":299,"column":21},"end":{"line":299,"column":31}},"77":{"start":{"line":300,"column":27},"end":{"line":300,"column":43}},"78":{"start":{"line":302,"column":6},"end":{"line":308,"column":7}},"79":{"start":{"line":303,"column":8},"end":{"line":306,"column":11}},"80":{"start":{"line":307,"column":8},"end":{"line":307,"column":15}},"81":{"start":{"line":310,"column":22},"end":{"line":312,"column":8}},"82":{"start":{"line":314,"column":6},"end":{"line":320,"column":7}},"83":{"start":{"line":315,"column":8},"end":{"line":318,"column":11}},"84":{"start":{"line":319,"column":8},"end":{"line":319,"column":15}},"85":{"start":{"line":322,"column":6},"end":{"line":328,"column":7}},"86":{"start":{"line":323,"column":8},"end":{"line":326,"column":11}},"87":{"start":{"line":327,"column":8},"end":{"line":327,"column":15}},"88":{"start":{"line":330,"column":6},"end":{"line":335,"column":9}},"89":{"start":{"line":338,"column":6},"end":{"line":341,"column":9}},"90":{"start":{"line":343,"column":6},"end":{"line":346,"column":9}},"91":{"start":{"line":348,"column":6},"end":{"line":348,"column":92}},"92":{"start":{"line":349,"column":6},"end":{"line":352,"column":9}},"93":{"start":{"line":360,"column":4},"end":{"line":407,"column":5}},"94":{"start":{"line":361,"column":55},"end":{"line":361,"column":63}},"95":{"start":{"line":362,"column":27},"end":{"line":362,"column":43}},"96":{"start":{"line":364,"column":6},"end":{"line":370,"column":7}},"97":{"start":{"line":365,"column":8},"end":{"line":368,"column":11}},"98":{"start":{"line":369,"column":8},"end":{"line":369,"column":15}},"99":{"start":{"line":372,"column":6},"end":{"line":378,"column":7}},"100":{"start":{"line":373,"column":8},"end":{"line":376,"column":11}},"101":{"start":{"line":377,"column":8},"end":{"line":377,"column":15}},"102":{"start":{"line":380,"column":21},"end":{"line":388,"column":8}},"103":{"start":{"line":391,"column":6},"end":{"line":394,"column":9}},"104":{"start":{"line":396,"column":6},"end":{"line":400,"column":9}},"105":{"start":{"line":402,"column":6},"end":{"line":402,"column":78}},"106":{"start":{"line":403,"column":6},"end":{"line":406,"column":9}},"107":{"start":{"line":414,"column":4},"end":{"line":493,"column":5}},"108":{"start":{"line":415,"column":21},"end":{"line":415,"column":31}},"109":{"start":{"line":416,"column":44},"end":{"line":416,"column":52}},"110":{"start":{"line":417,"column":27},"end":{"line":417,"column":43}},"111":{"start":{"line":419,"column":6},"end":{"line":425,"column":7}},"112":{"start":{"line":420,"column":8},"end":{"line":423,"column":11}},"113":{"start":{"line":424,"column":8},"end":{"line":424,"column":15}},"114":{"start":{"line":427,"column":6},"end":{"line":433,"column":7}},"115":{"start":{"line":428,"column":8},"end":{"line":431,"column":11}},"116":{"start":{"line":432,"column":8},"end":{"line":432,"column":15}},"117":{"start":{"line":435,"column":6},"end":{"line":441,"column":7}},"118":{"start":{"line":436,"column":8},"end":{"line":439,"column":11}},"119":{"start":{"line":440,"column":8},"end":{"line":440,"column":15}},"120":{"start":{"line":443,"column":22},"end":{"line":445,"column":8}},"121":{"start":{"line":447,"column":6},"end":{"line":453,"column":7}},"122":{"start":{"line":448,"column":8},"end":{"line":451,"column":11}},"123":{"start":{"line":452,"column":8},"end":{"line":452,"column":15}},"124":{"start":{"line":456,"column":29},"end":{"line":461,"column":8}},"125":{"start":{"line":464,"column":6},"end":{"line":468,"column":9}},"126":{"start":{"line":477,"column":6},"end":{"line":486,"column":9}},"127":{"start":{"line":488,"column":6},"end":{"line":488,"column":85}},"128":{"start":{"line":489,"column":6},"end":{"line":492,"column":9}},"129":{"start":{"line":500,"column":4},"end":{"line":546,"column":5}},"130":{"start":{"line":501,"column":21},"end":{"line":501,"column":31}},"131":{"start":{"line":502,"column":27},"end":{"line":502,"column":43}},"132":{"start":{"line":504,"column":6},"end":{"line":510,"column":7}},"133":{"start":{"line":505,"column":8},"end":{"line":508,"column":11}},"134":{"start":{"line":509,"column":8},"end":{"line":509,"column":15}},"135":{"start":{"line":512,"column":22},"end":{"line":514,"column":8}},"136":{"start":{"line":516,"column":6},"end":{"line":522,"column":7}},"137":{"start":{"line":517,"column":8},"end":{"line":520,"column":11}},"138":{"start":{"line":521,"column":8},"end":{"line":521,"column":15}},"139":{"start":{"line":524,"column":6},"end":{"line":526,"column":9}},"140":{"start":{"line":529,"column":6},"end":{"line":534,"column":9}},"141":{"start":{"line":536,"column":6},"end":{"line":539,"column":9}},"142":{"start":{"line":541,"column":6},"end":{"line":541,"column":83}},"143":{"start":{"line":542,"column":6},"end":{"line":545,"column":9}},"144":{"start":{"line":553,"column":4},"end":{"line":596,"column":5}},"145":{"start":{"line":554,"column":55},"end":{"line":554,"column":63}},"146":{"start":{"line":555,"column":27},"end":{"line":555,"column":43}},"147":{"start":{"line":557,"column":6},"end":{"line":563,"column":7}},"148":{"start":{"line":558,"column":8},"end":{"line":561,"column":11}},"149":{"start":{"line":562,"column":8},"end":{"line":562,"column":15}},"150":{"start":{"line":565,"column":6},"end":{"line":571,"column":7}},"151":{"start":{"line":566,"column":8},"end":{"line":569,"column":11}},"152":{"start":{"line":570,"column":8},"end":{"line":570,"column":15}},"153":{"start":{"line":573,"column":21},"end":{"line":577,"column":8}},"154":{"start":{"line":580,"column":6},"end":{"line":583,"column":9}},"155":{"start":{"line":585,"column":6},"end":{"line":589,"column":9}},"156":{"start":{"line":591,"column":6},"end":{"line":591,"column":68}},"157":{"start":{"line":592,"column":6},"end":{"line":595,"column":9}},"158":{"start":{"line":603,"column":4},"end":{"line":670,"column":5}},"159":{"start":{"line":604,"column":32},"end":{"line":604,"column":41}},"160":{"start":{"line":605,"column":25},"end":{"line":605,"column":39}},"161":{"start":{"line":606,"column":24},"end":{"line":606,"column":34}},"162":{"start":{"line":607,"column":6},"end":{"line":607,"column":58}},"163":{"start":{"line":609,"column":52},"end":{"line":633,"column":8}},"164":{"start":{"line":635,"column":20},"end":{"line":635,"column":48}},"165":{"start":{"line":636,"column":28},"end":{"line":638,"column":8}},"166":{"start":{"line":640,"column":25},"end":{"line":657,"column":8}},"167":{"start":{"line":643,"column":40},"end":{"line":643,"column":62}},"168":{"start":{"line":644,"column":43},"end":{"line":644,"column":69}},"169":{"start":{"line":645,"column":41},"end":{"line":645,"column":64}},"170":{"start":{"line":646,"column":39},"end":{"line":646,"column":60}},"171":{"start":{"line":651,"column":41},"end":{"line":651,"column":63}},"172":{"start":{"line":652,"column":44},"end":{"line":652,"column":70}},"173":{"start":{"line":653,"column":42},"end":{"line":653,"column":65}},"174":{"start":{"line":654,"column":40},"end":{"line":654,"column":61}},"175":{"start":{"line":659,"column":6},"end":{"line":663,"column":9}},"176":{"start":{"line":665,"column":6},"end":{"line":665,"column":72}},"177":{"start":{"line":666,"column":6},"end":{"line":669,"column":9}},"178":{"start":{"line":36,"column":0},"end":{"line":36,"column":13}},"179":{"start":{"line":674,"column":0},"end":{"line":674,"column":33}}},"fnMap":{"0":{"name":"(anonymous_1)","decl":{"start":{"line":40,"column":2},"end":{"line":40,"column":8}},"loc":{"start":{"line":40,"column":56},"end":{"line":145,"column":3}}},"1":{"name":"(anonymous_2)","decl":{"start":{"line":150,"column":2},"end":{"line":150,"column":8}},"loc":{"start":{"line":150,"column":54},"end":{"line":248,"column":3}}},"2":{"name":"(anonymous_3)","decl":{"start":{"line":219,"column":28},"end":{"line":219,"column":29}},"loc":{"start":{"line":219,"column":33},"end":{"line":219,"column":55}}},"3":{"name":"(anonymous_4)","decl":{"start":{"line":220,"column":31},"end":{"line":220,"column":32}},"loc":{"start":{"line":220,"column":36},"end":{"line":220,"column":62}}},"4":{"name":"(anonymous_5)","decl":{"start":{"line":221,"column":29},"end":{"line":221,"column":30}},"loc":{"start":{"line":221,"column":34},"end":{"line":221,"column":57}}},"5":{"name":"(anonymous_6)","decl":{"start":{"line":222,"column":27},"end":{"line":222,"column":28}},"loc":{"start":{"line":222,"column":32},"end":{"line":222,"column":53}}},"6":{"name":"(anonymous_7)","decl":{"start":{"line":253,"column":2},"end":{"line":253,"column":8}},"loc":{"start":{"line":253,"column":57},"end":{"line":292,"column":3}}},"7":{"name":"(anonymous_8)","decl":{"start":{"line":297,"column":2},"end":{"line":297,"column":8}},"loc":{"start":{"line":297,"column":53},"end":{"line":354,"column":3}}},"8":{"name":"(anonymous_9)","decl":{"start":{"line":359,"column":2},"end":{"line":359,"column":8}},"loc":{"start":{"line":359,"column":61},"end":{"line":408,"column":3}}},"9":{"name":"(anonymous_10)","decl":{"start":{"line":413,"column":2},"end":{"line":413,"column":8}},"loc":{"start":{"line":413,"column":57},"end":{"line":494,"column":3}}},"10":{"name":"(anonymous_11)","decl":{"start":{"line":499,"column":2},"end":{"line":499,"column":8}},"loc":{"start":{"line":499,"column":56},"end":{"line":547,"column":3}}},"11":{"name":"(anonymous_12)","decl":{"start":{"line":552,"column":2},"end":{"line":552,"column":8}},"loc":{"start":{"line":552,"column":65},"end":{"line":597,"column":3}}},"12":{"name":"(anonymous_13)","decl":{"start":{"line":602,"column":2},"end":{"line":602,"column":8}},"loc":{"start":{"line":602,"column":58},"end":{"line":671,"column":3}}},"13":{"name":"(anonymous_14)","decl":{"start":{"line":643,"column":35},"end":{"line":643,"column":36}},"loc":{"start":{"line":643,"column":40},"end":{"line":643,"column":62}}},"14":{"name":"(anonymous_15)","decl":{"start":{"line":644,"column":38},"end":{"line":644,"column":39}},"loc":{"start":{"line":644,"column":43},"end":{"line":644,"column":69}}},"15":{"name":"(anonymous_16)","decl":{"start":{"line":645,"column":36},"end":{"line":645,"column":37}},"loc":{"start":{"line":645,"column":41},"end":{"line":645,"column":64}}},"16":{"name":"(anonymous_17)","decl":{"start":{"line":646,"column":34},"end":{"line":646,"column":35}},"loc":{"start":{"line":646,"column":39},"end":{"line":646,"column":60}}},"17":{"name":"(anonymous_18)","decl":{"start":{"line":651,"column":36},"end":{"line":651,"column":37}},"loc":{"start":{"line":651,"column":41},"end":{"line":651,"column":63}}},"18":{"name":"(anonymous_19)","decl":{"start":{"line":652,"column":39},"end":{"line":652,"column":40}},"loc":{"start":{"line":652,"column":44},"end":{"line":652,"column":70}}},"19":{"name":"(anonymous_20)","decl":{"start":{"line":653,"column":37},"end":{"line":653,"column":38}},"loc":{"start":{"line":653,"column":42},"end":{"line":653,"column":65}}},"20":{"name":"(anonymous_21)","decl":{"start":{"line":654,"column":35},"end":{"line":654,"column":36}},"loc":{"start":{"line":654,"column":40},"end":{"line":654,"column":61}}}},"branchMap":{"0":{"loc":{"start":{"line":45,"column":6},"end":{"line":51,"column":7}},"type":"if","locations":[{"start":{"line":45,"column":6},"end":{"line":51,"column":7}}]},"1":{"loc":{"start":{"line":45,"column":10},"end":{"line":45,"column":49}},"type":"binary-expr","locations":[{"start":{"line":45,"column":10},"end":{"line":45,"column":15}},{"start":{"line":45,"column":19},"end":{"line":45,"column":25}},{"start":{"line":45,"column":29},"end":{"line":45,"column":37}},{"start":{"line":45,"column":41},"end":{"line":45,"column":49}}]},"2":{"loc":{"start":{"line":55,"column":6},"end":{"line":61,"column":7}},"type":"if","locations":[{"start":{"line":55,"column":6},"end":{"line":61,"column":7}}]},"3":{"loc":{"start":{"line":64,"column":6},"end":{"line":70,"column":7}},"type":"if","locations":[{"start":{"line":64,"column":6},"end":{"line":70,"column":7}}]},"4":{"loc":{"start":{"line":72,"column":6},"end":{"line":78,"column":7}},"type":"if","locations":[{"start":{"line":72,"column":6},"end":{"line":78,"column":7}}]},"5":{"loc":{"start":{"line":81,"column":6},"end":{"line":90,"column":7}},"type":"if","locations":[{"start":{"line":81,"column":6},"end":{"line":90,"column":7}}]},"6":{"loc":{"start":{"line":83,"column":8},"end":{"line":89,"column":9}},"type":"if","locations":[{"start":{"line":83,"column":8},"end":{"line":89,"column":9}}]},"7":{"loc":{"start":{"line":103,"column":6},"end":{"line":109,"column":7}},"type":"if","locations":[{"start":{"line":103,"column":6},"end":{"line":109,"column":7}}]},"8":{"loc":{"start":{"line":116,"column":17},"end":{"line":116,"column":38}},"type":"binary-expr","locations":[{"start":{"line":116,"column":17},"end":{"line":116,"column":30}},{"start":{"line":116,"column":34},"end":{"line":116,"column":38}}]},"9":{"loc":{"start":{"line":157,"column":8},"end":{"line":157,"column":16}},"type":"default-arg","locations":[{"start":{"line":157,"column":15},"end":{"line":157,"column":16}}]},"10":{"loc":{"start":{"line":158,"column":8},"end":{"line":158,"column":18}},"type":"default-arg","locations":[{"start":{"line":158,"column":16},"end":{"line":158,"column":18}}]},"11":{"loc":{"start":{"line":159,"column":8},"end":{"line":159,"column":28}},"type":"default-arg","locations":[{"start":{"line":159,"column":17},"end":{"line":159,"column":28}}]},"12":{"loc":{"start":{"line":160,"column":8},"end":{"line":160,"column":26}},"type":"default-arg","locations":[{"start":{"line":160,"column":20},"end":{"line":160,"column":26}}]},"13":{"loc":{"start":{"line":169,"column":6},"end":{"line":176,"column":7}},"type":"if","locations":[{"start":{"line":169,"column":6},"end":{"line":176,"column":7}}]},"14":{"loc":{"start":{"line":178,"column":6},"end":{"line":180,"column":7}},"type":"if","locations":[{"start":{"line":178,"column":6},"end":{"line":180,"column":7}}]},"15":{"loc":{"start":{"line":182,"column":6},"end":{"line":192,"column":7}},"type":"if","locations":[{"start":{"line":182,"column":6},"end":{"line":192,"column":7}}]},"16":{"loc":{"start":{"line":182,"column":10},"end":{"line":182,"column":28}},"type":"binary-expr","locations":[{"start":{"line":182,"column":10},"end":{"line":182,"column":18}},{"start":{"line":182,"column":22},"end":{"line":182,"column":28}}]},"17":{"loc":{"start":{"line":184,"column":8},"end":{"line":186,"column":9}},"type":"if","locations":[{"start":{"line":184,"column":8},"end":{"line":186,"column":9}}]},"18":{"loc":{"start":{"line":187,"column":8},"end":{"line":191,"column":9}},"type":"if","locations":[{"start":{"line":187,"column":8},"end":{"line":191,"column":9}}]},"19":{"loc":{"start":{"line":219,"column":17},"end":{"line":219,"column":69}},"type":"binary-expr","locations":[{"start":{"line":219,"column":17},"end":{"line":219,"column":64}},{"start":{"line":219,"column":68},"end":{"line":219,"column":69}}]},"20":{"loc":{"start":{"line":220,"column":20},"end":{"line":220,"column":76}},"type":"binary-expr","locations":[{"start":{"line":220,"column":20},"end":{"line":220,"column":71}},{"start":{"line":220,"column":75},"end":{"line":220,"column":76}}]},"21":{"loc":{"start":{"line":221,"column":18},"end":{"line":221,"column":71}},"type":"binary-expr","locations":[{"start":{"line":221,"column":18},"end":{"line":221,"column":66}},{"start":{"line":221,"column":70},"end":{"line":221,"column":71}}]},"22":{"loc":{"start":{"line":222,"column":16},"end":{"line":222,"column":67}},"type":"binary-expr","locations":[{"start":{"line":222,"column":16},"end":{"line":222,"column":62}},{"start":{"line":222,"column":66},"end":{"line":222,"column":67}}]},"23":{"loc":{"start":{"line":258,"column":6},"end":{"line":264,"column":7}},"type":"if","locations":[{"start":{"line":258,"column":6},"end":{"line":264,"column":7}}]},"24":{"loc":{"start":{"line":270,"column":6},"end":{"line":276,"column":7}},"type":"if","locations":[{"start":{"line":270,"column":6},"end":{"line":276,"column":7}}]},"25":{"loc":{"start":{"line":302,"column":6},"end":{"line":308,"column":7}},"type":"if","locations":[{"start":{"line":302,"column":6},"end":{"line":308,"column":7}}]},"26":{"loc":{"start":{"line":314,"column":6},"end":{"line":320,"column":7}},"type":"if","locations":[{"start":{"line":314,"column":6},"end":{"line":320,"column":7}}]},"27":{"loc":{"start":{"line":322,"column":6},"end":{"line":328,"column":7}},"type":"if","locations":[{"start":{"line":322,"column":6},"end":{"line":328,"column":7}}]},"28":{"loc":{"start":{"line":364,"column":6},"end":{"line":370,"column":7}},"type":"if","locations":[{"start":{"line":364,"column":6},"end":{"line":370,"column":7}}]},"29":{"loc":{"start":{"line":364,"column":10},"end":{"line":364,"column":78}},"type":"binary-expr","locations":[{"start":{"line":364,"column":10},"end":{"line":364,"column":21}},{"start":{"line":364,"column":25},"end":{"line":364,"column":51}},{"start":{"line":364,"column":55},"end":{"line":364,"column":78}}]},"30":{"loc":{"start":{"line":372,"column":6},"end":{"line":378,"column":7}},"type":"if","locations":[{"start":{"line":372,"column":6},"end":{"line":378,"column":7}}]},"31":{"loc":{"start":{"line":419,"column":6},"end":{"line":425,"column":7}},"type":"if","locations":[{"start":{"line":419,"column":6},"end":{"line":425,"column":7}}]},"32":{"loc":{"start":{"line":427,"column":6},"end":{"line":433,"column":7}},"type":"if","locations":[{"start":{"line":427,"column":6},"end":{"line":433,"column":7}}]},"33":{"loc":{"start":{"line":435,"column":6},"end":{"line":441,"column":7}},"type":"if","locations":[{"start":{"line":435,"column":6},"end":{"line":441,"column":7}}]},"34":{"loc":{"start":{"line":447,"column":6},"end":{"line":453,"column":7}},"type":"if","locations":[{"start":{"line":447,"column":6},"end":{"line":453,"column":7}}]},"35":{"loc":{"start":{"line":504,"column":6},"end":{"line":510,"column":7}},"type":"if","locations":[{"start":{"line":504,"column":6},"end":{"line":510,"column":7}}]},"36":{"loc":{"start":{"line":516,"column":6},"end":{"line":522,"column":7}},"type":"if","locations":[{"start":{"line":516,"column":6},"end":{"line":522,"column":7}}]},"37":{"loc":{"start":{"line":557,"column":6},"end":{"line":563,"column":7}},"type":"if","locations":[{"start":{"line":557,"column":6},"end":{"line":563,"column":7}}]},"38":{"loc":{"start":{"line":557,"column":10},"end":{"line":557,"column":78}},"type":"binary-expr","locations":[{"start":{"line":557,"column":10},"end":{"line":557,"column":21}},{"start":{"line":557,"column":25},"end":{"line":557,"column":51}},{"start":{"line":557,"column":55},"end":{"line":557,"column":78}}]},"39":{"loc":{"start":{"line":565,"column":6},"end":{"line":571,"column":7}},"type":"if","locations":[{"start":{"line":565,"column":6},"end":{"line":571,"column":7}}]},"40":{"loc":{"start":{"line":604,"column":14},"end":{"line":604,"column":27}},"type":"default-arg","locations":[{"start":{"line":604,"column":23},"end":{"line":604,"column":27}}]},"41":{"loc":{"start":{"line":643,"column":19},"end":{"line":643,"column":76}},"type":"binary-expr","locations":[{"start":{"line":643,"column":19},"end":{"line":643,"column":71}},{"start":{"line":643,"column":75},"end":{"line":643,"column":76}}]},"42":{"loc":{"start":{"line":644,"column":22},"end":{"line":644,"column":83}},"type":"binary-expr","locations":[{"start":{"line":644,"column":22},"end":{"line":644,"column":78}},{"start":{"line":644,"column":82},"end":{"line":644,"column":83}}]},"43":{"loc":{"start":{"line":645,"column":20},"end":{"line":645,"column":78}},"type":"binary-expr","locations":[{"start":{"line":645,"column":20},"end":{"line":645,"column":73}},{"start":{"line":645,"column":77},"end":{"line":645,"column":78}}]},"44":{"loc":{"start":{"line":646,"column":18},"end":{"line":646,"column":74}},"type":"binary-expr","locations":[{"start":{"line":646,"column":18},"end":{"line":646,"column":69}},{"start":{"line":646,"column":73},"end":{"line":646,"column":74}}]},"45":{"loc":{"start":{"line":651,"column":19},"end":{"line":651,"column":77}},"type":"binary-expr","locations":[{"start":{"line":651,"column":19},"end":{"line":651,"column":72}},{"start":{"line":651,"column":76},"end":{"line":651,"column":77}}]},"46":{"loc":{"start":{"line":652,"column":22},"end":{"line":652,"column":84}},"type":"binary-expr","locations":[{"start":{"line":652,"column":22},"end":{"line":652,"column":79}},{"start":{"line":652,"column":83},"end":{"line":652,"column":84}}]},"47":{"loc":{"start":{"line":653,"column":20},"end":{"line":653,"column":79}},"type":"binary-expr","locations":[{"start":{"line":653,"column":20},"end":{"line":653,"column":74}},{"start":{"line":653,"column":78},"end":{"line":653,"column":79}}]},"48":{"loc":{"start":{"line":654,"column":18},"end":{"line":654,"column":75}},"type":"binary-expr","locations":[{"start":{"line":654,"column":18},"end":{"line":654,"column":70}},{"start":{"line":654,"column":74},"end":{"line":654,"column":75}}]}},"s":{"0":0,"1":0,"2":0,"3":0,"4":0,"5":0,"6":0,"7":0,"8":0,"9":0,"10":0,"11":0,"12":0,"13":0,"14":0,"15":0,"16":0,"17":0,"18":0,"19":0,"20":0,"21":0,"22":0,"23":0,"24":0,"25":0,"26":0,"27":0,"28":0,"29":0,"30":0,"31":0,"32":0,"33":0,"34":0,"35":0,"36":0,"37":0,"38":0,"39":0,"40":0,"41":0,"42":0,"43":0,"44":0,"45":0,"46":0,"47":0,"48":0,"49":0,"50":0,"51":0,"52":0,"53":0,"54":0,"55":0,"56":0,"57":0,"58":0,"59":0,"60":0,"61":0,"62":0,"63":0,"64":0,"65":0,"66":0,"67":0,"68":0,"69":0,"70":0,"71":0,"72":0,"73":0,"74":0,"75":0,"76":0,"77":0,"78":0,"79":0,"80":0,"81":0,"82":0,"83":0,"84":0,"85":0,"86":0,"87":0,"88":0,"89":0,"90":0,"91":0,"92":0,"93":0,"94":0,"95":0,"96":0,"97":0,"98":0,"99":0,"100":0,"101":0,"102":0,"103":0,"104":0,"105":0,"106":0,"107":0,"108":0,"109":0,"110":0,"111":0,"112":0,"113":0,"114":0,"115":0,"116":0,"117":0,"118":0,"119":0,"120":0,"121":0,"122":0,"123":0,"124":0,"125":0,"126":0,"127":0,"128":0,"129":0,"130":0,"131":0,"132":0,"133":0,"134":0,"135":0,"136":0,"137":0,"138":0,"139":0,"140":0,"141":0,"142":0,"143":0,"144":0,"145":0,"146":0,"147":0,"148":0,"149":0,"150":0,"151":0,"152":0,"153":0,"154":0,"155":0,"156":0,"157":0,"158":0,"159":0,"160":0,"161":0,"162":0,"163":0,"164":0,"165":0,"166":0,"167":0,"168":0,"169":0,"170":0,"171":0,"172":0,"173":0,"174":0,"175":0,"176":0,"177":0,"178":0,"179":0},"f":{"0":0,"1":0,"2":0,"3":0,"4":0,"5":0,"6":0,"7":0,"8":0,"9":0,"10":0,"11":0,"12":0,"13":0,"14":0,"15":0,"16":0,"17":0,"18":0,"19":0,"20":0},"b":{"0":[0],"1":[0,0,0,0],"2":[0],"3":[0],"4":[0],"5":[0],"6":[0],"7":[0],"8":[0,0],"9":[0],"10":[0],"11":[0],"12":[0],"13":[0],"14":[0],"15":[0],"16":[0,0],"17":[0],"18":[0],"19":[0,0],"20":[0,0],"21":[0,0],"22":[0,0],"23":[0],"24":[0],"25":[0],"26":[0],"27":[0],"28":[0],"29":[0,0,0],"30":[0],"31":[0],"32":[0],"33":[0],"34":[0],"35":[0],"36":[0],"37":[0],"38":[0,0,0],"39":[0],"40":[0],"41":[0,0],"42":[0,0],"43":[0,0],"44":[0,0],"45":[0,0],"46":[0,0],"47":[0,0],"48":[0,0]}}
,"D:\\DEV\\contabilidadeigrejinha\\backend\\src\\middlewares\\auth.ts": {"path":"D:\\DEV\\contabilidadeigrejinha\\backend\\src\\middlewares\\auth.ts","statementMap":{"0":{"start":{"line":3,"column":0},"end":{"line":3,"column":54}},"1":{"start":{"line":4,"column":0},"end":{"line":4,"column":37}},"2":{"start":{"line":25,"column":33},"end":{"line":79,"column":1}},"3":{"start":{"line":30,"column":2},"end":{"line":78,"column":3}},"4":{"start":{"line":31,"column":23},"end":{"line":31,"column":48}},"5":{"start":{"line":32,"column":18},"end":{"line":32,"column":56}},"6":{"start":{"line":34,"column":4},"end":{"line":40,"column":5}},"7":{"start":{"line":35,"column":6},"end":{"line":38,"column":9}},"8":{"start":{"line":39,"column":6},"end":{"line":39,"column":13}},"9":{"start":{"line":43,"column":20},"end":{"line":43,"column":62}},"10":{"start":{"line":45,"column":4},"end":{"line":51,"column":5}},"11":{"start":{"line":46,"column":6},"end":{"line":49,"column":9}},"12":{"start":{"line":50,"column":6},"end":{"line":50,"column":13}},"13":{"start":{"line":54,"column":17},"end":{"line":54,"column":62}},"14":{"start":{"line":56,"column":4},"end":{"line":62,"column":5}},"15":{"start":{"line":57,"column":6},"end":{"line":60,"column":9}},"16":{"start":{"line":61,"column":6},"end":{"line":61,"column":13}},"17":{"start":{"line":65,"column":4},"end":{"line":69,"column":6}},"18":{"start":{"line":71,"column":4},"end":{"line":71,"column":11}},"19":{"start":{"line":73,"column":4},"end":{"line":73,"column":67}},"20":{"start":{"line":74,"column":4},"end":{"line":77,"column":7}},"21":{"start":{"line":25,"column":13},"end":{"line":25,"column":33}},"22":{"start":{"line":84,"column":27},"end":{"line":106,"column":1}},"23":{"start":{"line":85,"column":2},"end":{"line":105,"column":4}},"24":{"start":{"line":86,"column":17},"end":{"line":86,"column":25}},"25":{"start":{"line":88,"column":4},"end":{"line":94,"column":5}},"26":{"start":{"line":89,"column":6},"end":{"line":92,"column":9}},"27":{"start":{"line":93,"column":6},"end":{"line":93,"column":13}},"28":{"start":{"line":96,"column":4},"end":{"line":102,"column":5}},"29":{"start":{"line":97,"column":6},"end":{"line":100,"column":9}},"30":{"start":{"line":101,"column":6},"end":{"line":101,"column":13}},"31":{"start":{"line":104,"column":4},"end":{"line":104,"column":11}},"32":{"start":{"line":84,"column":13},"end":{"line":84,"column":27}},"33":{"start":{"line":111,"column":13},"end":{"line":111,"column":51}},"34":{"start":{"line":116,"column":13},"end":{"line":116,"column":75}},"35":{"start":{"line":121,"column":13},"end":{"line":121,"column":46}},"36":{"start":{"line":122,"column":25},"end":{"line":124,"column":1}},"37":{"start":{"line":123,"column":2},"end":{"line":123,"column":28}},"38":{"start":{"line":122,"column":13},"end":{"line":122,"column":25}},"39":{"start":{"line":125,"column":37},"end":{"line":147,"column":1}},"40":{"start":{"line":126,"column":15},"end":{"line":126,"column":23}},"41":{"start":{"line":127,"column":25},"end":{"line":127,"column":59}},"42":{"start":{"line":129,"column":2},"end":{"line":135,"column":3}},"43":{"start":{"line":130,"column":4},"end":{"line":133,"column":7}},"44":{"start":{"line":134,"column":4},"end":{"line":134,"column":11}},"45":{"start":{"line":138,"column":2},"end":{"line":141,"column":3}},"46":{"start":{"line":139,"column":4},"end":{"line":139,"column":11}},"47":{"start":{"line":140,"column":4},"end":{"line":140,"column":11}},"48":{"start":{"line":143,"column":2},"end":{"line":146,"column":5}},"49":{"start":{"line":125,"column":13},"end":{"line":125,"column":37}}},"fnMap":{"0":{"name":"(anonymous_1)","decl":{"start":{"line":25,"column":33},"end":{"line":25,"column":38}},"loc":{"start":{"line":29,"column":19},"end":{"line":79,"column":1}}},"1":{"name":"(anonymous_2)","decl":{"start":{"line":84,"column":27},"end":{"line":84,"column":28}},"loc":{"start":{"line":84,"column":47},"end":{"line":106,"column":1}}},"2":{"name":"(anonymous_3)","decl":{"start":{"line":85,"column":9},"end":{"line":85,"column":10}},"loc":{"start":{"line":85,"column":67},"end":{"line":105,"column":3}}},"3":{"name":"(anonymous_4)","decl":{"start":{"line":122,"column":25},"end":{"line":122,"column":26}},"loc":{"start":{"line":122,"column":48},"end":{"line":124,"column":1}}},"4":{"name":"(anonymous_5)","decl":{"start":{"line":125,"column":37},"end":{"line":125,"column":38}},"loc":{"start":{"line":125,"column":95},"end":{"line":147,"column":1}}}},"branchMap":{"0":{"loc":{"start":{"line":32,"column":18},"end":{"line":32,"column":56}},"type":"binary-expr","locations":[{"start":{"line":32,"column":18},"end":{"line":32,"column":28}},{"start":{"line":32,"column":32},"end":{"line":32,"column":56}}]},"1":{"loc":{"start":{"line":34,"column":4},"end":{"line":40,"column":5}},"type":"if","locations":[{"start":{"line":34,"column":4},"end":{"line":40,"column":5}}]},"2":{"loc":{"start":{"line":45,"column":4},"end":{"line":51,"column":5}},"type":"if","locations":[{"start":{"line":45,"column":4},"end":{"line":51,"column":5}}]},"3":{"loc":{"start":{"line":56,"column":4},"end":{"line":62,"column":5}},"type":"if","locations":[{"start":{"line":56,"column":4},"end":{"line":62,"column":5}}]},"4":{"loc":{"start":{"line":88,"column":4},"end":{"line":94,"column":5}},"type":"if","locations":[{"start":{"line":88,"column":4},"end":{"line":94,"column":5}}]},"5":{"loc":{"start":{"line":96,"column":4},"end":{"line":102,"column":5}},"type":"if","locations":[{"start":{"line":96,"column":4},"end":{"line":102,"column":5}}]},"6":{"loc":{"start":{"line":127,"column":25},"end":{"line":127,"column":59}},"type":"binary-expr","locations":[{"start":{"line":127,"column":25},"end":{"line":127,"column":38}},{"start":{"line":127,"column":42},"end":{"line":127,"column":59}}]},"7":{"loc":{"start":{"line":129,"column":2},"end":{"line":135,"column":3}},"type":"if","locations":[{"start":{"line":129,"column":2},"end":{"line":135,"column":3}}]},"8":{"loc":{"start":{"line":138,"column":2},"end":{"line":141,"column":3}},"type":"if","locations":[{"start":{"line":138,"column":2},"end":{"line":141,"column":3}}]},"9":{"loc":{"start":{"line":138,"column":6},"end":{"line":138,"column":57}},"type":"binary-expr","locations":[{"start":{"line":138,"column":6},"end":{"line":138,"column":27}},{"start":{"line":138,"column":31},"end":{"line":138,"column":57}}]}},"s":{"0":0,"1":0,"2":0,"3":0,"4":0,"5":0,"6":0,"7":0,"8":0,"9":0,"10":0,"11":0,"12":0,"13":0,"14":0,"15":0,"16":0,"17":0,"18":0,"19":0,"20":0,"21":0,"22":0,"23":0,"24":0,"25":0,"26":0,"27":0,"28":0,"29":0,"30":0,"31":0,"32":0,"33":0,"34":0,"35":0,"36":0,"37":0,"38":0,"39":0,"40":0,"41":0,"42":0,"43":0,"44":0,"45":0,"46":0,"47":0,"48":0,"49":0},"f":{"0":0,"1":0,"2":0,"3":0,"4":0},"b":{"0":[0,0],"1":[0],"2":[0],"3":[0],"4":[0],"5":[0],"6":[0,0],"7":[0],"8":[0],"9":[0,0]}}
,"D:\\DEV\\contabilidadeigrejinha\\backend\\src\\middlewares\\cache.ts": {"path":"D:\\DEV\\contabilidadeigrejinha\\backend\\src\\middlewares\\cache.ts","statementMap":{"0":{"start":{"line":33,"column":0},"end":{"line":33,"column":16}},"1":{"start":{"line":97,"column":0},"end":{"line":97,"column":16}},"2":{"start":{"line":115,"column":0},"end":{"line":115,"column":16}},"3":{"start":{"line":129,"column":0},"end":{"line":129,"column":16}},"4":{"start":{"line":145,"column":0},"end":{"line":145,"column":16}},"5":{"start":{"line":171,"column":0},"end":{"line":171,"column":16}},"6":{"start":{"line":182,"column":0},"end":{"line":182,"column":16}},"7":{"start":{"line":189,"column":0},"end":{"line":189,"column":16}},"8":{"start":{"line":2,"column":0},"end":{"line":2,"column":56}},"9":{"start":{"line":3,"column":0},"end":{"line":3,"column":37}},"10":{"start":{"line":21,"column":47},"end":{"line":21,"column":50}},"11":{"start":{"line":22,"column":18},"end":{"line":22,"column":49}},"12":{"start":{"line":23,"column":22},"end":{"line":23,"column":80}},"13":{"start":{"line":25,"column":2},"end":{"line":25,"column":67}},"14":{"start":{"line":39,"column":6},"end":{"line":39,"column":13}},"15":{"start":{"line":37,"column":22},"end":{"line":37,"column":26}},"16":{"start":{"line":38,"column":22},"end":{"line":38,"column":27}},"17":{"start":{"line":41,"column":2},"end":{"line":90,"column":4}},"18":{"start":{"line":42,"column":4},"end":{"line":89,"column":5}},"19":{"start":{"line":44,"column":6},"end":{"line":46,"column":7}},"20":{"start":{"line":45,"column":8},"end":{"line":45,"column":22}},"21":{"start":{"line":49,"column":6},"end":{"line":51,"column":7}},"22":{"start":{"line":50,"column":8},"end":{"line":50,"column":22}},"23":{"start":{"line":53,"column":23},"end":{"line":53,"column":40}},"24":{"start":{"line":56,"column":25},"end":{"line":56,"column":57}},"25":{"start":{"line":58,"column":6},"end":{"line":61,"column":7}},"26":{"start":{"line":59,"column":8},"end":{"line":59,"column":55}},"27":{"start":{"line":60,"column":8},"end":{"line":60,"column":36}},"28":{"start":{"line":64,"column":27},"end":{"line":64,"column":35}},"29":{"start":{"line":67,"column":6},"end":{"line":70,"column":8}},"30":{"start":{"line":68,"column":8},"end":{"line":68,"column":28}},"31":{"start":{"line":69,"column":8},"end":{"line":69,"column":45}},"32":{"start":{"line":73,"column":6},"end":{"line":83,"column":9}},"33":{"start":{"line":74,"column":8},"end":{"line":82,"column":9}},"34":{"start":{"line":76,"column":10},"end":{"line":79,"column":11}},"35":{"start":{"line":77,"column":12},"end":{"line":77,"column":64}},"36":{"start":{"line":78,"column":12},"end":{"line":78,"column":59}},"37":{"start":{"line":81,"column":10},"end":{"line":81,"column":54}},"38":{"start":{"line":85,"column":6},"end":{"line":85,"column":13}},"39":{"start":{"line":87,"column":6},"end":{"line":87,"column":53}},"40":{"start":{"line":88,"column":6},"end":{"line":88,"column":13}},"41":{"start":{"line":98,"column":2},"end":{"line":108,"column":5}},"42":{"start":{"line":101,"column":22},"end":{"line":101,"column":57}},"43":{"start":{"line":102,"column":6},"end":{"line":102,"column":49}},"44":{"start":{"line":106,"column":6},"end":{"line":106,"column":33}},"45":{"start":{"line":116,"column":2},"end":{"line":122,"column":5}},"46":{"start":{"line":119,"column":6},"end":{"line":119,"column":70}},"47":{"start":{"line":121,"column":21},"end":{"line":121,"column":25}},"48":{"start":{"line":130,"column":2},"end":{"line":138,"column":5}},"49":{"start":{"line":133,"column":27},"end":{"line":133,"column":37}},"50":{"start":{"line":134,"column":25},"end":{"line":134,"column":54}},"51":{"start":{"line":135,"column":6},"end":{"line":135,"column":66}},"52":{"start":{"line":137,"column":21},"end":{"line":137,"column":25}},"53":{"start":{"line":146,"column":2},"end":{"line":164,"column":4}},"54":{"start":{"line":147,"column":4},"end":{"line":163,"column":5}},"55":{"start":{"line":149,"column":6},"end":{"line":149,"column":13}},"56":{"start":{"line":152,"column":6},"end":{"line":159,"column":9}},"57":{"start":{"line":153,"column":8},"end":{"line":158,"column":9}},"58":{"start":{"line":154,"column":10},"end":{"line":157,"column":11}},"59":{"start":{"line":155,"column":12},"end":{"line":155,"column":51}},"60":{"start":{"line":156,"column":12},"end":{"line":156,"column":70}},"61":{"start":{"line":161,"column":6},"end":{"line":161,"column":66}},"62":{"start":{"line":162,"column":6},"end":{"line":162,"column":13}},"63":{"start":{"line":172,"column":2},"end":{"line":176,"column":4}},"64":{"start":{"line":173,"column":20},"end":{"line":173,"column":69}},"65":{"start":{"line":174,"column":23},"end":{"line":174,"column":59}},"66":{"start":{"line":175,"column":4},"end":{"line":175,"column":38}},"67":{"start":{"line":183,"column":2},"end":{"line":183,"column":49}},"68":{"start":{"line":190,"column":2},"end":{"line":190,"column":50}}},"fnMap":{"0":{"name":"generateDefaultCacheKey","decl":{"start":{"line":20,"column":9},"end":{"line":20,"column":32}},"loc":{"start":{"line":20,"column":45},"end":{"line":26,"column":1}}},"1":{"name":"cacheMiddleware","decl":{"start":{"line":33,"column":16},"end":{"line":33,"column":31}},"loc":{"start":{"line":33,"column":58},"end":{"line":91,"column":1}}},"2":{"name":"(anonymous_3)","decl":{"start":{"line":37,"column":16},"end":{"line":37,"column":19}},"loc":{"start":{"line":37,"column":22},"end":{"line":37,"column":26}}},"3":{"name":"(anonymous_4)","decl":{"start":{"line":38,"column":16},"end":{"line":38,"column":19}},"loc":{"start":{"line":38,"column":22},"end":{"line":38,"column":27}}},"4":{"name":"(anonymous_5)","decl":{"start":{"line":41,"column":9},"end":{"line":41,"column":14}},"loc":{"start":{"line":41,"column":67},"end":{"line":90,"column":3}}},"5":{"name":"(anonymous_6)","decl":{"start":{"line":67,"column":17},"end":{"line":67,"column":26}},"loc":{"start":{"line":67,"column":35},"end":{"line":70,"column":7}}},"6":{"name":"(anonymous_7)","decl":{"start":{"line":73,"column":23},"end":{"line":73,"column":28}},"loc":{"start":{"line":73,"column":34},"end":{"line":83,"column":7}}},"7":{"name":"userCacheMiddleware","decl":{"start":{"line":97,"column":16},"end":{"line":97,"column":35}},"loc":{"start":{"line":97,"column":53},"end":{"line":109,"column":1}}},"8":{"name":"(anonymous_9)","decl":{"start":{"line":100,"column":18},"end":{"line":100,"column":19}},"loc":{"start":{"line":100,"column":26},"end":{"line":103,"column":5}}},"9":{"name":"(anonymous_10)","decl":{"start":{"line":104,"column":15},"end":{"line":104,"column":16}},"loc":{"start":{"line":104,"column":28},"end":{"line":107,"column":5}}},"10":{"name":"publicCacheMiddleware","decl":{"start":{"line":115,"column":16},"end":{"line":115,"column":37}},"loc":{"start":{"line":115,"column":56},"end":{"line":123,"column":1}}},"11":{"name":"(anonymous_12)","decl":{"start":{"line":118,"column":18},"end":{"line":118,"column":19}},"loc":{"start":{"line":118,"column":26},"end":{"line":120,"column":5}}},"12":{"name":"(anonymous_13)","decl":{"start":{"line":121,"column":15},"end":{"line":121,"column":18}},"loc":{"start":{"line":121,"column":21},"end":{"line":121,"column":25}}},"13":{"name":"articleCacheMiddleware","decl":{"start":{"line":129,"column":16},"end":{"line":129,"column":38}},"loc":{"start":{"line":129,"column":57},"end":{"line":139,"column":1}}},"14":{"name":"(anonymous_15)","decl":{"start":{"line":132,"column":18},"end":{"line":132,"column":19}},"loc":{"start":{"line":132,"column":26},"end":{"line":136,"column":5}}},"15":{"name":"(anonymous_16)","decl":{"start":{"line":137,"column":15},"end":{"line":137,"column":18}},"loc":{"start":{"line":137,"column":21},"end":{"line":137,"column":25}}},"16":{"name":"invalidateCacheMiddleware","decl":{"start":{"line":145,"column":16},"end":{"line":145,"column":41}},"loc":{"start":{"line":145,"column":60},"end":{"line":165,"column":1}}},"17":{"name":"(anonymous_18)","decl":{"start":{"line":146,"column":9},"end":{"line":146,"column":14}},"loc":{"start":{"line":146,"column":67},"end":{"line":164,"column":3}}},"18":{"name":"(anonymous_19)","decl":{"start":{"line":152,"column":23},"end":{"line":152,"column":28}},"loc":{"start":{"line":152,"column":34},"end":{"line":159,"column":7}}},"19":{"name":"invalidateUserCacheMiddleware","decl":{"start":{"line":171,"column":16},"end":{"line":171,"column":45}},"loc":{"start":{"line":171,"column":82},"end":{"line":177,"column":1}}},"20":{"name":"(anonymous_21)","decl":{"start":{"line":172,"column":9},"end":{"line":172,"column":10}},"loc":{"start":{"line":172,"column":61},"end":{"line":176,"column":3}}},"21":{"name":"invalidatePublicCacheMiddleware","decl":{"start":{"line":182,"column":16},"end":{"line":182,"column":47}},"loc":{"start":{"line":182,"column":47},"end":{"line":184,"column":1}}},"22":{"name":"invalidateArticleCacheMiddleware","decl":{"start":{"line":189,"column":16},"end":{"line":189,"column":48}},"loc":{"start":{"line":189,"column":48},"end":{"line":191,"column":1}}}},"branchMap":{"0":{"loc":{"start":{"line":22,"column":18},"end":{"line":22,"column":49}},"type":"binary-expr","locations":[{"start":{"line":22,"column":18},"end":{"line":22,"column":34}},{"start":{"line":22,"column":38},"end":{"line":22,"column":49}}]},"1":{"loc":{"start":{"line":23,"column":22},"end":{"line":23,"column":80}},"type":"cond-expr","locations":[{"start":{"line":23,"column":54},"end":{"line":23,"column":75}},{"start":{"line":23,"column":78},"end":{"line":23,"column":80}}]},"2":{"loc":{"start":{"line":33,"column":32},"end":{"line":33,"column":58}},"type":"default-arg","locations":[{"start":{"line":33,"column":56},"end":{"line":33,"column":58}}]},"3":{"loc":{"start":{"line":35,"column":4},"end":{"line":35,"column":13}},"type":"default-arg","locations":[{"start":{"line":35,"column":10},"end":{"line":35,"column":13}}]},"4":{"loc":{"start":{"line":36,"column":4},"end":{"line":36,"column":42}},"type":"default-arg","locations":[{"start":{"line":36,"column":19},"end":{"line":36,"column":42}}]},"5":{"loc":{"start":{"line":37,"column":4},"end":{"line":37,"column":26}},"type":"default-arg","locations":[{"start":{"line":37,"column":16},"end":{"line":37,"column":26}}]},"6":{"loc":{"start":{"line":38,"column":4},"end":{"line":38,"column":27}},"type":"default-arg","locations":[{"start":{"line":38,"column":16},"end":{"line":38,"column":27}}]},"7":{"loc":{"start":{"line":44,"column":6},"end":{"line":46,"column":7}},"type":"if","locations":[{"start":{"line":44,"column":6},"end":{"line":46,"column":7}}]},"8":{"loc":{"start":{"line":49,"column":6},"end":{"line":51,"column":7}},"type":"if","locations":[{"start":{"line":49,"column":6},"end":{"line":51,"column":7}}]},"9":{"loc":{"start":{"line":58,"column":6},"end":{"line":61,"column":7}},"type":"if","locations":[{"start":{"line":58,"column":6},"end":{"line":61,"column":7}}]},"10":{"loc":{"start":{"line":76,"column":10},"end":{"line":79,"column":11}},"type":"if","locations":[{"start":{"line":76,"column":10},"end":{"line":79,"column":11}}]},"11":{"loc":{"start":{"line":76,"column":14},"end":{"line":76,"column":98}},"type":"binary-expr","locations":[{"start":{"line":76,"column":14},"end":{"line":76,"column":35}},{"start":{"line":76,"column":39},"end":{"line":76,"column":59}},{"start":{"line":76,"column":63},"end":{"line":76,"column":82}},{"start":{"line":76,"column":86},"end":{"line":76,"column":98}}]},"12":{"loc":{"start":{"line":97,"column":36},"end":{"line":97,"column":53}},"type":"default-arg","locations":[{"start":{"line":97,"column":50},"end":{"line":97,"column":53}}]},"13":{"loc":{"start":{"line":101,"column":22},"end":{"line":101,"column":57}},"type":"binary-expr","locations":[{"start":{"line":101,"column":22},"end":{"line":101,"column":42}},{"start":{"line":101,"column":46},"end":{"line":101,"column":57}}]},"14":{"loc":{"start":{"line":115,"column":38},"end":{"line":115,"column":56}},"type":"default-arg","locations":[{"start":{"line":115,"column":52},"end":{"line":115,"column":56}}]},"15":{"loc":{"start":{"line":129,"column":39},"end":{"line":129,"column":57}},"type":"default-arg","locations":[{"start":{"line":129,"column":53},"end":{"line":129,"column":57}}]},"16":{"loc":{"start":{"line":134,"column":25},"end":{"line":134,"column":54}},"type":"binary-expr","locations":[{"start":{"line":134,"column":25},"end":{"line":134,"column":29}},{"start":{"line":134,"column":33},"end":{"line":134,"column":35}},{"start":{"line":134,"column":39},"end":{"line":134,"column":54}}]},"17":{"loc":{"start":{"line":153,"column":8},"end":{"line":158,"column":9}},"type":"if","locations":[{"start":{"line":153,"column":8},"end":{"line":158,"column":9}}]},"18":{"loc":{"start":{"line":153,"column":12},"end":{"line":153,"column":57}},"type":"binary-expr","locations":[{"start":{"line":153,"column":12},"end":{"line":153,"column":33}},{"start":{"line":153,"column":37},"end":{"line":153,"column":57}}]},"19":{"loc":{"start":{"line":173,"column":20},"end":{"line":173,"column":69}},"type":"cond-expr","locations":[{"start":{"line":173,"column":32},"end":{"line":173,"column":58}},{"start":{"line":173,"column":61},"end":{"line":173,"column":69}}]}},"s":{"0":1,"1":1,"2":1,"3":1,"4":1,"5":1,"6":1,"7":1,"8":1,"9":1,"10":4,"11":4,"12":4,"13":4,"14":12,"15":1,"16":11,"17":12,"18":12,"19":12,"20":1,"21":11,"22":1,"23":10,"24":10,"25":9,"26":1,"27":1,"28":8,"29":8,"30":0,"31":0,"32":8,"33":1,"34":1,"35":0,"36":0,"37":0,"38":8,"39":1,"40":1,"41":2,"42":2,"43":2,"44":0,"45":1,"46":1,"47":0,"48":2,"49":2,"50":2,"51":2,"52":0,"53":6,"54":6,"55":6,"56":6,"57":6,"58":5,"59":6,"60":6,"61":0,"62":0,"63":2,"64":2,"65":2,"66":2,"67":1,"68":1},"f":{"0":4,"1":12,"2":1,"3":11,"4":12,"5":0,"6":1,"7":2,"8":2,"9":0,"10":1,"11":1,"12":0,"13":2,"14":2,"15":0,"16":6,"17":6,"18":6,"19":2,"20":2,"21":1,"22":1},"b":{"0":[4,0],"1":[0,4],"2":[4],"3":[6],"4":[6],"5":[7],"6":[11],"7":[1],"8":[1],"9":[1],"10":[0],"11":[1,1,1,1],"12":[1],"13":[2,1],"14":[0],"15":[1],"16":[2,1,0],"17":[5],"18":[6,6],"19":[1,1]}}
,"D:\\DEV\\contabilidadeigrejinha\\backend\\src\\middlewares\\errorHandler.ts": {"path":"D:\\DEV\\contabilidadeigrejinha\\backend\\src\\middlewares\\errorHandler.ts","statementMap":{"0":{"start":{"line":2,"column":0},"end":{"line":2,"column":34}},"1":{"start":{"line":25,"column":4},"end":{"line":25,"column":19}},"2":{"start":{"line":26,"column":4},"end":{"line":26,"column":33}},"3":{"start":{"line":27,"column":4},"end":{"line":27,"column":21}},"4":{"start":{"line":28,"column":4},"end":{"line":28,"column":27}},"5":{"start":{"line":29,"column":4},"end":{"line":29,"column":39}},"6":{"start":{"line":31,"column":4},"end":{"line":31,"column":52}},"7":{"start":{"line":12,"column":0},"end":{"line":12,"column":13}},"8":{"start":{"line":36,"column":28},"end":{"line":113,"column":1}},"9":{"start":{"line":43,"column":2},"end":{"line":53,"column":5}},"10":{"start":{"line":56,"column":21},"end":{"line":56,"column":44}},"11":{"start":{"line":57,"column":15},"end":{"line":57,"column":45}},"12":{"start":{"line":60,"column":29},"end":{"line":69,"column":4}},"13":{"start":{"line":72,"column":2},"end":{"line":77,"column":3}},"14":{"start":{"line":73,"column":4},"end":{"line":73,"column":44}},"15":{"start":{"line":74,"column":4},"end":{"line":76,"column":5}},"16":{"start":{"line":75,"column":6},"end":{"line":75,"column":50}},"17":{"start":{"line":80,"column":2},"end":{"line":109,"column":3}},"18":{"start":{"line":82,"column":6},"end":{"line":82,"column":65}},"19":{"start":{"line":83,"column":6},"end":{"line":83,"column":12}},"20":{"start":{"line":85,"column":6},"end":{"line":85,"column":60}},"21":{"start":{"line":86,"column":6},"end":{"line":86,"column":12}},"22":{"start":{"line":88,"column":6},"end":{"line":88,"column":52}},"23":{"start":{"line":89,"column":6},"end":{"line":89,"column":12}},"24":{"start":{"line":91,"column":6},"end":{"line":91,"column":61}},"25":{"start":{"line":92,"column":6},"end":{"line":92,"column":12}},"26":{"start":{"line":94,"column":6},"end":{"line":94,"column":56}},"27":{"start":{"line":95,"column":6},"end":{"line":95,"column":12}},"28":{"start":{"line":97,"column":6},"end":{"line":97,"column":84}},"29":{"start":{"line":98,"column":6},"end":{"line":98,"column":12}},"30":{"start":{"line":100,"column":6},"end":{"line":100,"column":61}},"31":{"start":{"line":101,"column":6},"end":{"line":103,"column":7}},"32":{"start":{"line":102,"column":8},"end":{"line":102,"column":52}},"33":{"start":{"line":104,"column":6},"end":{"line":104,"column":12}},"34":{"start":{"line":106,"column":6},"end":{"line":108,"column":7}},"35":{"start":{"line":107,"column":8},"end":{"line":107,"column":65}},"36":{"start":{"line":112,"column":2},"end":{"line":112,"column":45}},"37":{"start":{"line":36,"column":13},"end":{"line":36,"column":28}},"38":{"start":{"line":116,"column":28},"end":{"line":122,"column":1}},"39":{"start":{"line":119,"column":2},"end":{"line":121,"column":4}},"40":{"start":{"line":120,"column":4},"end":{"line":120,"column":52}},"41":{"start":{"line":116,"column":13},"end":{"line":116,"column":28}},"42":{"start":{"line":125,"column":37},"end":{"line":127,"column":1}},"43":{"start":{"line":126,"column":2},"end":{"line":126,"column":65}},"44":{"start":{"line":125,"column":13},"end":{"line":125,"column":37}},"45":{"start":{"line":129,"column":39},"end":{"line":131,"column":1}},"46":{"start":{"line":130,"column":2},"end":{"line":130,"column":52}},"47":{"start":{"line":129,"column":13},"end":{"line":129,"column":39}},"48":{"start":{"line":133,"column":36},"end":{"line":135,"column":1}},"49":{"start":{"line":134,"column":2},"end":{"line":134,"column":49}},"50":{"start":{"line":133,"column":13},"end":{"line":133,"column":36}},"51":{"start":{"line":137,"column":35},"end":{"line":139,"column":1}},"52":{"start":{"line":138,"column":2},"end":{"line":138,"column":49}},"53":{"start":{"line":137,"column":13},"end":{"line":137,"column":35}},"54":{"start":{"line":141,"column":35},"end":{"line":143,"column":1}},"55":{"start":{"line":142,"column":2},"end":{"line":142,"column":57}},"56":{"start":{"line":141,"column":13},"end":{"line":141,"column":35}},"57":{"start":{"line":145,"column":35},"end":{"line":147,"column":1}},"58":{"start":{"line":146,"column":2},"end":{"line":146,"column":63}},"59":{"start":{"line":145,"column":13},"end":{"line":145,"column":35}},"60":{"start":{"line":149,"column":42},"end":{"line":151,"column":1}},"61":{"start":{"line":150,"column":2},"end":{"line":150,"column":57}},"62":{"start":{"line":149,"column":13},"end":{"line":149,"column":42}}},"fnMap":{"0":{"name":"(anonymous_0)","decl":{"start":{"line":18,"column":2},"end":{"line":18,"column":null}},"loc":{"start":{"line":23,"column":33},"end":{"line":32,"column":3}}},"1":{"name":"(anonymous_1)","decl":{"start":{"line":36,"column":28},"end":{"line":36,"column":null}},"loc":{"start":{"line":41,"column":4},"end":{"line":113,"column":1}}},"2":{"name":"(anonymous_2)","decl":{"start":{"line":116,"column":28},"end":{"line":116,"column":null}},"loc":{"start":{"line":118,"column":4},"end":{"line":122,"column":1}}},"3":{"name":"(anonymous_3)","decl":{"start":{"line":119,"column":9},"end":{"line":119,"column":10}},"loc":{"start":{"line":119,"column":61},"end":{"line":121,"column":3}}},"4":{"name":"(anonymous_4)","decl":{"start":{"line":125,"column":37},"end":{"line":125,"column":38}},"loc":{"start":{"line":125,"column":72},"end":{"line":127,"column":1}}},"5":{"name":"(anonymous_5)","decl":{"start":{"line":129,"column":39},"end":{"line":129,"column":40}},"loc":{"start":{"line":129,"column":85},"end":{"line":131,"column":1}}},"6":{"name":"(anonymous_6)","decl":{"start":{"line":133,"column":36},"end":{"line":133,"column":37}},"loc":{"start":{"line":133,"column":74},"end":{"line":135,"column":1}}},"7":{"name":"(anonymous_7)","decl":{"start":{"line":137,"column":35},"end":{"line":137,"column":36}},"loc":{"start":{"line":137,"column":82},"end":{"line":139,"column":1}}},"8":{"name":"(anonymous_8)","decl":{"start":{"line":141,"column":35},"end":{"line":141,"column":36}},"loc":{"start":{"line":141,"column":70},"end":{"line":143,"column":1}}},"9":{"name":"(anonymous_9)","decl":{"start":{"line":145,"column":35},"end":{"line":145,"column":36}},"loc":{"start":{"line":145,"column":70},"end":{"line":147,"column":1}}},"10":{"name":"(anonymous_10)","decl":{"start":{"line":149,"column":42},"end":{"line":149,"column":43}},"loc":{"start":{"line":149,"column":84},"end":{"line":151,"column":1}}}},"branchMap":{"0":{"loc":{"start":{"line":20,"column":4},"end":{"line":20,"column":28}},"type":"default-arg","locations":[{"start":{"line":20,"column":25},"end":{"line":20,"column":28}}]},"1":{"loc":{"start":{"line":21,"column":4},"end":{"line":21,"column":35}},"type":"default-arg","locations":[{"start":{"line":21,"column":19},"end":{"line":21,"column":35}}]},"2":{"loc":{"start":{"line":23,"column":4},"end":{"line":23,"column":33}},"type":"default-arg","locations":[{"start":{"line":23,"column":29},"end":{"line":23,"column":33}}]},"3":{"loc":{"start":{"line":56,"column":21},"end":{"line":56,"column":44}},"type":"binary-expr","locations":[{"start":{"line":56,"column":21},"end":{"line":56,"column":37}},{"start":{"line":56,"column":41},"end":{"line":56,"column":44}}]},"4":{"loc":{"start":{"line":57,"column":15},"end":{"line":57,"column":45}},"type":"binary-expr","locations":[{"start":{"line":57,"column":15},"end":{"line":57,"column":25}},{"start":{"line":57,"column":29},"end":{"line":57,"column":45}}]},"5":{"loc":{"start":{"line":64,"column":15},"end":{"line":64,"column":58}},"type":"binary-expr","locations":[{"start":{"line":64,"column":15},"end":{"line":64,"column":28}},{"start":{"line":64,"column":32},"end":{"line":64,"column":58}}]},"6":{"loc":{"start":{"line":72,"column":2},"end":{"line":77,"column":3}},"type":"if","locations":[{"start":{"line":72,"column":2},"end":{"line":77,"column":3}}]},"7":{"loc":{"start":{"line":74,"column":4},"end":{"line":76,"column":5}},"type":"if","locations":[{"start":{"line":74,"column":4},"end":{"line":76,"column":5}}]},"8":{"loc":{"start":{"line":80,"column":2},"end":{"line":109,"column":3}},"type":"switch","locations":[{"start":{"line":81,"column":4},"end":{"line":83,"column":12}},{"start":{"line":84,"column":4},"end":{"line":86,"column":12}},{"start":{"line":87,"column":4},"end":{"line":89,"column":12}},{"start":{"line":90,"column":4},"end":{"line":92,"column":12}},{"start":{"line":93,"column":4},"end":{"line":95,"column":12}},{"start":{"line":96,"column":4},"end":{"line":98,"column":12}},{"start":{"line":99,"column":4},"end":{"line":104,"column":12}},{"start":{"line":105,"column":4},"end":{"line":108,"column":7}}]},"9":{"loc":{"start":{"line":101,"column":6},"end":{"line":103,"column":7}},"type":"if","locations":[{"start":{"line":101,"column":6},"end":{"line":103,"column":7}}]},"10":{"loc":{"start":{"line":106,"column":6},"end":{"line":108,"column":7}},"type":"if","locations":[{"start":{"line":106,"column":6},"end":{"line":108,"column":7}}]},"11":{"loc":{"start":{"line":129,"column":40},"end":{"line":129,"column":81}},"type":"default-arg","locations":[{"start":{"line":129,"column":58},"end":{"line":129,"column":81}}]},"12":{"loc":{"start":{"line":133,"column":37},"end":{"line":133,"column":70}},"type":"default-arg","locations":[{"start":{"line":133,"column":55},"end":{"line":133,"column":70}}]},"13":{"loc":{"start":{"line":137,"column":36},"end":{"line":137,"column":78}},"type":"default-arg","locations":[{"start":{"line":137,"column":54},"end":{"line":137,"column":78}}]},"14":{"loc":{"start":{"line":149,"column":43},"end":{"line":149,"column":80}},"type":"default-arg","locations":[{"start":{"line":149,"column":61},"end":{"line":149,"column":80}}]}},"s":{"0":0,"1":0,"2":0,"3":0,"4":0,"5":0,"6":0,"7":0,"8":0,"9":0,"10":0,"11":0,"12":0,"13":0,"14":0,"15":0,"16":0,"17":0,"18":0,"19":0,"20":0,"21":0,"22":0,"23":0,"24":0,"25":0,"26":0,"27":0,"28":0,"29":0,"30":0,"31":0,"32":0,"33":0,"34":0,"35":0,"36":0,"37":0,"38":0,"39":0,"40":0,"41":0,"42":0,"43":0,"44":0,"45":0,"46":0,"47":0,"48":0,"49":0,"50":0,"51":0,"52":0,"53":0,"54":0,"55":0,"56":0,"57":0,"58":0,"59":0,"60":0,"61":0,"62":0},"f":{"0":0,"1":0,"2":0,"3":0,"4":0,"5":0,"6":0,"7":0,"8":0,"9":0,"10":0},"b":{"0":[0],"1":[0],"2":[0],"3":[0,0],"4":[0,0],"5":[0,0],"6":[0],"7":[0],"8":[0,0,0,0,0,0,0,0],"9":[0],"10":[0],"11":[0],"12":[0],"13":[0],"14":[0]}}
,"D:\\DEV\\contabilidadeigrejinha\\backend\\src\\middlewares\\logger.ts": {"path":"D:\\DEV\\contabilidadeigrejinha\\backend\\src\\middlewares\\logger.ts","statementMap":{"0":{"start":{"line":1,"column":0},"end":{"line":1,"column":30}},"1":{"start":{"line":2,"column":0},"end":{"line":2,"column":24}},"2":{"start":{"line":3,"column":0},"end":{"line":3,"column":20}},"3":{"start":{"line":6,"column":15},"end":{"line":6,"column":52}},"4":{"start":{"line":7,"column":0},"end":{"line":9,"column":1}},"5":{"start":{"line":8,"column":2},"end":{"line":8,"column":44}},"6":{"start":{"line":12,"column":18},"end":{"line":17,"column":null}},"7":{"start":{"line":21,"column":22},"end":{"line":32,"column":null}},"8":{"start":{"line":27,"column":14},"end":{"line":27,"column":51}},"9":{"start":{"line":28,"column":4},"end":{"line":30,"column":5}},"10":{"start":{"line":29,"column":6},"end":{"line":29,"column":49}},"11":{"start":{"line":31,"column":4},"end":{"line":31,"column":15}},"12":{"start":{"line":36,"column":40},"end":{"line":36,"column":42}},"13":{"start":{"line":39,"column":0},"end":{"line":46,"column":1}},"14":{"start":{"line":40,"column":2},"end":{"line":45,"column":4}},"15":{"start":{"line":49,"column":0},"end":{"line":73,"column":2}},"16":{"start":{"line":76,"column":13},"end":{"line":86,"column":3}},"17":{"start":{"line":89,"column":0},"end":{"line":96,"column":1}},"18":{"start":{"line":90,"column":2},"end":{"line":95,"column":4}},"19":{"start":{"line":99,"column":13},"end":{"line":103,"column":2}},"20":{"start":{"line":101,"column":4},"end":{"line":101,"column":32}},"21":{"start":{"line":106,"column":30},"end":{"line":113,"column":1}},"22":{"start":{"line":107,"column":19},"end":{"line":107,"column":41}},"23":{"start":{"line":108,"column":2},"end":{"line":112,"column":5}},"24":{"start":{"line":106,"column":13},"end":{"line":106,"column":30}},"25":{"start":{"line":116,"column":32},"end":{"line":124,"column":1}},"26":{"start":{"line":117,"column":2},"end":{"line":123,"column":3}},"27":{"start":{"line":118,"column":4},"end":{"line":122,"column":7}},"28":{"start":{"line":116,"column":13},"end":{"line":116,"column":32}},"29":{"start":{"line":127,"column":23},"end":{"line":134,"column":1}},"30":{"start":{"line":128,"column":2},"end":{"line":133,"column":5}},"31":{"start":{"line":127,"column":13},"end":{"line":127,"column":23}},"32":{"start":{"line":137,"column":29},"end":{"line":144,"column":1}},"33":{"start":{"line":138,"column":2},"end":{"line":143,"column":5}},"34":{"start":{"line":137,"column":13},"end":{"line":137,"column":29}},"35":{"start":{"line":147,"column":24},"end":{"line":164,"column":1}},"36":{"start":{"line":148,"column":2},"end":{"line":163,"column":3}},"37":{"start":{"line":149,"column":4},"end":{"line":155,"column":7}},"38":{"start":{"line":157,"column":4},"end":{"line":162,"column":7}},"39":{"start":{"line":147,"column":13},"end":{"line":147,"column":24}},"40":{"start":{"line":167,"column":24},"end":{"line":175,"column":1}},"41":{"start":{"line":168,"column":2},"end":{"line":174,"column":5}},"42":{"start":{"line":167,"column":13},"end":{"line":167,"column":24}},"43":{"start":{"line":177,"column":0},"end":{"line":177,"column":22}}},"fnMap":{"0":{"name":"(anonymous_1)","decl":{"start":{"line":26,"column":24},"end":{"line":26,"column":25}},"loc":{"start":{"line":26,"column":67},"end":{"line":32,"column":3}}},"1":{"name":"(anonymous_2)","decl":{"start":{"line":100,"column":9},"end":{"line":100,"column":10}},"loc":{"start":{"line":100,"column":29},"end":{"line":102,"column":3}}},"2":{"name":"(anonymous_3)","decl":{"start":{"line":106,"column":30},"end":{"line":106,"column":31}},"loc":{"start":{"line":106,"column":87},"end":{"line":113,"column":1}}},"3":{"name":"(anonymous_4)","decl":{"start":{"line":116,"column":32},"end":{"line":116,"column":33}},"loc":{"start":{"line":116,"column":82},"end":{"line":124,"column":1}}},"4":{"name":"(anonymous_5)","decl":{"start":{"line":127,"column":23},"end":{"line":127,"column":24}},"loc":{"start":{"line":127,"column":75},"end":{"line":134,"column":1}}},"5":{"name":"(anonymous_6)","decl":{"start":{"line":137,"column":29},"end":{"line":137,"column":30}},"loc":{"start":{"line":137,"column":81},"end":{"line":144,"column":1}}},"6":{"name":"(anonymous_7)","decl":{"start":{"line":147,"column":24},"end":{"line":147,"column":25}},"loc":{"start":{"line":147,"column":86},"end":{"line":164,"column":1}}},"7":{"name":"(anonymous_8)","decl":{"start":{"line":167,"column":24},"end":{"line":167,"column":25}},"loc":{"start":{"line":167,"column":85},"end":{"line":175,"column":1}}}},"branchMap":{"0":{"loc":{"start":{"line":6,"column":15},"end":{"line":6,"column":52}},"type":"binary-expr","locations":[{"start":{"line":6,"column":15},"end":{"line":6,"column":40}},{"start":{"line":6,"column":44},"end":{"line":6,"column":52}}]},"1":{"loc":{"start":{"line":7,"column":0},"end":{"line":9,"column":1}},"type":"if","locations":[{"start":{"line":7,"column":0},"end":{"line":9,"column":1}}]},"2":{"loc":{"start":{"line":28,"column":4},"end":{"line":30,"column":5}},"type":"if","locations":[{"start":{"line":28,"column":4},"end":{"line":30,"column":5}}]},"3":{"loc":{"start":{"line":39,"column":0},"end":{"line":46,"column":1}},"type":"if","locations":[{"start":{"line":39,"column":0},"end":{"line":46,"column":1}}]},"4":{"loc":{"start":{"line":43,"column":13},"end":{"line":43,"column":44}},"type":"binary-expr","locations":[{"start":{"line":43,"column":13},"end":{"line":43,"column":34}},{"start":{"line":43,"column":38},"end":{"line":43,"column":44}}]},"5":{"loc":{"start":{"line":55,"column":22},"end":{"line":55,"column":60}},"type":"binary-expr","locations":[{"start":{"line":55,"column":22},"end":{"line":55,"column":46}},{"start":{"line":55,"column":50},"end":{"line":55,"column":60}}]},"6":{"loc":{"start":{"line":56,"column":23},"end":{"line":56,"column":55}},"type":"binary-expr","locations":[{"start":{"line":56,"column":23},"end":{"line":56,"column":48}},{"start":{"line":56,"column":52},"end":{"line":56,"column":55}}]},"7":{"loc":{"start":{"line":62,"column":22},"end":{"line":62,"column":60}},"type":"binary-expr","locations":[{"start":{"line":62,"column":22},"end":{"line":62,"column":46}},{"start":{"line":62,"column":50},"end":{"line":62,"column":60}}]},"8":{"loc":{"start":{"line":63,"column":23},"end":{"line":63,"column":55}},"type":"binary-expr","locations":[{"start":{"line":63,"column":23},"end":{"line":63,"column":48}},{"start":{"line":63,"column":52},"end":{"line":63,"column":55}}]},"9":{"loc":{"start":{"line":70,"column":22},"end":{"l
[...]
lumn":4},"end":{"line":19,"column":46}},"13":{"start":{"line":20,"column":4},"end":{"line":20,"column":64}},"14":{"start":{"line":23,"column":4},"end":{"line":23,"column":51}},"15":{"start":{"line":24,"column":4},"end":{"line":24,"column":26}},"16":{"start":{"line":27,"column":4},"end":{"line":27,"column":47}},"17":{"start":{"line":28,"column":4},"end":{"line":28,"column":25}},"18":{"start":{"line":30,"column":4},"end":{"line":30,"column":70}},"19":{"start":{"line":32,"column":4},"end":{"line":32,"column":74}},"20":{"start":{"line":33,"column":4},"end":{"line":33,"column":20}},"21":{"start":{"line":35,"column":4},"end":{"line":35,"column":31}},"22":{"start":{"line":43,"column":17},"end":{"line":45,"column":62}},"23":{"start":{"line":47,"column":21},"end":{"line":50,"column":31}},"24":{"start":{"line":48,"column":28},"end":{"line":48,"column":37}},"25":{"start":{"line":49,"column":22},"end":{"line":49,"column":51}},"26":{"start":{"line":50,"column":19},"end":{"line":50,"column":30}},"27":{"start":{"line":52,"column":2},"end":{"line":56,"column":3}},"28":{"start":{"line":53,"column":4},"end":{"line":55,"column":6}},"29":{"start":{"line":64,"column":20},"end":{"line":86,"column":4}},"30":{"start":{"line":88,"column":2},"end":{"line":92,"column":3}},"31":{"start":{"line":89,"column":4},"end":{"line":91,"column":7}},"32":{"start":{"line":94,"column":2},"end":{"line":94,"column":66}},"33":{"start":{"line":104,"column":2},"end":{"line":114,"column":3}},"34":{"start":{"line":105,"column":4},"end":{"line":105,"column":28}},"35":{"start":{"line":106,"column":4},"end":{"line":106,"column":61}},"36":{"start":{"line":108,"column":4},"end":{"line":108,"column":67}},"37":{"start":{"line":109,"column":4},"end":{"line":109,"column":44}},"38":{"start":{"line":110,"column":4},"end":{"line":110,"column":50}},"39":{"start":{"line":111,"column":4},"end":{"line":111,"column":67}},"40":{"start":{"line":112,"column":4},"end":{"line":112,"column":57}},"41":{"start":{"line":113,"column":4},"end":{"line":113,"column":16}},"42":{"start":{"line":121,"column":2},"end":{"line":148,"column":3}},"43":{"start":{"line":123,"column":18},"end":{"line":123,"column":42}},"44":{"start":{"line":124,"column":4},"end":{"line":126,"column":5}},"45":{"start":{"line":125,"column":6},"end":{"line":125,"column":64}},"46":{"start":{"line":128,"column":16},"end":{"line":128,"column":30}},"47":{"start":{"line":129,"column":19},"end":{"line":129,"column":40}},"48":{"start":{"line":131,"column":4},"end":{"line":131,"column":67}},"49":{"start":{"line":134,"column":4},"end":{"line":134,"column":28}},"50":{"start":{"line":135,"column":4},"end":{"line":135,"column":49}},"51":{"start":{"line":137,"column":4},"end":{"line":137,"column":72}},"52":{"start":{"line":139,"column":4},"end":{"line":147,"column":5}},"53":{"start":{"line":142,"column":6},"end":{"line":142,"column":65}},"54":{"start":{"line":143,"column":6},"end":{"line":143,"column":62}},"55":{"start":{"line":144,"column":6},"end":{"line":144,"column":60}},"56":{"start":{"line":146,"column":6},"end":{"line":146,"column":24}},"57":{"start":{"line":152,"column":0},"end":{"line":158,"column":1}},"58":{"start":{"line":153,"column":2},"end":{"line":157,"column":7}},"59":{"start":{"line":154,"column":4},"end":{"line":154,"column":36}},"60":{"start":{"line":155,"column":4},"end":{"line":155,"column":42}},"61":{"start":{"line":156,"column":4},"end":{"line":156,"column":30}}},"fnMap":{"0":{"name":"setupTestDatabase","decl":{"start":{"line":14,"column":15},"end":{"line":14,"column":32}},"loc":{"start":{"line":14,"column":32},"end":{"line":37,"column":1}}},"1":{"name":"cleanDatabase","decl":{"start":{"line":42,"column":15},"end":{"line":42,"column":28}},"loc":{"start":{"line":42,"column":28},"end":{"line":57,"column":1}}},"2":{"name":"(anonymous_3)","decl":{"start":{"line":48,"column":9},"end":{"line":48,"column":10}},"loc":{"start":{"line":48,"column":28},"end":{"line":48,"column":37}}},"3":{"name":"(anonymous_4)","decl":{"start":{"line":49,"column":12},"end":{"line":49,"column":13}},"loc":{"start":{"line":49,"column":22},"end":{"line":49,"column":51}}},"4":{"name":"(anonymous_5)","decl":{"start":{"line":50,"column":9},"end":{"line":50,"column":10}},"loc":{"start":{"line":50,"column":19},"end":{"line":50,"column":30}}},"5":{"name":"seedTestData","decl":{"start":{"line":62,"column":15},"end":{"line":62,"column":27}},"loc":{"start":{"line":62,"column":27},"end":{"line":98,"column":1}}},"6":{"name":"checkDatabaseConnection","decl":{"start":{"line":103,"column":15},"end":{"line":103,"column":38}},"loc":{"start":{"line":103,"column":38},"end":{"line":115,"column":1}}},"7":{"name":"createTestDatabaseIfNotExists","decl":{"start":{"line":120,"column":15},"end":{"line":120,"column":44}},"loc":{"start":{"line":120,"column":44},"end":{"line":149,"column":1}}},"8":{"name":"(anonymous_9)","decl":{"start":{"line":153,"column":3},"end":{"line":153,"column":8}},"loc":{"start":{"line":153,"column":14},"end":{"line":157,"column":3}}}},"branchMap":{"0":{"loc":{"start":{"line":52,"column":2},"end":{"line":56,"column":3}},"type":"if","locations":[{"start":{"line":52,"column":2},"end":{"line":56,"column":3}}]},"1":{"loc":{"start":{"line":124,"column":4},"end":{"line":126,"column":5}},"type":"if","locations":[{"start":{"line":124,"column":4},"end":{"line":126,"column":5}}]},"2":{"loc":{"start":{"line":152,"column":0},"end":{"line":158,"column":1}},"type":"if","locations":[{"start":{"line":152,"column":0},"end":{"line":158,"column":1}}]}},"s":{"0":0,"1":0,"2":0,"3":0,"4":0,"5":0,"6":0,"7":0,"8":0,"9":0,"10":0,"11":0,"12":0,"13":0,"14":0,"15":0,"16":0,"17":0,"18":0,"19":0,"20":0,"21":0,"22":0,"23":0,"24":0,"25":0,"26":0,"27":0,"28":0,"29":0,"30":0,"31":0,"32":0,"33":0,"34":0,"35":0,"36":0,"37":0,"38":0,"39":0,"40":0,"41":0,"42":0,"43":0,"44":0,"45":0,"46":0,"47":0,"48":0,"49":0,"50":0,"51":0,"52":0,"53":0,"54":0,"55":0,"56":0,"57":0,"58":0,"59":0,"60":0,"61":0},"f":{"0":0,"1":0,"2":0,"3":0,"4":0,"5":0,"6":0,"7":0,"8":0},"b":{"0":[0],"1":[0],"2":[0]}}
,"D:\\DEV\\contabilidadeigrejinha\\backend\\src\\utils\\auth.ts": {"path":"D:\\DEV\\contabilidadeigrejinha\\backend\\src\\utils\\auth.ts","statementMap":{"0":{"start":{"line":1,"column":0},"end":{"line":1,"column":28}},"1":{"start":{"line":2,"column":0},"end":{"line":2,"column":31}},"2":{"start":{"line":3,"column":0},"end":{"line":3,"column":42}},"3":{"start":{"line":10,"column":28},"end":{"line":13,"column":1}},"4":{"start":{"line":11,"column":21},"end":{"line":11,"column":23}},"5":{"start":{"line":12,"column":2},"end":{"line":12,"column":43}},"6":{"start":{"line":10,"column":13},"end":{"line":10,"column":28}},"7":{"start":{"line":21,"column":31},"end":{"line":23,"column":1}},"8":{"start":{"line":22,"column":2},"end":{"line":22,"column":40}},"9":{"start":{"line":21,"column":13},"end":{"line":21,"column":31}},"10":{"start":{"line":31,"column":29},"end":{"line":33,"column":1}},"11":{"start":{"line":32,"column":2},"end":{"line":32,"column":80}},"12":{"start":{"line":31,"column":13},"end":{"line":31,"column":29}},"13":{"start":{"line":40,"column":27},"end":{"line":42,"column":1}},"14":{"start":{"line":41,"column":2},"end":{"line":41,"column":46}},"15":{"start":{"line":40,"column":13},"end":{"line":40,"column":27}},"16":{"start":{"line":49,"column":36},"end":{"line":51,"column":1}},"17":{"start":{"line":50,"column":2},"end":{"line":50,"column":93}},"18":{"start":{"line":49,"column":13},"end":{"line":49,"column":36}},"19":{"start":{"line":58,"column":34},"end":{"line":60,"column":1}},"20":{"start":{"line":59,"column":2},"end":{"line":59,"column":53}},"21":{"start":{"line":58,"column":13},"end":{"line":58,"column":34}},"22":{"start":{"line":67,"column":40},"end":{"line":71,"column":1}},"23":{"start":{"line":69,"column":24},"end":{"line":69,"column":94}},"24":{"start":{"line":70,"column":2},"end":{"line":70,"column":38}},"25":{"start":{"line":67,"column":13},"end":{"line":67,"column":40}},"26":{"start":{"line":78,"column":29},"end":{"line":81,"column":1}},"27":{"start":{"line":79,"column":21},"end":{"line":79,"column":49}},"28":{"start":{"line":80,"column":2},"end":{"line":80,"column":32}},"29":{"start":{"line":78,"column":13},"end":{"line":78,"column":29}}},"fnMap":{"0":{"name":"(anonymous_1)","decl":{"start":{"line":10,"column":28},"end":{"line":10,"column":33}},"loc":{"start":{"line":10,"column":72},"end":{"line":13,"column":1}}},"1":{"name":"(anonymous_2)","decl":{"start":{"line":21,"column":31},"end":{"line":21,"column":36}},"loc":{"start":{"line":21,"column":90},"end":{"line":23,"column":1}}},"2":{"name":"(anonymous_3)","decl":{"start":{"line":31,"column":29},"end":{"line":31,"column":30}},"loc":{"start":{"line":31,"column":83},"end":{"line":33,"column":1}}},"3":{"name":"(anonymous_4)","decl":{"start":{"line":40,"column":27},"end":{"line":40,"column":28}},"loc":{"start":{"line":40,"column":50},"end":{"line":42,"column":1}}},"4":{"name":"(anonymous_5)","decl":{"start":{"line":49,"column":36},"end":{"line":49,"column":37}},"loc":{"start":{"line":49,"column":64},"end":{"line":51,"column":1}}},"5":{"name":"(anonymous_6)","decl":{"start":{"line":58,"column":34},"end":{"line":58,"column":35}},"loc":{"start":{"line":58,"column":57},"end":{"line":60,"column":1}}},"6":{"name":"(anonymous_7)","decl":{"start":{"line":67,"column":40},"end":{"line":67,"column":41}},"loc":{"start":{"line":67,"column":70},"end":{"line":71,"column":1}}},"7":{"name":"(anonymous_8)","decl":{"start":{"line":78,"column":29},"end":{"line":78,"column":30}},"loc":{"start":{"line":78,"column":56},"end":{"line":81,"column":1}}}},"branchMap":{"0":{"loc":{"start":{"line":31,"column":47},"end":{"line":31,"column":71}},"type":"default-arg","locations":[{"start":{"line":31,"column":67},"end":{"line":31,"column":71}}]}},"s":{"0":1,"1":1,"2":1,"3":1,"4":4,"5":4,"6":1,"7":1,"8":3,"9":1,"10":1,"11":4,"12":1,"13":1,"14":5,"15":1,"16":1,"17":0,"18":1,"19":1,"20":0,"21":1,"22":1,"23":0,"24":0,"25":1,"26":1,"27":0,"28":0,"29":1},"f":{"0":4,"1":3,"2":4,"3":5,"4":0,"5":0,"6":0,"7":0},"b":{"0":[3]}}
,"D:\\DEV\\contabilidadeigrejinha\\backend\\src\\utils\\error.ts": {"path":"D:\\DEV\\contabilidadeigrejinha\\backend\\src\\utils\\error.ts","statementMap":{"0":{"start":{"line":9,"column":4},"end":{"line":9,"column":19}},"1":{"start":{"line":10,"column":4},"end":{"line":10,"column":33}},"2":{"start":{"line":11,"column":4},"end":{"line":11,"column":39}},"3":{"start":{"line":13,"column":4},"end":{"line":13,"column":52}},"4":{"start":{"line":4,"column":0},"end":{"line":4,"column":13}},"5":{"start":{"line":22,"column":4},"end":{"line":22,"column":30}},"6":{"start":{"line":20,"column":0},"end":{"line":20,"column":13}},"7":{"start":{"line":31,"column":4},"end":{"line":31,"column":30}},"8":{"start":{"line":29,"column":0},"end":{"line":29,"column":13}},"9":{"start":{"line":40,"column":4},"end":{"line":40,"column":30}},"10":{"start":{"line":38,"column":0},"end":{"line":38,"column":13}},"11":{"start":{"line":49,"column":4},"end":{"line":49,"column":30}},"12":{"start":{"line":47,"column":0},"end":{"line":47,"column":13}},"13":{"start":{"line":58,"column":4},"end":{"line":58,"column":30}},"14":{"start":{"line":56,"column":0},"end":{"line":56,"column":13}},"15":{"start":{"line":67,"column":4},"end":{"line":67,"column":30}},"16":{"start":{"line":65,"column":0},"end":{"line":65,"column":13}},"17":{"start":{"line":74,"column":34},"end":{"line":79,"column":1}},"18":{"start":{"line":75,"column":2},"end":{"line":77,"column":3}},"19":{"start":{"line":76,"column":4},"end":{"line":76,"column":31}},"20":{"start":{"line":78,"column":2},"end":{"line":78,"column":15}},"21":{"start":{"line":74,"column":13},"end":{"line":74,"column":34}},"22":{"start":{"line":84,"column":28},"end":{"line":100,"column":1}},"23":{"start":{"line":85,"column":2},"end":{"line":92,"column":3}},"24":{"start":{"line":86,"column":4},"end":{"line":91,"column":6}},"25":{"start":{"line":94,"column":2},"end":{"line":99,"column":4}},"26":{"start":{"line":84,"column":13},"end":{"line":84,"column":28}}},"fnMap":{"0":{"name":"(anonymous_0)","decl":{"start":{"line":8,"column":2},"end":{"line":8,"column":14}},"loc":{"start":{"line":8,"column":69},"end":{"line":14,"column":3}}},"1":{"name":"(anonymous_1)","decl":{"start":{"line":21,"column":2},"end":{"line":21,"column":14}},"loc":{"start":{"line":21,"column":29},"end":{"line":23,"column":3}}},"2":{"name":"(anonymous_2)","decl":{"start":{"line":30,"column":2},"end":{"line":30,"column":14}},"loc":{"start":{"line":30,"column":41},"end":{"line":32,"column":3}}},"3":{"name":"(anonymous_3)","decl":{"start":{"line":39,"column":2},"end":{"line":39,"column":14}},"loc":{"start":{"line":39,"column":40},"end":{"line":41,"column":3}}},"4":{"name":"(anonymous_4)","decl":{"start":{"line":48,"column":2},"end":{"line":48,"column":14}},"loc":{"start":{"line":48,"column":48},"end":{"line":50,"column":3}}},"5":{"name":"(anonymous_5)","decl":{"start":{"line":57,"column":2},"end":{"line":57,"column":14}},"loc":{"start":{"line":57,"column":46},"end":{"line":59,"column":3}}},"6":{"name":"(anonymous_6)","decl":{"start":{"line":66,"column":2},"end":{"line":66,"column":14}},"loc":{"start":{"line":66,"column":62},"end":{"line":68,"column":3}}},"7":{"name":"(anonymous_7)","decl":{"start":{"line":74,"column":34},"end":{"line":74,"column":35}},"loc":{"start":{"line":74,"column":60},"end":{"line":79,"column":1}}},"8":{"name":"(anonymous_8)","decl":{"start":{"line":84,"column":28},"end":{"line":84,"column":29}},"loc":{"start":{"line":84,"column":45},"end":{"line":100,"column":1}}}},"branchMap":{"0":{"loc":{"start":{"line":8,"column":31},"end":{"line":8,"column":47}},"type":"default-arg","locations":[{"start":{"line":8,"column":44},"end":{"line":8,"column":47}}]},"1":{"loc":{"start":{"line":8,"column":49},"end":{"line":8,"column":69}},"type":"default-arg","locations":[{"start":{"line":8,"column":65},"end":{"line":8,"column":69}}]},"2":{"loc":{"start":{"line":30,"column":14},"end":{"line":30,"column":41}},"type":"default-arg","locations":[{"start":{"line":30,"column":24},"end":{"line":30,"column":41}}]},"3":{"loc":{"start":{"line":39,"column":14},"end":{"line":39,"column":40}},"type":"default-arg","locations":[{"start":{"line":39,"column":24},"end":{"line":39,"column":40}}]},"4":{"loc":{"start":{"line":48,"column":14},"end":{"line":48,"column":48}},"type":"default-arg","locations":[{"start":{"line":48,"column":24},"end":{"line":48,"column":48}}]},"5":{"loc":{"start":{"line":57,"column":14},"end":{"line":57,"column":46}},"type":"default-arg","locations":[{"start":{"line":57,"column":24},"end":{"line":57,"column":46}}]},"6":{"loc":{"start":{"line":66,"column":14},"end":{"line":66,"column":62}},"type":"default-arg","locations":[{"start":{"line":66,"column":24},"end":{"line":66,"column":62}}]},"7":{"loc":{"start":{"line":75,"column":2},"end":{"line":77,"column":3}},"type":"if","locations":[{"start":{"line":75,"column":2},"end":{"line":77,"column":3}}]},"8":{"loc":{"start":{"line":85,"column":2},"end":{"line":92,"column":3}},"type":"if","locations":[{"start":{"line":85,"column":2},"end":{"line":92,"column":3}}]}},"s":{"0":2,"1":2,"2":2,"3":2,"4":1,"5":2,"6":1,"7":0,"8":1,"9":0,"10":1,"11":0,"12":1,"13":0,"14":1,"15":0,"16":1,"17":1,"18":0,"19":0,"20":0,"21":1,"22":1,"23":0,"24":0,"25":0,"26":1},"f":{"0":2,"1":2,"2":0,"3":0,"4":0,"5":0,"6":0,"7":0,"8":0},"b":{"0":[0],"1":[0],"2":[0],"3":[0],"4":[0],"5":[0],"6":[0],"7":[0],"8":[0]}}
,"D:\\DEV\\contabilidadeigrejinha\\backend\\src\\utils\\logger.ts": {"path":"D:\\DEV\\contabilidadeigrejinha\\backend\\src\\utils\\logger.ts","statementMap":{"0":{"start":{"line":1,"column":0},"end":{"line":1,"column":35}},"1":{"start":{"line":2,"column":0},"end":{"line":2,"column":29}},"2":{"start":{"line":3,"column":0},"end":{"line":3,"column":25}},"3":{"start":{"line":6,"column":15},"end":{"line":6,"column":52}},"4":{"start":{"line":7,"column":0},"end":{"line":9,"column":1}},"5":{"start":{"line":8,"column":2},"end":{"line":8,"column":44}},"6":{"start":{"line":12,"column":18},"end":{"line":17,"column":null}},"7":{"start":{"line":21,"column":22},"end":{"line":32,"column":null}},"8":{"start":{"line":27,"column":14},"end":{"line":27,"column":51}},"9":{"start":{"line":28,"column":4},"end":{"line":30,"column":5}},"10":{"start":{"line":29,"column":6},"end":{"line":29,"column":49}},"11":{"start":{"line":31,"column":4},"end":{"line":31,"column":15}},"12":{"start":{"line":36,"column":40},"end":{"line":36,"column":42}},"13":{"start":{"line":39,"column":0},"end":{"line":46,"column":1}},"14":{"start":{"line":40,"column":2},"end":{"line":45,"column":4}},"15":{"start":{"line":49,"column":0},"end":{"line":65,"column":2}},"16":{"start":{"line":68,"column":15},"end":{"line":74,"column":2}},"17":{"start":{"line":77,"column":23},"end":{"line":87,"column":1}},"18":{"start":{"line":82,"column":2},"end":{"line":86,"column":5}},"19":{"start":{"line":77,"column":13},"end":{"line":77,"column":23}},"20":{"start":{"line":90,"column":26},"end":{"line":98,"column":1}},"21":{"start":{"line":94,"column":2},"end":{"line":97,"column":5}},"22":{"start":{"line":90,"column":13},"end":{"line":90,"column":26}},"23":{"start":{"line":101,"column":27},"end":{"line":109,"column":1}},"24":{"start":{"line":105,"column":2},"end":{"line":108,"column":5}},"25":{"start":{"line":101,"column":13},"end":{"line":101,"column":27}},"26":{"start":{"line":112,"column":25},"end":{"line":120,"column":1}},"27":{"start":{"line":116,"column":2},"end":{"line":119,"column":5}},"28":{"start":{"line":112,"column":13},"end":{"line":112,"column":25}},"29":{"start":{"line":122,"column":0},"end":{"line":122,"column":22}}},"fnMap":{"0":{"name":"(anonymous_9)","decl":{"start":{"line":26,"column":24},"end":{"line":26,"column":25}},"loc":{"start":{"line":26,"column":67},"end":{"line":32,"column":3}}},"1":{"name":"(anonymous_10)","decl":{"start":{"line":77,"column":23},"end":{"line":77,"column":null}},"loc":{"start":{"line":81,"column":4},"end":{"line":87,"column":1}}},"2":{"name":"(anonymous_11)","decl":{"start":{"line":90,"column":26},"end":{"line":90,"column":null}},"loc":{"start":{"line":93,"column":4},"end":{"line":98,"column":1}}},"3":{"name":"(anonymous_12)","decl":{"start":{"line":101,"column":27},"end":{"line":101,"column":null}},"loc":{"start":{"line":104,"column":4},"end":{"line":109,"column":1}}},"4":{"name":"(anonymous_13)","decl":{"start":{"line":112,"column":25},"end":{"line":112,"column":null}},"loc":{"start":{"line":115,"column":4},"end":{"line":120,"column":1}}}},"branchMap":{"0":{"loc":{"start":{"line":6,"column":15},"end":{"line":6,"column":52}},"type":"binary-expr","locations":[{"start":{"line":6,"column":15},"end":{"line":6,"column":40}},{"start":{"line":6,"column":44},"end":{"line":6,"column":52}}]},"1":{"loc":{"start":{"line":7,"column":0},"end":{"line":9,"column":1}},"type":"if","locations":[{"start":{"line":7,"column":0},"end":{"line":9,"column":1}}]},"2":{"loc":{"start":{"line":28,"column":4},"end":{"line":30,"column":5}},"type":"if","locations":[{"start":{"line":28,"column":4},"end":{"line":30,"column":5}}]},"3":{"loc":{"start":{"line":39,"column":0},"end":{"line":46,"column":1}},"type":"if","locations":[{"start":{"line":39,"column":0},"end":{"line":46,"column":1}}]},"4":{"loc":{"start":{"line":43,"column":13},"end":{"line":43,"column":44}},"type":"binary-expr","locations":[{"start":{"line":43,"column":13},"end":{"line":43,"column":34}},{"start":{"line":43,"column":38},"end":{"line":43,"column":44}}]},"5":{"loc":{"start":{"line":69,"column":9},"end":{"line":69,"column":40}},"type":"binary-expr","locations":[{"start":{"line":69,"column":9},"end":{"line":69,"column":30}},{"start":{"line":69,"column":34},"end":{"line":69,"column":40}}]}},"s":{"0":1,"1":1,"2":1,"3":1,"4":1,"5":0,"6":1,"7":1,"8":0,"9":0,"10":0,"11":0,"12":1,"13":1,"14":1,"15":1,"16":1,"17":1,"18":0,"19":1,"20":1,"21":0,"22":1,"23":1,"24":0,"25":1,"26":1,"27":0,"28":1,"29":1},"f":{"0":0,"1":0,"2":0,"3":0,"4":0},"b":{"0":[1,0],"1":[0],"2":[0],"3":[1],"4":[1,0],"5":[1,0]}}
}
