{"D:\\dev\\contabil\\contabil-site\\backend\\src\\config\\config.ts": {"path":"D:\\dev\\contabil\\contabil-site\\backend\\src\\config\\config.ts","statementMap":{"0":{"start":{"line":1,"column":0},"end":{"line":1,"column":28}},"1":{"start":{"line":4,"column":0},"end":{"line":4,"column":16}},"2":{"start":{"line":6,"column":13},"end":{"line":75,"column":2}},"3":{"start":{"line":78,"column":24},"end":{"line":82,"column":2}},"4":{"start":{"line":84,"column":0},"end":{"line":88,"column":1}},"5":{"start":{"line":85,"column":2},"end":{"line":87,"column":3}},"6":{"start":{"line":86,"column":4},"end":{"line":86,"column":80}}},"fnMap":{},"branchMap":{"0":{"loc":{"start":{"line":9,"column":19},"end":{"line":9,"column":45}},"type":"binary-expr","locations":[{"start":{"line":9,"column":19},"end":{"line":9,"column":35}},{"start":{"line":9,"column":39},"end":{"line":9,"column":45}}]},"1":{"loc":{"start":{"line":10,"column":9},"end":{"line":10,"column":46}},"type":"binary-expr","locations":[{"start":{"line":10,"column":9},"end":{"line":10,"column":29}},{"start":{"line":10,"column":33},"end":{"line":10,"column":46}}]},"2":{"loc":{"start":{"line":15,"column":9},"end":{"line":15,"column":39}},"type":"binary-expr","locations":[{"start":{"line":15,"column":9},"end":{"line":15,"column":33}},{"start":{"line":15,"column":37},"end":{"line":15,"column":39}}]},"3":{"loc":{"start":{"line":20,"column":12},"end":{"line":20,"column":55}},"type":"binary-expr","locations":[{"start":{"line":20,"column":12},"end":{"line":20,"column":34}},{"start":{"line":20,"column":38},"end":{"line":20,"column":55}}]},"4":{"loc":{"start":{"line":21,"column":19},"end":{"line":21,"column":78}},"type":"binary-expr","locations":[{"start":{"line":21,"column":19},"end":{"line":21,"column":49}},{"start":{"line":21,"column":53},"end":{"line":21,"column":78}}]},"5":{"loc":{"start":{"line":22,"column":15},"end":{"line":22,"column":49}},"type":"binary-expr","locations":[{"start":{"line":22,"column":15},"end":{"line":22,"column":41}},{"start":{"line":22,"column":45},"end":{"line":22,"column":49}}]},"6":{"loc":{"start":{"line":23,"column":22},"end":{"line":23,"column":64}},"type":"binary-expr","locations":[{"start":{"line":23,"column":22},"end":{"line":23,"column":56}},{"start":{"line":23,"column":60},"end":{"line":23,"column":64}}]},"7":{"loc":{"start":{"line":28,"column":10},"end":{"line":28,"column":52}},"type":"binary-expr","locations":[{"start":{"line":28,"column":10},"end":{"line":28,"column":32}},{"start":{"line":28,"column":36},"end":{"line":28,"column":52}}]},"8":{"loc":{"start":{"line":29,"column":19},"end":{"line":29,"column":50}},"type":"binary-expr","locations":[{"start":{"line":29,"column":19},"end":{"line":29,"column":41}},{"start":{"line":29,"column":45},"end":{"line":29,"column":50}}]},"9":{"loc":{"start":{"line":31,"column":10},"end":{"line":31,"column":38}},"type":"binary-expr","locations":[{"start":{"line":31,"column":10},"end":{"line":31,"column":32}},{"start":{"line":31,"column":36},"end":{"line":31,"column":38}}]},"10":{"loc":{"start":{"line":32,"column":14},"end":{"line":32,"column":46}},"type":"binary-expr","locations":[{"start":{"line":32,"column":14},"end":{"line":32,"column":40}},{"start":{"line":32,"column":44},"end":{"line":32,"column":46}}]},"11":{"loc":{"start":{"line":33,"column":10},"end":{"line":33,"column":57}},"type":"binary-expr","locations":[{"start":{"line":33,"column":10},"end":{"line":33,"column":32}},{"start":{"line":33,"column":36},"end":{"line":33,"column":57}}]},"12":{"loc":{"start":{"line":38,"column":26},"end":{"line":38,"column":71}},"type":"binary-expr","locations":[{"start":{"line":38,"column":26},"end":{"line":38,"column":58}},{"start":{"line":38,"column":62},"end":{"line":38,"column":71}}]},"13":{"loc":{"start":{"line":39,"column":19},"end":{"line":39,"column":103}},"type":"binary-expr","locations":[{"start":{"line":39,"column":19},"end":{"line":39,"column":51}},{"start":{"line":39,"column":55},"end":{"line":39,"column":103}}]},"14":{"loc":{"start":{"line":40,"column":17},"end":{"line":40,"column":62}},"type":"binary-expr","locations":[{"start":{"line":40,"column":17},"end":{"line":40,"column":47}},{"start":{"line":40,"column":51},"end":{"line":40,"column":62}}]},"15":{"loc":{"start":{"line":45,"column":12},"end":{"line":45,"column":62}},"type":"binary-expr","locations":[{"start":{"line":45,"column":12},"end":{"line":45,"column":35}},{"start":{"line":45,"column":39},"end":{"line":45,"column":62}}]},"16":{"loc":{"start":{"line":51,"column":23},"end":{"line":51,"column":67}},"type":"binary-expr","locations":[{"start":{"line":51,"column":23},"end":{"line":51,"column":55}},{"start":{"line":51,"column":59},"end":{"line":51,"column":67}}]},"17":{"loc":{"start":{"line":52,"column":18},"end":{"line":52,"column":53}},"type":"binary-expr","locations":[{"start":{"line":52,"column":18},"end":{"line":52,"column":44}},{"start":{"line":52,"column":48},"end":{"line":52,"column":53}}]},"18":{"loc":{"start":{"line":58,"column":12},"end":{"line":58,"column":49}},"type":"binary-expr","locations":[{"start":{"line":58,"column":12},"end":{"line":58,"column":34}},{"start":{"line":58,"column":38},"end":{"line":58,"column":49}}]},"19":{"loc":{"start":{"line":59,"column":21},"end":{"line":59,"column":53}},"type":"binary-expr","locations":[{"start":{"line":59,"column":21},"end":{"line":59,"column":43}},{"start":{"line":59,"column":47},"end":{"line":59,"column":53}}]},"20":{"loc":{"start":{"line":60,"column":16},"end":{"line":60,"column":48}},"type":"binary-expr","locations":[{"start":{"line":60,"column":16},"end":{"line":60,"column":42}},{"start":{"line":60,"column":46},"end":{"line":60,"column":48}}]},"21":{"loc":{"start":{"line":61,"column":19},"end":{"line":61,"column":46}},"type":"binary-expr","locations":[{"start":{"line":61,"column":19},"end":{"line":61,"column":39}},{"start":{"line":61,"column":43},"end":{"line":61,"column":46}}]},"22":{"loc":{"start":{"line":62,"column":37},"end":{"line":62,"column":73}},"type":"binary-expr","locations":[{"start":{"line":62,"column":37},"end":{"line":62,"column":66}},{"start":{"line":62,"column":70},"end":{"line":62,"column":73}}]},"23":{"loc":{"start":{"line":65,"column":18},"end":{"line":65,"column":49}},"type":"binary-expr","locations":[{"start":{"line":65,"column":18},"end":{"line":65,"column":39}},{"start":{"line":65,"column":43},"end":{"line":65,"column":49}}]},"24":{"loc":{"start":{"line":70,"column":11},"end":{"line":70,"column":42}},"type":"binary-expr","locations":[{"start":{"line":70,"column":11},"end":{"line":70,"column":32}},{"start":{"line":70,"column":36},"end":{"line":70,"column":42}}]},"25":{"loc":{"start":{"line":71,"column":10},"end":{"line":71,"column":48}},"type":"binary-expr","locations":[{"start":{"line":71,"column":10},"end":{"line":71,"column":30}},{"start":{"line":71,"column":34},"end":{"line":71,"column":48}}]},"26":{"loc":{"start":{"line":72,"column":13},"end":{"line":72,"column":46}},"type":"binary-expr","locations":[{"start":{"line":72,"column":13},"end":{"line":72,"column":37}},{"start":{"line":72,"column":41},"end":{"line":72,"column":46}}]},"27":{"loc":{"start":{"line":73,"column":23},"end":{"line":73,"column":56}},"type":"binary-expr","locations":[{"start":{"line":73,"column":23},"end":{"line":73,"column":48}},{"start":{"line":73,"column":52},"end":{"line":73,"column":56}}]},"28":{"loc":{"start":{"line":85,"column":2},"end":{"line":87,"column":3}},"type":"if","locations":[{"start":{"line":85,"column":2},"end":{"line":87,"column":3}}]}},"s":{"0":1,"1":1,"2":1,"3":1,"4":1,"5":3,"6":0},"f":{},"b":{"0":[1,0],"1":[1,0],"2":[1,0],"3":[1,0],"4":[1,0],"5":[1,0],"6":[1,0],"7":[1,1],"8":[1,1],"9":[1,1],"10":[1,1],"11":[1,1],"12":[1,1],"13":[1,1],"14":[1,1],"15":[1,0],"16":[1,0],"17":[1,1],"18":[1,1],"19":[1,1],"20":[1,1],"21":[1,0],"22":[1,1],"23":[1,0],"24":[1,0],"25":[1,1],"26":[1,1],"27":[1,1],"28":[0]}}
,"D:\\dev\\contabil\\contabil-site\\backend\\src\\controllers\\adminController.ts": {"path":"D:\\dev\\contabil\\contabil-site\\backend\\src\\controllers\\adminController.ts","statementMap":{"0":{"start":{"line":2,"column":0},"end":{"line":2,"column":46}},"1":{"start":{"line":3,"column":0},"end":{"line":3,"column":37}},"2":{"start":{"line":5,"column":15},"end":{"line":5,"column":33}},"3":{"start":{"line":34,"column":4},"end":{"line":208,"column":5}},"4":{"start":{"line":35,"column":32},"end":{"line":35,"column":41}},"5":{"start":{"line":36,"column":25},"end":{"line":36,"column":39}},"6":{"start":{"line":37,"column":24},"end":{"line":37,"column":34}},"7":{"start":{"line":38,"column":6},"end":{"line":38,"column":58}},"8":{"start":{"line":41,"column":69},"end":{"line":67,"column":8}},"9":{"start":{"line":70,"column":30},"end":{"line":86,"column":8}},"10":{"start":{"line":89,"column":28},"end":{"line":113,"column":8}},"11":{"start":{"line":116,"column":29},"end":{"line":127,"column":8}},"12":{"start":{"line":130,"column":25},"end":{"line":160,"column":8}},"13":{"start":{"line":162,"column":24},"end":{"line":195,"column":8}},"14":{"start":{"line":197,"column":6},"end":{"line":201,"column":9}},"15":{"start":{"line":203,"column":6},"end":{"line":203,"column":60}},"16":{"start":{"line":204,"column":6},"end":{"line":207,"column":9}},"17":{"start":{"line":215,"column":4},"end":{"line":334,"column":5}},"18":{"start":{"line":216,"column":49},"end":{"line":216,"column":58}},"19":{"start":{"line":217,"column":25},"end":{"line":217,"column":39}},"20":{"start":{"line":218,"column":24},"end":{"line":218,"column":34}},"21":{"start":{"line":219,"column":6},"end":{"line":219,"column":58}},"22":{"start":{"line":222,"column":26},"end":{"line":244,"column":8}},"23":{"start":{"line":247,"column":28},"end":{"line":263,"column":8}},"24":{"start":{"line":266,"column":30},"end":{"line":274,"column":8}},"25":{"start":{"line":277,"column":26},"end":{"line":288,"column":8}},"26":{"start":{"line":290,"column":51},"end":{"line":290,"column":53}},"27":{"start":{"line":291,"column":6},"end":{"line":296,"column":9}},"28":{"start":{"line":292,"column":8},"end":{"line":295,"column":11}},"29":{"start":{"line":293,"column":26},"end":{"line":293,"column":45}},"30":{"start":{"line":294,"column":10},"end":{"line":294,"column":61}},"31":{"start":{"line":298,"column":22},"end":{"line":301,"column":48}},"32":{"start":{"line":299,"column":32},"end":{"line":299,"column":37}},"33":{"start":{"line":301,"column":32},"end":{"line":301,"column":46}},"34":{"start":{"line":303,"column":26},"end":{"line":321,"column":8}},"35":{"start":{"line":323,"column":6},"end":{"line":327,"column":9}},"36":{"start":{"line":329,"column":6},"end":{"line":329,"column":71}},"37":{"start":{"line":330,"column":6},"end":{"line":333,"column":9}},"38":{"start":{"line":341,"column":4},"end":{"line":426,"column":5}},"39":{"start":{"line":349,"column":22},"end":{"line":349,"column":31}},"40":{"start":{"line":355,"column":19},"end":{"line":355,"column":53}},"41":{"start":{"line":356,"column":19},"end":{"line":356,"column":32}},"42":{"start":{"line":358,"column":25},"end":{"line":358,"column":27}},"43":{"start":{"line":360,"column":6},"end":{"line":362,"column":7}},"44":{"start":{"line":361,"column":8},"end":{"line":361,"column":28}},"45":{"start":{"line":364,"column":6},"end":{"line":369,"column":7}},"46":{"start":{"line":365,"column":8},"end":{"line":368,"column":10}},"47":{"start":{"line":371,"column":6},"end":{"line":381,"column":7}},"48":{"start":{"line":372,"column":8},"end":{"line":372,"column":29}},"49":{"start":{"line":373,"column":8},"end":{"line":375,"column":9}},"50":{"start":{"line":374,"column":10},"end":{"line":374,"column":51}},"51":{"start":{"line":376,"column":8},"end":{"line":380,"column":9}},"52":{"start":{"line":377,"column":26},"end":{"line":377,"column":42}},"53":{"start":{"line":378,"column":10},"end":{"line":378,"column":44}},"54":{"start":{"line":379,"column":10},"end":{"line":379,"column":40}},"55":{"start":{"line":384,"column":23},"end":{"line":399,"column":8}},"56":{"start":{"line":401,"column":19},"end":{"line":401,"column":52}},"57":{"start":{"line":402,"column":20},"end":{"line":402,"column":35}},"58":{"start":{"line":403,"column":25},"end":{"line":403,"column":48}},"59":{"start":{"line":405,"column":6},"end":{"line":419,"column":9}},"60":{"start":{"line":421,"column":6},"end":{"line":421,"column":63}},"61":{"start":{"line":422,"column":6},"end":{"line":425,"column":9}},"62":{"start":{"line":433,"column":4},"end":{"line":474,"column":5}},"63":{"start":{"line":434,"column":37},"end":{"line":434,"column":45}},"64":{"start":{"line":435,"column":27},"end":{"line":435,"column":43}},"65":{"start":{"line":437,"column":6},"end":{"line":443,"column":7}},"66":{"start":{"line":438,"column":8},"end":{"line":441,"column":11}},"67":{"start":{"line":442,"column":8},"end":{"line":442,"column":15}},"68":{"start":{"line":445,"column":24},"end":{"line":445,"column":34}},"69":{"start":{"line":446,"column":6},"end":{"line":446,"column":69}},"70":{"start":{"line":455,"column":27},"end":{"line":455,"column":39}},"71":{"start":{"line":457,"column":6},"end":{"line":461,"column":9}},"72":{"start":{"line":463,"column":6},"end":{"line":467,"column":9}},"73":{"start":{"line":469,"column":6},"end":{"line":469,"column":61}},"74":{"start":{"line":470,"column":6},"end":{"line":473,"column":9}},"75":{"start":{"line":481,"column":4},"end":{"line":515,"column":5}},"76":{"start":{"line":482,"column":25},"end":{"line":502,"column":8}},"77":{"start":{"line":504,"column":6},"end":{"line":508,"column":9}},"78":{"start":{"line":510,"column":6},"end":{"line":510,"column":70}},"79":{"start":{"line":511,"column":6},"end":{"line":514,"column":9}},"80":{"start":{"line":522,"column":4},"end":{"line":605,"column":5}},"81":{"start":{"line":523,"column":37},"end":{"line":523,"column":45}},"82":{"start":{"line":524,"column":27},"end":{"line":524,"column":43}},"83":{"start":{"line":528,"column":30},"end":{"line":528,"column":32}},"84":{"start":{"line":530,"column":6},"end":{"line":542,"column":7}},"85":{"start":{"line":531,"column":8},"end":{"line":541,"column":11}},"86":{"start":{"line":544,"column":6},"end":{"line":559,"column":7}},"87":{"start":{"line":545,"column":8},"end":{"line":558,"column":11}},"88":{"start":{"line":561,"column":6},"end":{"line":563,"column":7}},"89":{"start":{"line":562,"column":8},"end":{"line":562,"column":62}},"90":{"start":{"line":565,"column":6},"end":{"line":567,"column":7}},"91":{"start":{"line":566,"column":8},"end":{"line":566,"column":65}},"92":{"start":{"line":569,"column":23},"end":{"line":569,"column":45}},"93":{"start":{"line":570,"column":25},"end":{"line":582,"column":8}},"94":{"start":{"line":587,"column":6},"end":{"line":592,"column":9}},"95":{"start":{"line":594,"column":6},"end":{"line":598,"column":9}},"96":{"start":{"line":600,"column":6},"end":{"line":600,"column":54}},"97":{"start":{"line":601,"column":6},"end":{"line":604,"column":9}},"98":{"start":{"line":612,"column":4},"end":{"line":640,"column":5}},"99":{"start":{"line":614,"column":26},"end":{"line":627,"column":8}},"100":{"start":{"line":629,"column":6},"end":{"line":633,"column":9}},"101":{"start":{"line":635,"column":6},"end":{"line":635,"column":56}},"102":{"start":{"line":636,"column":6},"end":{"line":639,"column":9}},"103":{"start":{"line":647,"column":4},"end":{"line":693,"column":5}},"104":{"start":{"line":649,"column":23},"end":{"line":679,"column":8}},"105":{"start":{"line":681,"column":6},"end":{"line":685,"column":9}},"106":{"start":{"line":688,"column":6},"end":{"line":688,"column":58}},"107":{"start":{"line":689,"column":6},"end":{"line":692,"column":9}},"108":{"start":{"line":700,"column":4},"end":{"line":731,"column":5}},"109":{"start":{"line":701,"column":23},"end":{"line":701,"column":31}},"110":{"start":{"line":704,"column":6},"end":{"line":710,"column":7}},"111":{"start":{"line":705,"column":8},"end":{"line":708,"column":11}},"112":{"start":{"line":709,"column":8},"end":{"line":709,"column":15}},"113":{"start":{"line":714,"column":6},"end":{"line":717,"column":9}},"114":{"start":{"line":719,"column":6},"end":{"line":723,"column":9}},"115":{"start":{"line":726,"column":6},"end":{"line":726,"column":62}},"116":{"start":{"line":727,"column":6},"end":{"line":730,"column":9}},"117":{"start":{"line":738,"column":4},"end":{"line":765,"column":5}},"118":{"start":{"line":739,"column":35},"end":{"line":739,"column":43}},"119":{"start":{"line":740,"column":27},"end":{"line":740,"column":43}},"120":{"start":{"line":745,"column":6},"end":{"line":749,"column":9}},"121":{"start":{"line":751,"column":6},"end":{"line":758,"column":9}},"122":{"start":{"line":760,"column":6},"end":{"line":760,"column":68}},"123":{"start":{"line":761,"column":6},"end":{"line":764,"column":9}},"124":{"start":{"line":772,"column":4},"end":{"line":826,"column":5}},"125":{"start":{"line":773,"column":21},"end":{"line":773,"column":31}},"126":{"start":{"line":774,"column":27},"end":{"line":774,"column":43}},"127":{"start":{"line":776,"column":6},"end":{"line":782,"column":7}},"128":{"start":{"line":777,"column":8},"end":{"line":780,"column":11}},"129":{"start":{"line":781,"column":8},"end":{"line":781,"column":15}},"130":{"start":{"line":789,"column":21},"end":{"line":789,"column":45}},"131":{"start":{"line":791,"column":6},"end":{"line":797,"column":7}},"132":{"start":{"line":792,"column":8},"end":{"line":795,"column":11}},"133":{"start":{"line":796,"column":8},"end":{"line":796,"column":15}},"134":{"start":{"line":800,"column":25},"end":{"line":809,"column":8}},"135":{"start":{"line":811,"column":6},"end":{"line":814,"column":9}},"136":{"start":{"line":816,"column":6},"end":{"line":816,"column":56}},"137":{"start":{"line":817,"column":6},"end":{"line":817,"column":80}},"138":{"start":{"line":818,"column":6},"end":{"line":818,"column":39}},"139":{"start":{"line":821,"column":6},"end":{"line":821,"column":55}},"140":{"start":{"line":822,"column":6},"end":{"line":825,"column":9}},"141":{"start":{"line":833,"column":4},"end":{"line":875,"column":5}},"142":{"start":{"line":834,"column":21},"end":{"line":834,"column":31}},"143":{"start":{"line":835,"column":27},"end":{"line":835,"column":43}},"144":{"start":{"line":837,"column":6},"end":{"line":843,"column":7}},"145":{"start":{"line":838,"column":8},"end":{"line":841,"column":11}},"146":{"start":{"line":842,"column":8},"end":{"line":842,"column":15}},"147":{"start":{"line":846,"column":21},"end":{"line":846,"column":45}},"148":{"start":{"line":848,"column":6},"end":{"line":854,"column":7}},"149":{"start":{"line":849,"column":8},"end":{"line":852,"column":11}},"150":{"start":{"line":853,"column":8},"end":{"line":853,"column":15}},"151":{"start":{"line":859,"column":6},"end":{"line":862,"column":9}},"152":{"start":{"line":864,"column":6},"end":{"line":867,"column":9}},"153":{"start":{"line":870,"column":6},"end":{"line":870,"column":56}},"154":{"start":{"line":871,"column":6},"end":{"line":874,"column":9}},"155":{"start":{"line":882,"column":4},"end":{"line":933,"column":5}},"156":{"start":{"line":883,"column":31},"end":{"line":883,"column":39}},"157":{"start":{"line":884,"column":27},"end":{"line":884,"column":43}},"158":{"start":{"line":902,"column":20},"end":{"line":902,"column":45}},"159":{"start":{"line":903,"column":6},"end":{"line":909,"column":7}},"160":{"start":{"line":904,"column":8},"end":{"line":904,"column":56}},"161":{"start":{"line":905,"column":13},"end":{"line":909,"column":7}},"162":{"start":{"line":906,"column":8},"end":{"line":906,"column":51}},"163":{"start":{"line":908,"column":8},"end":{"line":908,"column":43}},"164":{"start":{"line":911,"column":6},"end":{"line":915,"column":9}},"165":{"start":{"line":917,"column":6},"end":{"line":925,"column":9}},"166":{"start":{"line":928,"column":6},"end":{"line":928,"column":54}},"167":{"start":{"line":929,"column":6},"end":{"line":932,"column":9}},"168":{"start":{"line":940,"column":4},"end":{"line":970,"column":5}},"169":{"start":{"line":941,"column":69},"end":{"line":941,"column":77}},"170":{"start":{"line":942,"column":27},"end":{"line":942,"column":43}},"171":{"start":{"line":949,"column":6},"end":{"line":952,"column":9}},"172":{"start":{"line":954,"column":6},"end":{"line":962,"column":9}},"173":{"start":{"line":965,"column":6},"end":{"line":965,"column":67}},"174":{"start":{"line":966,"column":6},"end":{"line":969,"column":9}},"175":{"start":{"line":29,"column":0},"end":{"line":29,"column":13}},"176":{"start":{"line":974,"column":0},"end":{"line":974,"column":31}}},"fnMap":{"0":{"name":"(anonymous_1)","decl":{"start":{"line":33,"column":2},"end":{"line":33,"column":8}},"loc":{"start":{"line":33,"column":55},"end":{"line":209,"column":3}}},"1":{"name":"(anonymous_2)","decl":{"start":{"line":214,"column":2},"end":{"line":214,"column":8}},"loc":{"start":{"line":214,"column":57},"end":{"line":335,"column":3}}},"2":{"name":"(anonymous_3)","decl":{"start":{"line":291,"column":26},"end":{"line":291,"column":33}},"loc":{"start":{"line":291,"column":36},"end":{"line":296,"column":7}}},"3":{"name":"(anonymous_4)","decl":{"start":{"line":292,"column":29},"end":{"line":292,"column":39}},"loc":{"start":{"line":292,"column":42},"end":{"line":295,"column":9}}},"4":{"name":"(anonymous_5)","decl":{"start":{"line":299,"column":14},"end":{"line":299,"column":15}},"loc":{"start":{"line":299,"column":32},"end":{"line":299,"column":37}}},"5":{"name":"(anonymous_6)","decl":{"start":{"line":301,"column":13},"end":{"line":301,"column":14}},"loc":{"start":{"line":301,"column":32},"end":{"line":301,"column":46}}},"6":{"name":"(anonymous_7)","decl":{"start":{"line":340,"column":2},"end":{"line":340,"column":8}},"loc":{"start":{"line":340,"column":56},"end":{"line":427,"column":3}}},"7":{"name":"(anonymous_8)","decl":{"start":{"line":432,"column":2},"end":{"line":432,"column":8}},"loc":{"start":{"line":432,"column":55},"end":{"line":475,"column":3}}},"8":{"name":"(anonymous_9)","decl":{"start":{"line":480,"column":2},"end":{"line":480,"column":8}},"loc":{"start":{"line":480,"column":56},"end":{"line":516,"column":3}}},"9":{"name":"(anonymous_10)","decl":{"start":{"line":521,"column":2},"end":{"line":521,"column":8}},"loc":{"start":{"line":521,"column":55},"end":{"line":606,"column":3}}},"10":{"name":"(anonymous_11)","decl":{"start":{"line":611,"column":2},"end":{"line":611,"column":8}},"loc":{"start":{"line":611,"column":53},"end":{"line":641,"column":3}}},"11":{"name":"(anonymous_12)","decl":{"start":{"line":646,"column":2},"end":{"line":646,"column":8}},"loc":{"start":{"line":646,"column":54},"end":{"line":694,"column":3}}},"12":{"name":"(anonymous_13)","decl":{"start":{"line":699,"column":2},"end":{"line":699,"column":8}},"loc":{"start":{"line":699,"column":57},"end":{"line":732,"column":3}}},"13":{"name":"(anonymous_14)","decl":{"start":{"line":737,"column":2},"end":{"line":737,"column":8}},"loc":{"start":{"line":737,"column":64},"end":{"line":766,"column":3}}},"14":{"name":"(anonymous_15)","decl":{"start":{"line":771,"column":2},"end":{"line":771,"column":8}},"loc":{"start":{"line":771,"column":57},"end":{"line":827,"column":3}}},"15":{"name":"(anonymous_16)","decl":{"start":{"line":832,"column":2},"end":{"line":832,"column":8}},"loc":{"start":{"line":832,"column":55},"end":{"line":876,"column":3}}},"16":{"name":"(anonymous_17)","decl":{"start":{"line":881,"column":2},"end":{"line":881,"column":8}},"loc":{"start":{"line":881,"column":53},"end":{"line":934,"column":3}}},"17":{"name":"(anonymous_18)","decl":{"start":{"line":939,"column":2},"end":{"line":939,"column":8}},"loc":{"start":{"line":939,"column":60},"end":{"line":971,"column":3}}}},"branchMap":{"0":{"loc":{"start":{"line":35,"column":14},"end":{"line":35,"column":27}},"type":"default-arg","locations":[{"start":{"line":35,"column":23},"end":{"line":35,"column":27}}]},"1":{"loc":{"start":{"line":179,"column":24},"end":{"line":179,"column":55}},"type":"binary-expr","locations":[{"start":{"line":179,"column":24},"end":{"line":179,"column":50}},{"start":{"line":179,"column":54},"end":{"line":179,"column":55}}]},"2":{"loc":{"start":{"line":216,"column":14},"end":{"line":216,"column":27}},"type":"default-arg","locations":[{"start":{"line":216,"column":23},"end":{"line":216,"column":27}}]},"3":{"loc":{"start":{"line":216,"column":29},"end":{"line":216,"column":44}},"type":"default-arg","locations":[{"start":{"line":216,"column":39},"end":{"line":216,"column":44}}]},"4":{"loc":{"start":{"line":294,"column":32},"end":{"line":294,"column":55}},"type":"binary-expr","locations":[{"start":{"line":294,"column":32},"end":{"line":294,"column":50}},{"start":{"line":294,"column":54},"end":{"line":294,"column":55}}]},"5":{"loc":{"start":{"line":316,"column":24},"end":{"line":316,"column":55}},"type":"binary-expr","locations":[{"start":{"line":316,"column":24},"end":{"line":316,"column":50}},{"start":{"line":316,"column":54},"end":{"line":316,"column":55}}]},"6":{"loc":{"start":{"line":317,"column":22},"end":{"line":317,"column":53}},"type":"binary-expr","locations":[{"start":{"line":317,"column":22},"end":{"line":317,"column":48}},{"start":{"line":317,"column":52},"end":{"line":317,"column":53}}]},"7":{"loc":{"start":{"line":347,"column":8},"end":{"line":347,"column":16}},"type":"default-arg","locations":[{"start":{"line":347,"column":15},"end":{"line":347,"column":16}}]},"8":{"loc":{"start":{"line":348,"column":8},"end":{"line":348,"column":18}},"type":"default-arg","locations":[{"start":{"line":348,"column":16},"end":{"line":348,"column":18}}]},"9":{"loc":{"start":{"line":360,"column":6},"end":{"line":362,"column":7}},"type":"if","locations":[{"start":{"line":360,"column":6},"end":{"line":362,"column":7}}]},"10":{"loc":{"start":{"line":364,"column":6},"end":{"line":369,"column":7}},"type":"if","locations":[{"start":{"line":364,"column":6},"end":{"line":369,"column":7}}]},"11":{"loc":{"start":{"line":371,"column":6},"end":{"line":381,"column":7}},"type":"if","locations":[{"start":{"line":371,"column":6},"end":{"line":381,"column":7}}]},"12":{"loc":{"start":{"line":371,"column":10},"end":{"line":371,"column":28}},"type":"binary-expr","locations":[{"start":{"line":371,"column":10},"end":{"line":371,"column":18}},{"start":{"line":371,"column":22},"end":{"line":371,"column":28}}]},"13":{"loc":{"start":{"line":373,"column":8},"end":{"line":375,"column":9}},"type":"if","locations":[{"start":{"line":373,"column":8},"end":{"line":375,"column":9}}]},"14":{"loc":{"start":{"line":376,"column":8},"end":{"line":380,"column":9}},"type":"if","locations":[{"start":{"line":376,"column":8},"end":{"line":380,"column":9}}]},"15":{"loc":{"start":{"line":434,"column":14},"end":{"line":434,"column":32}},"type":"default-arg","locations":[{"start":{"line":434,"column":30},"end":{"line":434,"column":32}}]},"16":{"loc":{"start":{"line":437,"column":6},"end":{"line":443,"column":7}},"type":"if","locations":[{"start":{"line":437,"column":6},"end":{"line":443,"column":7}}]},"17":{"loc":{"start":{"line":437,"column":10},"end":{"line":437,"column":50}},"type":"binary-expr","locations":[{"start":{"line":437,"column":10},"end":{"line":437,"column":27}},{"start":{"line":437,"column":31},"end":{"line":437,"column":50}}]},"18":{"loc":{"start":{"line":483,"column":17},"end":{"line":483,"column":51}},"type":"binary-expr","locations":[{"start":{"line":483,"column":17},"end":{"line":483,"column":40}},{"start":{"line":483,"column":44},"end":{"line":483,"column":51}}]},"19":{"loc":{"start":{"line":484,"column":21},"end":{"line":484,"column":58}},"type":"binary-expr","locations":[{"start":{"line":484,"column":21},"end":{"line":484,"column":41}},{"start":{"line":484,"column":45},"end":{"line":484,"column":58}}]},"20":{"loc":{"start":{"line":530,"column":6},"end":{"line":542,"column":7}},"type":"if","locations":[{"start":{"line":530,"column":6},"end":{"line":542,"column":7}}]},"21":{"loc":{"start":{"line":544,"column":6},"end":{"line":559,"column":7}},"type":"if","locations":[{"start":{"line":544,"column":6},"end":{"line":559,"column":7}}]},"22":{"loc":{"start":{"line":561,"column":6},"end":{"line":563,"column":7}},"type":"if","locations":[{"start":{"line":561,"column":6},"end":{"line":563,"column":7}}]},"23":{"loc":{"start":{"line":565,"column":6},"end":{"line":567,"column":7}},"type":"if","locations":[{"start":{"line":565,"column":6},"end":{"line":567,"column":7}}]},"24":{"loc":{"start":{"line":577,"column":17},"end":{"line":577,"column":46}},"type":"binary-expr","locations":[{"start":{"line":577,"column":17},"end":{"line":577,"column":41}},{"start":{"line":577,"column":45},"end":{"line":577,"column":46}}]},"25":{"loc":{"start":{"line":578,"column":20},"end":{"line":578,"column":52}},"type":"binary-expr","locations":[{"start":{"line":578,"column":20},"end":{"line":578,"column":47}},{"start":{"line":578,"column":51},"end":{"line":578,"column":52}}]},"26":{"loc":{"start":{"line":579,"column":20},"end":{"line":579,"column":52}},"type":"binary-expr","locations":[{"start":{"line":579,"column":20},"end":{"line":579,"column":47}},{"start":{"line":579,"column":51},"end":{"line":579,"column":52}}]},"27":{"loc":{"start":{"line":580,"column":22},"end":{"line":580,"column":56}},"type":"binary-expr","locations":[{"start":{"line":580,"column":22},"end":{"line":580,"column":51}},{"start":{"line":580,"column":55},"end":{"line":580,"column":56}}]},"28":{"loc":{"start":{"line":704,"column":6},"end":{"line":710,"column":7}},"type":"if","locations":[{"start":{"line":704,"column":6},"end":{"line":710,"column":7}}]},"29":{"loc":{"start":{"line":704,"column":10},"end":{"line":704,"column":51}},"type":"binary-expr","locations":[{"start":{"line":704,"column":10},"end":{"line":704,"column":19}},{"start":{"line":704,"column":23},"end":{"line":704,"column":51}}]},"30":{"loc":{"start":{"line":715,"column":19},"end":{"line":715,"column":43}},"type":"binary-expr","locations":[{"start":{"line":715,"column":19},"end":{"line":715,"column":31}},{"start":{"line":715,"column":35},"end":{"line":715,"column":43}}]},"31":{"loc":{"start":{"line":753,"column":39},"end":{"line":753,"column":73}},"type":"cond-expr","locations":[{"start":{"line":753,"column":49},"end":{"line":753,"column":58}},{"start":{"line":753,"column":61},"end":{"line":753,"column":73}}]},"32":{"loc":{"start":{"line":756,"column":19},"end":{"line":756,"column":34}},"type":"binary-expr","locations":[{"start":{"line":756,"column":19},"end":{"line":756,"column":26}},{"start":{"line":756,"column":30},"end":{"line":756,"column":34}}]},"33":{"loc":{"start":{"line":776,"column":6},"end":{"line":782,"column":7}},"type":"if","locations":[{"start":{"line":776,"column":6},"end":{"line":782,"column":7}}]},"34":{"loc":{"start":{"line":791,"column":6},"end":{"line":797,"column":7}},"type":"if","locations":[{"start":{"line":791,"column":6},"end":{"line":797,"column":7}}]},"35":{"loc":{"start":{"line":837,"column":6},"end":{"line":843,"column":7}},"type":"if","locations":[{"start":{"line":837,"column":6},"end":{"line":843,"column":7}}]},"36":{"loc":{"start":{"line":848,"column":6},"end":{"line":854,"column":7}},"type":"if","locations":[{"start":{"line":848,"column":6},"end":{"line":854,"column":7}}]},"37":{"loc":{"start":{"line":903,"column":6},"end":{"line":909,"column":7}},"type":"if","locations":[{"start":{"line":903,"column":6},"end":{"line":909,"column":7}},{"start":{"line":905,"column":13},"end":{"line":909,"column":7}}]},"38":{"loc":{"start":{"line":905,"column":13},"end":{"line":909,"column":7}},"type":"if","locations":[{"start":{"line":905,"column":13},"end":{"line":909,"column":7}},{"start":{"line":907,"column":13},"end":{"line":909,"column":7}}]},"39":{"loc":{"start":{"line":921,"column":19},"end":{"line":921,"column":34}},"type":"binary-expr","locations":[{"start":{"line":921,"column":19},"end":{"line":921,"column":26}},{"start":{"line":921,"column":30},"end":{"line":921,"column":34}}]},"40":{"loc":{"start":{"line":922,"column":15},"end":{"line":922,"column":26}},"type":"binary-expr","locations":[{"start":{"line":922,"column":15},"end":{"line":922,"column":18}},{"start":{"line":922,"column":22},"end":{"line":922,"column":26}}]},"41":{"loc":{"start":{"line":941,"column":14},"end":{"line":941,"column":64}},"type":"default-arg","locations":[{"start":{"line":941,"column":24},"end":{"line":941,"column":64}}]}},"s":{"0":0,"1":0,"2":0,"3":0,"4":0,"5":0,"6":0,"7":0,"8":0,"9":0,"10":0,"11":0,"12":0,"13":0,"14":0,"15":0,"16":0,"17":0,"18":0,"19":0,"20":0,"21":0,"22":0,"23":0,"24":0,"25":0,"26":0,"27":0,"28":0,"29":0,"30":0,"31":0,"32":0,"33":0,"34":0,"35":0,"36":0,"37":0,"38":0,"39":0,"40":0,"41":0,"42":0,"43":0,"44":0,"45":0,"46":0,"47":0,"48":0,"49":0,"50":0,"51":0,"52":0,"53":0,"54":0,"55":0,"56":0,"57":0,"58":0,"59":0,"60":0,"61":0,"62":0,"63":0,"64":0,"65":0,"66":0,"67":0,"68":0,"69":0,"70":0,"71":0,"72":0,"73":0,"74":0,"75":0,"76":0,"77":0,"78":0,"79":0,"80":0,"81":0,"82":0,"83":0,"84":0,"85":0,"86":0,"87":0,"88":0,"89":0,"90":0,"91":0,"92":0,"93":0,"94":0,"95":0,"96":0,"97":0,"98":0,"99":0,"100":0,"101":0,"102":0,"103":0,"104":0,"105":0,"106":0,"107":0,"108":0,"109":0,"110":0,"111":0,"112":0,"113":0,"114":0,"115":0,"116":0,"117":0,"118":0,"119":0,"120":0,"121":0,"122":0,"123":0,"124":0,"125":0,"126":0,"127":0,"128":0,"129":0,"130":0,"131":0,"132":0,"133":0,"134":0,"135":0,"136":0,"137":0,"138":0,"139":0,"140":0,"141":0,"142":0,"143":0,"144":0,"145":0,"146":0,"147":0,"148":0,"149":0,"150":0,"151":0,"152":0,"153":0,"154":0,"155":0,"156":0,"157":0,"158":0,"159":0,"160":0,"161":0,"162":0,"163":0,"164":0,"165":0,"166":0,"167":0,"168":0,"169":0,"170":0,"171":0,"172":0,"173":0,"174":0,"175":0,"176":0},"f":{"0":0,"1":0,"2":0,"3":0,"4":0,"5":0,"6":0,"7":0,"8":0,"9":0,"10":0,"11":0,"12":0,"13":0,"14":0,"15":0,"16":0,"17":0},"b":{"0":[0],"1":[0,0],"2":[0],"3":[0],"4":[0,0],"5":[0,0],"6":[0,0],"7":[0],"8":[0],"9":[0],"10":[0],"11":[0],"12":[0,0],"13":[0],"14":[0],"15":[0],"16":[0],"17":[0,0],"18":[0,0],"19":[0,0],"20":[0],"21":[0],"22":[0],"23":[0],"24":[0,0],"25":[0,0],"26":[0,0],"27":[0,0],"28":[0],"29":[0,0],"30":[0,0],"31":[0,0],"32":[0,0],"33":[0],"34":[0],"35":[0],"36":[0],"37":[0,0],"38":[0,0],"39":[0,0],"40":[0,0],"41":[0]}}
,"D:\\dev\\contabil\\contabil-site\\backend\\src\\controllers\\articleController.ts": {"path":"D:\\dev\\contabil\\contabil-site\\backend\\src\\controllers\\articleController.ts","statementMap":{"0":{"start":{"line":2,"column":0},"end":{"line":2,"column":46}},"1":{"start":{"line":3,"column":0},"end":{"line":3,"column":37}},"2":{"start":{"line":5,"column":15},"end":{"line":5,"column":33}},"3":{"start":{"line":41,"column":4},"end":{"line":151,"column":5}},"4":{"start":{"line":52,"column":26},"end":{"line":52,"column":35}},"5":{"start":{"line":54,"column":19},"end":{"line":54,"column":53}},"6":{"start":{"line":55,"column":19},"end":{"line":55,"column":32}},"7":{"start":{"line":58,"column":25},"end":{"line":58,"column":27}},"8":{"start":{"line":60,"column":6},"end":{"line":66,"column":7}},"9":{"start":{"line":61,"column":8},"end":{"line":65,"column":10}},"10":{"start":{"line":68,"column":6},"end":{"line":72,"column":7}},"11":{"start":{"line":69,"column":8},"end":{"line":71,"column":10}},"12":{"start":{"line":74,"column":6},"end":{"line":78,"column":7}},"13":{"start":{"line":75,"column":8},"end":{"line":77,"column":10}},"14":{"start":{"line":80,"column":6},"end":{"line":82,"column":7}},"15":{"start":{"line":81,"column":8},"end":{"line":81,"column":59}},"16":{"start":{"line":84,"column":6},"end":{"line":86,"column":7}},"17":{"start":{"line":85,"column":8},"end":{"line":85,"column":34}},"18":{"start":{"line":89,"column":27},"end":{"line":89,"column":29}},"19":{"start":{"line":90,"column":6},"end":{"line":90,"column":34}},"20":{"start":{"line":93,"column":32},"end":{"line":126,"column":8}},"21":{"start":{"line":128,"column":25},"end":{"line":128,"column":48}},"22":{"start":{"line":130,"column":6},"end":{"line":144,"column":9}},"23":{"start":{"line":146,"column":6},"end":{"line":146,"column":56}},"24":{"start":{"line":147,"column":6},"end":{"line":150,"column":9}},"25":{"start":{"line":158,"column":4},"end":{"line":268,"column":5}},"26":{"start":{"line":159,"column":29},"end":{"line":159,"column":39}},"27":{"start":{"line":160,"column":43},"end":{"line":160,"column":52}},"28":{"start":{"line":162,"column":6},"end":{"line":168,"column":7}},"29":{"start":{"line":163,"column":8},"end":{"line":166,"column":11}},"30":{"start":{"line":167,"column":8},"end":{"line":167,"column":15}},"31":{"start":{"line":171,"column":20},"end":{"line":202,"column":8}},"32":{"start":{"line":205,"column":6},"end":{"line":238,"column":7}},"33":{"start":{"line":206,"column":8},"end":{"line":237,"column":11}},"34":{"start":{"line":240,"column":6},"end":{"line":246,"column":7}},"35":{"start":{"line":241,"column":8},"end":{"line":244,"column":11}},"36":{"start":{"line":245,"column":8},"end":{"line":245,"column":15}},"37":{"start":{"line":249,"column":6},"end":{"line":255,"column":7}},"38":{"start":{"line":250,"column":8},"end":{"line":253,"column":11}},"39":{"start":{"line":254,"column":8},"end":{"line":254,"column":27}},"40":{"start":{"line":257,"column":6},"end":{"line":261,"column":9}},"41":{"start":{"line":263,"column":6},"end":{"line":263,"column":90}},"42":{"start":{"line":264,"column":6},"end":{"line":267,"column":9}},"43":{"start":{"line":275,"column":4},"end":{"line":411,"column":5}},"44":{"start":{"line":285,"column":23},"end":{"line":285,"column":31}},"45":{"start":{"line":286,"column":27},"end":{"line":286,"column":43}},"46":{"start":{"line":289,"column":6},"end":{"line":295,"column":7}},"47":{"start":{"line":290,"column":8},"end":{"line":293,"column":11}},"48":{"start":{"line":294,"column":8},"end":{"line":294,"column":15}},"49":{"start":{"line":298,"column":24},"end":{"line":298,"column":28}},"50":{"start":{"line":299,"column":6},"end":{"line":308,"column":7}},"51":{"start":{"line":300,"column":8},"end":{"line":307,"column":18}},"52":{"start":{"line":311,"column":30},"end":{"line":313,"column":8}},"53":{"start":{"line":315,"column":6},"end":{"line":318,"column":7}},"54":{"start":{"line":317,"column":8},"end":{"line":317,"column":53}},"55":{"start":{"line":321,"column":6},"end":{"line":333,"column":7}},"56":{"start":{"line":322,"column":25},"end":{"line":324,"column":10}},"57":{"start":{"line":326,"column":8},"end":{"line":332,"column":9}},"58":{"start":{"line":327,"column":10},"end":{"line":330,"column":13}},"59":{"start":{"line":331,"column":10},"end":{"line":331,"column":17}},"60":{"start":{"line":336,"column":27},"end":{"line":336,"column":34}},"61":{"start":{"line":337,"column":6},"end":{"line":343,"column":7}},"62":{"start":{"line":339,"column":26},"end":{"line":339,"column":57}},"63":{"start":{"line":340,"column":8},"end":{"line":342,"column":22}},"64":{"start":{"line":346,"column":31},"end":{"line":358,"column":8}},"65":{"start":{"line":356,"column":48},"end":{"line":356,"column":57}},"66":{"start":{"line":361,"column":6},"end":{"line":365,"column":7}},"67":{"start":{"line":362,"column":8},"end":{"line":364,"column":10}},"68":{"start":{"line":367,"column":22},"end":{"line":390,"column":8}},"69":{"start":{"line":393,"column":6},"end":{"line":398,"column":9}},"70":{"start":{"line":400,"column":6},"end":{"line":404,"column":9}},"71":{"start":{"line":406,"column":6},"end":{"line":406,"column":54}},"72":{"start":{"line":407,"column":6},"end":{"line":410,"column":9}},"73":{"start":{"line":418,"column":4},"end":{"line":586,"column":5}},"74":{"start":{"line":419,"column":21},"end":{"line":419,"column":31}},"75":{"start":{"line":429,"column":23},"end":{"line":429,"column":31}},"76":{"start":{"line":430,"column":27},"end":{"line":430,"column":43}},"77":{"start":{"line":432,"column":6},"end":{"line":438,"column":7}},"78":{"start":{"line":433,"column":8},"end":{"line":436,"column":11}},"79":{"start":{"line":437,"column":8},"end":{"line":437,"column":15}},"80":{"start":{"line":441,"column":30},"end":{"line":443,"column":8}},"81":{"start":{"line":445,"column":6},"end":{"line":451,"column":7}},"82":{"start":{"line":446,"column":8},"end":{"line":449,"column":11}},"83":{"start":{"line":450,"column":8},"end":{"line":450,"column":15}},"84":{"start":{"line":454,"column":6},"end":{"line":460,"column":7}},"85":{"start":{"line":455,"column":8},"end":{"line":458,"column":11}},"86":{"start":{"line":459,"column":8},"end":{"line":459,"column":15}},"87":{"start":{"line":463,"column":30},"end":{"line":463,"column":32}},"88":{"start":{"line":465,"column":6},"end":{"line":465,"column":42}},"89":{"start":{"line":465,"column":17},"end":{"line":465,"column":42}},"90":{"start":{"line":466,"column":6},"end":{"line":466,"column":48}},"91":{"start":{"line":466,"column":19},"end":{"line":466,"column":48}},"92":{"start":{"line":467,"column":6},"end":{"line":467,"column":48}},"93":{"start":{"line":467,"column":19},"end":{"line":467,"column":48}},"94":{"start":{"line":468,"column":6},"end":{"line":468,"column":80}},"95":{"start":{"line":468,"column":39},"end":{"line":468,"column":80}},"96":{"start":{"line":471,"column":6},"end":{"line":495,"column":7}},"97":{"start":{"line":472,"column":8},"end":{"line":494,"column":9}},"98":{"start":{"line":474,"column":27},"end":{"line":476,"column":12}},"99":{"start":{"line":478,"column":10},"end":{"line":484,"column":11}},"100":{"start":{"line":479,"column":12},"end":{"line":482,"column":15}},"101":{"start":{"line":483,"column":12},"end":{"line":483,"column":19}},"102":{"start":{"line":486,"column":10},"end":{"line":489,"column":12}},"103":{"start":{"line":491,"column":10},"end":{"line":493,"column":12}},"104":{"start":{"line":498,"column":6},"end":{"line":503,"column":7}},"105":{"start":{"line":499,"column":8},"end":{"line":502,"column":10}},"106":{"start":{"line":501,"column":47},"end":{"line":501,"column":56}},"107":{"start":{"line":506,"column":6},"end":{"line":523,"column":7}},"108":{"start":{"line":507,"column":26},"end":{"line":512,"column":10}},"109":{"start":{"line":514,"column":8},"end":{"line":520,"column":9}},"110":{"start":{"line":515,"column":10},"end":{"line":518,"column":13}},"111":{"start":{"line":519,"column":10},"end":{"line":519,"column":17}},"112":{"start":{"line":522,"column":8},"end":{"line":522,"column":31}},"113":{"start":{"line":526,"column":6},"end":{"line":538,"column":7}},"114":{"start":{"line":527,"column":8},"end":{"line":527,"column":64}},"115":{"start":{"line":530,"column":8},"end":{"line":532,"column":9}},"116":{"start":{"line":531,"column":10},"end":{"line":531,"column":46}},"117":{"start":{"line":535,"column":8},"end":{"line":537,"column":9}},"118":{"start":{"line":536,"column":10},"end":{"line":536,"column":40}},"119":{"start":{"line":540,"column":6},"end":{"line":540,"column":40}},"120":{"start":{"line":543,"column":29},"end":{"line":566,"column":8}},"121":{"start":{"line":569,"column":6},"end":{"line":573,"column":9}},"122":{"start":{"line":575,"column":6},"end":{"line":579,"column":9}},"123":{"start":{"line":581,"column":6},"end":{"line":581,"column":84}},"124":{"start":{"line":582,"column":6},"end":{"line":585,"column":9}},"125":{"start":{"line":661,"column":4},"end":{"line":771,"column":5}},"126":{"start":{"line":662,"column":21},"end":{"line":662,"column":31}},"127":{"start":{"line":663,"column":28},"end":{"line":663,"column":37}},"128":{"start":{"line":665,"column":6},"end":{"line":671,"column":7}},"129":{"start":{"line":666,"column":8},"end":{"line":669,"column":11}},"130":{"start":{"line":670,"column":8},"end":{"line":670,"column":15}},"131":{"start":{"line":674,"column":29},"end":{"line":688,"column":86}},"132":{"start":{"line":690,"column":6},"end":{"line":696,"column":7}},"133":{"start":{"line":691,"column":8},"end":{"line":694,"column":11}},"134":{"start":{"line":695,"column":8},"end":{"line":695,"column":15}},"135":{"start":{"line":699,"column":30},"end":{"line":758,"column":8}},"136":{"start":{"line":711,"column":65},"end":{"line":711,"column":79}},"137":{"start":{"line":721,"column":59},"end":{"line":721,"column":68}},"138":{"start":{"line":760,"column":6},"end":{"line":764,"column":9}},"139":{"start":{"line":766,"column":6},"end":{"line":766,"column":95}},"140":{"start":{"line":767,"column":6},"end":{"line":770,"column":9}},"141":{"start":{"line":778,"column":4},"end":{"line":842,"column":5}},"142":{"start":{"line":779,"column":44},"end":{"line":779,"column":53}},"143":{"start":{"line":782,"column":25},"end":{"line":782,"column":39}},"144":{"start":{"line":783,"column":24},"end":{"line":783,"column":34}},"145":{"start":{"line":784,"column":6},"end":{"line":784,"column":58}},"146":{"start":{"line":786,"column":30},"end":{"line":829,"column":8}},"147":{"start":{"line":831,"column":6},"end":{"line":835,"column":9}},"148":{"start":{"line":837,"column":6},"end":{"line":837,"column":66}},"149":{"start":{"line":838,"column":6},"end":{"line":841,"column":9}},"150":{"start":{"line":849,"column":4},"end":{"line":905,"column":5}},"151":{"start":{"line":850,"column":21},"end":{"line":850,"column":31}},"152":{"start":{"line":851,"column":27},"end":{"line":851,"column":43}},"153":{"start":{"line":853,"column":6},"end":{"line":859,"column":7}},"154":{"start":{"line":854,"column":8},"end":{"line":857,"column":11}},"155":{"start":{"line":858,"column":8},"end":{"line":858,"column":15}},"156":{"start":{"line":862,"column":30},"end":{"line":864,"column":8}},"157":{"start":{"line":866,"column":6},"end":{"line":872,"column":7}},"158":{"start":{"line":867,"column":8},"end":{"line":870,"column":11}},"159":{"start":{"line":871,"column":8},"end":{"line":871,"column":15}},"160":{"start":{"line":875,"column":6},"end":{"line":881,"column":7}},"161":{"start":{"line":876,"column":8},"end":{"line":879,"column":11}},"162":{"start":{"line":880,"column":8},"end":{"line":880,"column":15}},"163":{"start":{"line":884,"column":6},"end":{"line":886,"column":9}},"164":{"start":{"line":889,"column":6},"end":{"line":893,"column":9}},"165":{"start":{"line":895,"column":6},"end":{"line":898,"column":9}},"166":{"start":{"line":900,"column":6},"end":{"line":900,"column":82}},"167":{"start":{"line":901,"column":6},"end":{"line":904,"column":9}},"168":{"start":{"line":912,"column":4},"end":{"line":989,"column":5}},"169":{"start":{"line":913,"column":21},"end":{"line":913,"column":31}},"170":{"start":{"line":914,"column":27},"end":{"line":914,"column":43}},"171":{"start":{"line":916,"column":6},"end":{"line":922,"column":7}},"172":{"start":{"line":917,"column":8},"end":{"line":920,"column":11}},"173":{"start":{"line":921,"column":8},"end":{"line":921,"column":15}},"174":{"start":{"line":925,"column":22},"end":{"line":927,"column":8}},"175":{"start":{"line":929,"column":6},"end":{"line":935,"column":7}},"176":{"start":{"line":930,"column":8},"end":{"line":933,"column":11}},"177":{"start":{"line":934,"column":8},"end":{"line":934,"column":15}},"178":{"start":{"line":938,"column":27},"end":{"line":945,"column":8}},"179":{"start":{"line":947,"column":18},"end":{"line":947,"column":23}},"180":{"start":{"line":948,"column":6},"end":{"line":968,"column":7}},"181":{"start":{"line":950,"column":8},"end":{"line":957,"column":11}},"182":{"start":{"line":958,"column":8},"end":{"line":958,"column":22}},"183":{"start":{"line":961,"column":8},"end":{"line":966,"column":11}},"184":{"start":{"line":967,"column":8},"end":{"line":967,"column":21}},"185":{"start":{"line":971,"column":25},"end":{"line":973,"column":8}},"186":{"start":{"line":975,"column":6},"end":{"line":982,"column":9}},"187":{"start":{"line":984,"column":6},"end":{"line":984,"column":81}},"188":{"start":{"line":985,"column":6},"end":{"line":988,"column":9}},"189":{"start":{"line":996,"column":4},"end":{"line":1074,"column":5}},"190":{"start":{"line":997,"column":21},"end":{"line":997,"column":31}},"191":{"start":{"line":998,"column":59},"end":{"line":998,"column":68}},"192":{"start":{"line":1000,"column":6},"end":{"line":1006,"column":7}},"193":{"start":{"line":1001,"column":8},"end":{"line":1004,"column":11}},"194":{"start":{"line":1005,"column":8},"end":{"line":1005,"column":15}},"195":{"start":{"line":1009,"column":22},"end":{"line":1011,"column":8}},"196":{"start":{"line":1013,"column":6},"end":{"line":1019,"column":7}},"197":{"start":{"line":1014,"column":8},"end":{"line":1017,"column":11}},"198":{"start":{"line":1018,"column":8},"end":{"line":1018,"column":15}},"199":{"start":{"line":1021,"column":19},"end":{"line":1021,"column":53}},"200":{"start":{"line":1022,"column":19},"end":{"line":1022,"column":32}},"201":{"start":{"line":1025,"column":32},"end":{"line":1049,"column":8}},"202":{"start":{"line":1051,"column":25},"end":{"line":1051,"column":48}},"203":{"start":{"line":1053,"column":6},"end":{"line":1067,"column":9}},"204":{"start":{"line":1069,"column":6},"end":{"line":1069,"column":86}},"205":{"start":{"line":1070,"column":6},"end":{"line":1073,"column":9}},"206":{"start":{"line":1081,"column":4},"end":{"line":1151,"column":5}},"207":{"start":{"line":1082,"column":21},"end":{"line":1082,"column":31}},"208":{"start":{"line":1083,"column":26},"end":{"line":1083,"column":34}},"209":{"start":{"line":1084,"column":27},"end":{"line":1084,"column":43}},"210":{"start":{"line":1086,"column":6},"end":{"line":1092,"column":7}},"211":{"start":{"line":1087,"column":8},"end":{"line":1090,"column":11}},"212":{"start":{"line":1091,"column":8},"end":{"line":1091,"column":15}},"213":{"start":{"line":1094,"column":6},"end":{"line":1100,"column":7}},"214":{"start":{"line":1095,"column":8},"end":{"line":1098,"column":11}},"215":{"start":{"line":1099,"column":8},"end":{"line":1099,"column":15}},"216":{"start":{"line":1103,"column":22},"end":{"line":1105,"column":8}},"217":{"start":{"line":1107,"column":6},"end":{"line":1113,"column":7}},"218":{"start":{"line":1108,"column":8},"end":{"line":1111,"column":11}},"219":{"start":{"line":1112,"column":8},"end":{"line":1112,"column":15}},"220":{"start":{"line":1116,"column":22},"end":{"line":1131,"column":8}},"221":{"start":{"line":1134,"column":6},"end":{"line":1138,"column":9}},"222":{"start":{"line":1140,"column":6},"end":{"line":1144,"column":9}},"223":{"start":{"line":1146,"column":6},"end":{"line":1146,"column":84}},"224":{"start":{"line":1147,"column":6},"end":{"line":1150,"column":9}},"225":{"start":{"line":36,"column":0},"end":{"line":36,"column":13}},"226":{"start":{"line":1155,"column":0},"end":{"line":1155,"column":33}}},"fnMap":{"0":{"name":"(anonymous_1)","decl":{"start":{"line":40,"column":2},"end":{"line":40,"column":8}},"loc":{"start":{"line":40,"column":54},"end":{"line":152,"column":3}}},"1":{"name":"(anonymous_2)","decl":{"start":{"line":157,"column":2},"end":{"line":157,"column":8}},"loc":{"start":{"line":157,"column":53},"end":{"line":269,"column":3}}},"2":{"name":"(anonymous_3)","decl":{"start":{"line":274,"column":2},"end":{"line":274,"column":8}},"loc":{"start":{"line":274,"column":56},"end":{"line":412,"column":3}}},"3":{"name":"(anonymous_4)","decl":{"start":{"line":356,"column":28},"end":{"line":356,"column":29}},"loc":{"start":{"line":356,"column":48},"end":{"line":356,"column":57}}},"4":{"name":"(anonymous_5)","decl":{"start":{"line":417,"column":2},"end":{"line":417,"column":8}},"loc":{"start":{"line":417,"column":56},"end":{"line":587,"column":3}}},"5":{"name":"(anonymous_6)","decl":{"start":{"line":501,"column":27},"end":{"line":501,"column":28}},"loc":{"start":{"line":501,"column":47},"end":{"line":501,"column":56}}},"6":{"name":"(anonymous_7)","decl":{"start":{"line":660,"column":2},"end":{"line":660,"column":8}},"loc":{"start":{"line":660,"column":61},"end":{"line":772,"column":3}}},"7":{"name":"(anonymous_8)","decl":{"start":{"line":711,"column":58},"end":{"line":711,"column":61}},"loc":{"start":{"line":711,"column":65},"end":{"line":711,"column":79}}},"8":{"name":"(anonymous_9)","decl":{"start":{"line":721,"column":52},"end":{"line":721,"column":55}},"loc":{"start":{"line":721,"column":59},"end":{"line":721,"column":68}}},"9":{"name":"(anonymous_10)","decl":{"start":{"line":777,"column":2},"end":{"line":777,"column":8}},"loc":{"start":{"line":777,"column":61},"end":{"line":843,"column":3}}},"10":{"name":"(anonymous_11)","decl":{"start":{"line":848,"column":2},"end":{"line":848,"column":8}},"loc":{"start":{"line":848,"column":56},"end":{"line":906,"column":3}}},"11":{"name":"(anonymous_12)","decl":{"start":{"line":911,"column":2},"end":{"line":911,"column":8}},"loc":{"start":{"line":911,"column":54},"end":{"line":990,"column":3}}},"12":{"name":"(anonymous_13)","decl":{"start":{"line":995,"column":2},"end":{"line":995,"column":8}},"loc":{"start":{"line":995,"column":61},"end":{"line":1075,"column":3}}},"13":{"name":"(anonymous_14)","decl":{"start":{"line":1080,"column":2},"end":{"line":1080,"column":8}},"loc":{"start":{"line":1080,"column":56},"end":{"line":1152,"column":3}}}},"branchMap":{"0":{"loc":{"start":{"line":48,"column":8},"end":{"line":48,"column":16}},"type":"default-arg","locations":[{"start":{"line":48,"column":15},"end":{"line":48,"column":16}}]},"1":{"loc":{"start":{"line":49,"column":8},"end":{"line":49,"column":18}},"type":"default-arg","locations":[{"start":{"line":49,"column":16},"end":{"line":49,"column":18}}]},"2":{"loc":{"start":{"line":50,"column":8},"end":{"line":50,"column":28}},"type":"default-arg","locations":[{"start":{"line":50,"column":17},"end":{"line":50,"column":28}}]},"3":{"loc":{"start":{"line":51,"column":8},"end":{"line":51,"column":26}},"type":"default-arg","locations":[{"start":{"line":51,"column":20},"end":{"line":51,"column":26}}]},"4":{"loc":{"start":{"line":60,"column":6},"end":{"line":66,"column":7}},"type":"if","locations":[{"start":{"line":60,"column":6},"end":{"line":66,"column":7}}]},"5":{"loc":{"start":{"line":68,"column":6},"end":{"line":72,"column":7}},"type":"if","locations":[{"start":{"line":68,"column":6},"end":{"line":72,"column":7}}]},"6":{"loc":{"start":{"line":74,"column":6},"end":{"line":78,"column":7}},"type":"if","locations":[{"start":{"line":74,"column":6},"end":{"line":78,"column":7}}]},"7":{"loc":{"start":{"line":80,"column":6},"end":{"line":82,"column":7}},"type":"if","locations":[{"start":{"line":80,"column":6},"end":{"line":82,"column":7}}]},"8":{"loc":{"start":{"line":81,"column":23},"end":{"line":81,"column":58}},"type":"cond-expr","locations":[{"start":{"line":81,"column":37},"end":{"line":81,"column":48}},{"start":{"line":81,"column":51},"end":{"line":81,"column":58}}]},"9":{"loc":{"start":{"line":84,"column":6},"end":{"line":86,"column":7}},"type":"if","locations":[{"start":{"line":84,"column":6},"end":{"line":86,"column":7}}]},"10":{"loc":{"start":{"line":160,"column":14},"end":{"line":160,"column":38}},"type":"default-arg","locations":[{"start":{"line":160,"column":31},"end":{"line":160,"column":38}}]},"11":{"loc":{"start":{"line":162,"column":6},"end":{"line":168,"column":7}},"type":"if","locations":[{"start":{"line":162,"column":6},"end":{"line":168,"column":7}}]},"12":{"loc":{"start":{"line":205,"column":6},"end":{"line":238,"column":7}},"type":"if","locations":[{"start":{"line":205,"column":6},"end":{"line":238,"column":7}}]},"13":{"loc":{"start":{"line":240,"column":6},"end":{"line":246,"column":7}},"type":"if","locations":[{"start":{"line":240,"column":6},"end":{"line":246,"column":7}}]},"14":{"loc":{"start":{"line":249,"column":6},"end":{"line":255,"column":7}},"type":"if","locations":[{"start":{"line":249,"column":6},"end":{"line":255,"column":7}}]},"15":{"loc":{"start":{"line":282,"column":8},"end":{"line":282,"column":27}},"type":"default-arg","locations":[{"start":{"line":282,"column":22},"end":{"line":282,"column":27}}]},"16":{"loc":{"start":{"line":283,"column":8},"end":{"line":283,"column":17}},"type":"default-arg","locations":[{"start":{"line":283,"column":15},"end":{"line":283,"column":17}}]},"17":{"loc":{"start":{"line":289,"column":6},"end":{"line":295,"column":7}},"type":"if","locations":[{"start":{"line":289,"column":6},"end":{"line":295,"column":7}}]},"18":{"loc":{"start":{"line":289,"column":10},"end":{"line":289,"column":28}},"type":"binary-expr","locations":[{"start":{"line":289,"column":10},"end":{"line":289,"column":16}},{"start":{"line":289,"column":20},"end":{"line":289,"column":28}}]},"19":{"loc":{"start":{"line":299,"column":6},"end":{"line":308,"column":7}},"type":"if","locations":[{"start":{"line":299,"column":6},"end":{"line":308,"column":7}}]},"20":{"loc":{"start":{"line":315,"column":6},"end":{"line":318,"column":7}},"type":"if","locations":[{"start":{"line":315,"column":6},"end":{"line":318,"column":7}}]},"21":{"loc":{"start":{"line":321,"column":6},"end":{"line":333,"column":7}},"type":"if","locations":[{"start":{"line":321,"column":6},"end":{"line":333,"column":7}}]},"22":{"loc":{"start":{"line":326,"column":8},"end":{"line":332,"column":9}},"type":"if","locations":[{"start":{"line":326,"column":8},"end":{"line":332,"column":9}}]},"23":{"loc":{"start":{"line":337,"column":6},"end":{"line":343,"column":7}},"type":"if","locations":[{"start":{"line":337,"column":6},"end":{"line":343,"column":7}}]},"24":{"loc":{"start":{"line":340,"column":25},"end":{"line":342,"column":21}},"type":"cond-expr","locations":[{"start":{"line":341,"column":12},"end":{"line":341,"column":47}},{"start":{"line":342,"column":12},"end":{"line":342,"column":21}}]},"25":{"loc":{"start":{"line":347,"column":15},"end":{"line":347,"column":26}},"type":"binary-expr","locations":[{"start":{"line":347,"column":15},"end":{"line":347,"column":20}},{"start":{"line":347,"column":24},"end":{"line":347,"column":26}}]},"26":{"loc":{"start":{"line":348,"column":17},"end":{"line":348,"column":30}},"type":"binary-expr","locations":[{"start":{"line":348,"column":17},"end":{"line":348,"column":24}},{"start":{"line":348,"column":28},"end":{"line":348,"column":30}}]},"27":{"loc":{"start":{"line":351,"column":23},"end":{"line":351,"column":49}},"type":"binary-expr","locations":[{"start":{"line":351,"column":23},"end":{"line":351,"column":36}},{"start":{"line":351,"column":40},"end":{"line":351,"column":49}}]},"28":{"loc":{"start":{"line":352,"column":16},"end":{"line":352,"column":51}},"type":"cond-expr","locations":[{"start":{"line":352,"column":30},"end":{"line":352,"column":41}},{"start":{"line":352,"column":44},"end":{"line":352,"column":51}}]},"29":{"loc":{"start":{"line":353,"column":21},"end":{"line":353,"column":52}},"type":"cond-expr","locations":[{"start":{"line":353,"column":35},"end":{"line":353,"column":45}},{"start":{"line":353,"column":48},"end":{"line":353,"column":52}}]},"30":{"loc":{"start":{"line":356,"column":18},"end":{"line":356,"column":65}},"type":"binary-expr","locations":[{"start":{"line":356,"column":18},"end":{"line":356,"column":59}},{"start":{"line":356,"column":63},"end":{"line":356,"column":65}}]},"31":{"loc":{"start":{"line":361,"column":6},"end":{"line":365,"column":7}},"type":"if","locations":[{"start":{"line":361,"column":6},"end":{"line":365,"column":7}}]},"32":{"loc":{"start":{"line":432,"column":6},"end":{"line":438,"column":7}},"type":"if","locations":[{"start":{"line":432,"column":6},"end":{"line":438,"column":7}}]},"33":{"loc":{"start":{"line":445,"column":6},"end":{"line":451,"column":7}},"type":"if","locations":[{"start":{"line":445,"column":6},"end":{"line":451,"column":7}}]},"34":{"loc":{"start":{"line":454,"column":6},"end":{"line":460,"column":7}},"type":"if","locations":[{"start":{"line":454,"column":6},"end":{"line":460,"column":7}}]},"35":{"loc":{"start":{"line":454,"column":10},"end":{"line":454,"column":85}},"type":"binary-expr","locations":[{"start":{"line":454,"column":10},"end":{"line":454,"column":38}},{"start":{"line":454,"column":42},"end":{"line":454,"column":85}}]},"36":{"loc":{"start":{"line":465,"column":6},"end":{"line":465,"column":42}},"type":"if","locations":[{"start":{"line":465,"column":6},"end":{"line":465,"column":42}}]},"37":{"loc":{"start":{"line":466,"column":6},"end":{"line":466,"column":48}},"type":"if","locations":[{"start":{"line":466,"column":6},"end":{"line":466,"column":48}}]},"38":{"loc":{"start":{"line":467,"column":6},"end":{"line":467,"column":48}},"type":"if","locations":[{"start":{"line":467,"column":6},"end":{"line":467,"column":48}}]},"39":{"loc":{"start":{"line":468,"column":6},"end":{"line":468,"column":80}},"type":"if","locations":[{"start":{"line":468,"column":6},"end":{"line":468,"column":80}}]},"40":{"loc":{"start":{"line":471,"column":6},"end":{"line":495,"column":7}},"type":"if","locations":[{"start":{"line":471,"column":6},"end":{"line":495,"column":7}}]},"41":{"loc":{"start":{"line":472,"column":8},"end":{"line":494,"column":9}},"type":"if","locations":[{"start":{"line":472,"column":8},"end":{"line":494,"column":9}},{"start":{"line":490,"column":15},"end":{"line":494,"column":9}}]},"42":{"loc":{"start":{"line":478,"column":10},"end":{"line":484,"column":11}},"type":"if","locations":[{"start":{"line":478,"column":10},"end":{"line":484,"column":11}}]},"43":{"loc":{"start":{"line":498,"column":6},"end":{"line":503,"column":7}},"type":"if","locations":[{"start":{"line":498,"column":6},"end":{"line":503,"column":7}}]},"44":{"loc":{"start":{"line":506,"column":6},"end":{"line":523,"column":7}},"type":"if","locations":[{"start":{"line":506,"column":6},"end":{"line":523,"column":7}}]},"45":{"loc":{"start":{"line":506,"column":10},"end":{"line":506,"column":47}},"type":"binary-expr","locations":[{"start":{"line":506,"column":10},"end":{"line":506,"column":14}},{"start":{"line":506,"column":18},"end":{"line":506,"column":47}}]},"46":{"loc":{"start":{"line":514,"column":8},"end":{"line":520,"column":9}},"type":"if","locations":[{"start":{"line":514,"column":8},"end":{"line":520,"column":9}}]},"47":{"loc":{"start":{"line":526,"column":6},"end":{"line":538,"column":7}},"type":"if","locations":[{"start":{"line":526,"column":6},"end":{"line":538,"column":7}}]},"48":{"loc":{"start":{"line":527,"column":28},"end":{"line":527,"column":63}},"type":"cond-expr","locations":[{"start":{"line":527,"column":42},"end":{"line":527,"column":53}},{"start":{"line":527,"column":56},"end":{"line":527,"column":63}}]},"49":{"loc":{"start":{"line":530,"column":8},"end":{"line":532,"column":9}},"type":"if","locations":[{"start":{"line":530,"column":8},"end":{"line":532,"column":9}}]},"50":{"loc":{"start":{"line":530,"column":12},"end":{"line":530,"column":65}},"type":"binary-expr","locations":[{"start":{"line":530,"column":12},"end":{"line":530,"column":23}},{"start":{"line":530,"column":27},"end":{"line":530,"column":65}}]},"51":{"loc":{"start":{"line":535,"column":8},"end":{"line":537,"column":9}},"type":"if","locations":[{"start":{"line":535,"column":8},"end":{"line":537,"column":9}}]},"52":{"loc":{"start":{"line":535,"column":12},"end":{"line":535,"column":66}},"type":"binary-expr","locations":[{"start":{"line":535,"column":12},"end":{"line":535,"column":24}},{"start":{"line":535,"column":28},"end":{"line":535,"column":66}}]},"53":{"loc":{"start":{"line":663,"column":14},"end":{"line":663,"column":23}},"type":"default-arg","locations":[{"start":{"line":663,"column":22},"end":{"line":663,"column":23}}]},"54":{"loc":{"start":{"line":665,"column":6},"end":{"line":671,"column":7}},"type":"if","locations":[{"start":{"line":665,"column":6},"end":{"line":671,"column":7}}]},"55":{"loc":{"start":{"line":690,"column":6},"end":{"line":696,"column":7}},"type":"if","locations":[{"start":{"line":690,"column":6},"end":{"line":696,"column":7}}]},"56":{"loc":{"start":{"line":707,"column":16},"end":{"line":715,"column":22}},"type":"cond-expr","locations":[{"start":{"line":707,"column":55},"end":{"line":715,"column":18}},{"start":{"line":715,"column":20},"end":{"line":715,"column":22}}]},"57":{"loc":{"start":{"line":717,"column":16},"end":{"line":725,"column":22}},"type":"cond-expr","locations":[{"start":{"line":717,"column":49},"end":{"line":725,"column":18}},{"start":{"line":725,"column":20},"end":{"line":725,"column":22}}]},"58":{"loc":{"start":{"line":779,"column":14},"end":{"line":779,"column":24}},"type":"default-arg","locations":[{"start":{"line":779,"column":22},"end":{"line":779,"column":24}}]},"59":{"loc":{"start":{"line":779,"column":26},"end":{"line":779,"column":39}},"type":"default-arg","locations":[{"start":{"line":779,"column":35},"end":{"line":779,"column":39}}]},"60":{"loc":{"start":{"line":853,"column":6},"end":{"line":859,"column":7}},"type":"if","locations":[{"start":{"line":853,"column":6},"end":{"line":859,"column":7}}]},"61":{"loc":{"start":{"line":866,"column":6},"end":{"line":872,"column":7}},"type":"if","locations":[{"start":{"line":866,"column":6},"end":{"line":872,"column":7}}]},"62":{"loc":{"start":{"line":875,"column":6},"end":{"line":881,"column":7}},"type":"if","locations":[{"start":{"line":875,"column":6},"end":{"line":881,"column":7}}]},"63":{"loc":{"start":{"line":875,"column":10},"end":{"line":875,"column":85}},"type":"binary-expr","locations":[{"start":{"line":875,"column":10},"end":{"line":875,"column":38}},{"start":{"line":875,"column":42},"end":{"line":875,"column":85}}]},"64":{"loc":{"start":{"line":916,"column":6},"end":{"line":922,"column":7}},"type":"if","locations":[{"start":{"line":916,"column":6},"end":{"line":922,"column":7}}]},"65":{"loc":{"start":{"line":929,"column":6},"end":{"line":935,"column":7}},"type":"if","locations":[{"start":{"line":929,"column":6},"end":{"line":935,"column":7}}]},"66":{"loc":{"start":{"line":948,"column":6},"end":{"line":968,"column":7}},"type":"if","locations":[{"start":{"line":948,"column":6},"end":{"line":968,"column":7}},{"start":{"line":959,"column":13},"end":{"line":968,"column":7}}]},"67":{"loc":{"start":{"line":977,"column":17},"end":{"line":977,"column":62}},"type":"cond-expr","locations":[{"start":{"line":977,"column":25},"end":{"line":977,"column":41}},{"start":{"line":977,"column":44},"end":{"line":977,"column":62}}]},"68":{"loc":{"start":{"line":998,"column":14},"end":{"line":998,"column":22}},"type":"default-arg","locations":[{"start":{"line":998,"column":21},"end":{"line":998,"column":22}}]},"69":{"loc":{"start":{"line":998,"column":24},"end":{"line":998,"column":34}},"type":"default-arg","locations":[{"start":{"line":998,"column":32},"end":{"line":998,"column":34}}]},"70":{"loc":{"start":{"line":998,"column":36},"end":{"line":998,"column":54}},"type":"default-arg","locations":[{"start":{"line":998,"column":48},"end":{"line":998,"column":54}}]},"71":{"loc":{"start":{"line":1000,"column":6},"end":{"line":1006,"column":7}},"type":"if","locations":[{"start":{"line":1000,"column":6},"end":{"line":1006,"column":7}}]},"72":{"loc":{"start":{"line":1013,"column":6},"end":{"line":1019,"column":7}},"type":"if","locations":[{"start":{"line":1013,"column":6},"end":{"line":1019,"column":7}}]},"73":{"loc":{"start":{"line":1086,"column":6},"end":{"line":1092,"column":7}},"type":"if","locations":[{"start":{"line":1086,"column":6},"end":{"line":1092,"column":7}}]},"74":{"loc":{"start":{"line":1094,"column":6},"end":{"line":1100,"column":7}},"type":"if","locations":[{"start":{"line":1094,"column":6},"end":{"line":1100,"column":7}}]},"75":{"loc":{"start":{"line":1094,"column":10},"end":{"line":1094,"column":49}},"type":"binary-expr","locations":[{"start":{"line":1094,"column":10},"end":{"line":1094,"column":18}},{"start":{"line":1094,"column":22},"end":{"line":1094,"column":49}}]},"76":{"loc":{"start":{"line":1107,"column":6},"end":{"line":1113,"column":7}},"type":"if","locations":[{"start":{"line":1107,"column":6},"end":{"line":1113,"column":7}}]}},"s":{"0":0,"1":0,"2":0,"3":0,"4":0,"5":0,"6":0,"7":0,"8":0,"9":0,"10":0,"11":0,"12":0,"13":0,"14":0,"15":0,"16":0,"17":0,"18":0,"19":0,"20":0,"21":0,"22":0,"23":0,"24":0,"25":0,"26":0,"27":0,"28":0,"29":0,"30":0,"31":0,"32":0,"33":0,"34":0,"35":0,"36":0,"37":0,"38":0,"39":0,"40":0,"41":0,"42":0,"43":0,"44":0,"45":0,"46":0,"47":0,"48":0,"49":0,"50":0,"51":0,"52":0,"53":0,"54":0,"55":0,"56":0,"57":0,"58":0,"59":0,"60":0,"61":0,"62":0,"63":0,"64":0,"65":0,"66":0,"67":0,"68":0,"69":0,"70":0,"71":0,"72":0,"73":0,"74":0,"75":0,"76":0,"77":0,"78":0,"79":0,"80":0,"81":0,"82":0,"83":0,"84":0,"85":0,"86":0,"87":0,"88":0,"89":0,"90":0,"91":0,"92":0,"93":0,"94":0,"95":0,"96":0,"97":0,"98":0,"99":0,"100":0,"101":0,"102":0,"103":0,"104":0,"105":0,"106":0,"107":0,"108":0,"109":0,"110":0,"111":0,"112":0,"113":0,"114":0,"115":0,"116":0,"117":0,"118":0,"119":0,"120":0,"121":0,"122":0,"123":0,"124":0,"125":0,"126":0,"127":0,"128":0,"129":0,"130":0,"131":0,"132":0,"133":0,"134":0,"135":0,"136":0,"137":0,"138":0,"139":0,"140":0,"141":0,"142":0,"143":0,"144":0,"145":0,"146":0,"147":0,"148":0,"149":0,"150":0,"151":0,"152":0,"153":0,"154":0,"155":0,"156":0,"157":0,"158":0,"159":0,"160":0,"161":0,"162":0,"163":0,"164":0,"165":0,"166":0,"167":0,"168":0,"169":0,"170":0,"171":0,"172":0,"173":0,"174":0,"175":0,"176":0,"177":0,"178":0,"179":0,"180":0,"181":0,"182":0,"183":0,"184":0,"185":0,"186":0,"187":0,"188":0,"189":0,"190":0,"191":0,"192":0,"193":0,"194":0,"195":0,"196":0,"197":0,"198":0,"199":0,"200":0,"201":0,"202":0,"203":0,"204":0,"205":0,"206":0,"207":0,"208":0,"209":0,"210":0,"211":0,"212":0,"213":0,"214":0,"215":0,"216":0,"217":0,"218":0,"219":0,"220":0,"221":0,"222":0,"223":0,"224":0,"225":0,"226":0},"f":{"0":0,"1":0,"2":0,"3":0,"4":0,"5":0,"6":0,"7":0,"8":0,"9":0,"10":0,"11":0,"12":0,"13":0},"b":{"0":[0],"1":[0],"2":[0],"3":[0],"4":[0],"5":[0],"6":[0],"7":[0],"8":[0,0],"9":[0],"10":[0],"11":[0],"12":[0],"13":[0],"14":[0],"15":[0],"16":[0],"17":[0],"18":[0,0],"19":[0],"20":[0],"21":[0],"22":[0],"23":[0],"24":[0,0],"25":[0,0],"26":[0,0],"27":[0,0],"28":[0,0],"29":[0,0],"30":[0,0],"31":[0],"32":[0],"33":[0],"34":[0],"35":[0,0],"36":[0],"37":[0],"38":[0],"39":[0],"40":[0],"41":[0,0],"42":[0],"43":[0],"44":[0],"45":[0,0],"46":[0],"47":[0],"48":[0,0],"49":[0],"50":[0,0],"51":[0],"52":[0,0],"53":[0],"54":[0],"55":[0],"56":[0,0],"57":[0,0],"58":[0],"59":[0],"60":[0],"61":[0],"62":[0],"63":[0,0],"64":[0],"65":[0],"66":[0,0],"67":[0,0],"68":[0],"69":[0],"70":[0],"71":[0],"72":[0],"73":[0],"74":[0],"75":[0,0],"76":[0]}}
,"D:\\dev\\contabil\\contabil-site\\backend\\src\\controllers\\authController.ts": {"path":"D:\\dev\\contabil\\contabil-site\\backend\\src\\controllers\\authController.ts","statementMap":{"0":{"start":{"line":2,"column":0},"end":{"line":2,"column":86}},"1":{"start":{"line":3,"column":0},"end":{"line":3,"column":39}},"2":{"start":{"line":4,"column":0},"end":{"line":4,"column":37}},"3":{"start":{"line":19,"column":4},"end":{"line":46,"column":5}},"4":{"start":{"line":20,"column":41},"end":{"line":20,"column":49}},"5":{"start":{"line":22,"column":21},"end":{"line":22,"column":61}},"6":{"start":{"line":24,"column":6},"end":{"line":28,"column":9}},"7":{"start":{"line":30,"column":6},"end":{"line":30,"column":74}},"8":{"start":{"line":33,"column":23},"end":{"line":33,"column":26}},"9":{"start":{"line":34,"column":6},"end":{"line":40,"column":7}},"10":{"start":{"line":35,"column":8},"end":{"line":35,"column":25}},"11":{"start":{"line":36,"column":13},"end":{"line":40,"column":7}},"12":{"start":{"line":39,"column":8},"end":{"line":39,"column":25}},"13":{"start":{"line":42,"column":6},"end":{"line":45,"column":9}},"14":{"start":{"line":53,"column":4},"end":{"line":80,"column":5}},"15":{"start":{"line":54,"column":42},"end":{"line":54,"column":50}},"16":{"start":{"line":56,"column":21},"end":{"line":56,"column":55}},"17":{"start":{"line":58,"column":6},"end":{"line":62,"column":9}},"18":{"start":{"line":64,"column":6},"end":{"line":64,"column":68}},"19":{"start":{"line":67,"column":23},"end":{"line":67,"column":26}},"20":{"start":{"line":68,"column":6},"end":{"line":74,"column":7}},"21":{"start":{"line":70,"column":8},"end":{"line":70,"column":25}},"22":{"start":{"line":71,"column":13},"end":{"line":74,"column":7}},"23":{"start":{"line":73,"column":8},"end":{"line":73,"column":25}},"24":{"start":{"line":76,"column":6},"end":{"line":79,"column":9}},"25":{"start":{"line":87,"column":4},"end":{"line":112,"column":5}},"26":{"start":{"line":88,"column":49},"end":{"line":88,"column":57}},"27":{"start":{"line":90,"column":21},"end":{"line":90,"column":65}},"28":{"start":{"line":92,"column":6},"end":{"line":96,"column":9}},"29":{"start":{"line":98,"column":6},"end":{"line":98,"column":73}},"30":{"start":{"line":101,"column":23},"end":{"line":101,"column":26}},"31":{"start":{"line":102,"column":6},"end":{"line":106,"column":7}},"32":{"start":{"line":105,"column":8},"end":{"line":105,"column":25}},"33":{"start":{"line":108,"column":6},"end":{"line":111,"column":9}},"34":{"start":{"line":119,"column":4},"end":{"line":141,"column":5}},"35":{"start":{"line":125,"column":22},"end":{"line":125,"column":42}},"36":{"start":{"line":127,"column":6},"end":{"line":129,"column":7}},"37":{"start":{"line":128,"column":8},"end":{"line":128,"column":54}},"38":{"start":{"line":131,"column":6},"end":{"line":134,"column":9}},"39":{"start":{"line":136,"column":6},"end":{"line":136,"column":54}},"40":{"start":{"line":137,"column":6},"end":{"line":140,"column":9}},"41":{"start":{"line":148,"column":4},"end":{"line":170,"column":5}},"42":{"start":{"line":149,"column":20},"end":{"line":149,"column":36}},"43":{"start":{"line":151,"column":6},"end":{"line":157,"column":7}},"44":{"start":{"line":152,"column":8},"end":{"line":155,"column":11}},"45":{"start":{"line":156,"column":8},"end":{"line":156,"column":15}},"46":{"start":{"line":159,"column":6},"end":{"line":163,"column":9}},"47":{"start":{"line":165,"column":6},"end":{"line":165,"column":57}},"48":{"start":{"line":166,"column":6},"end":{"line":169,"column":9}},"49":{"start":{"line":177,"column":4},"end":{"line":213,"column":5}},"50":{"start":{"line":178,"column":24},"end":{"line":178,"column":32}},"51":{"start":{"line":180,"column":6},"end":{"line":186,"column":7}},"52":{"start":{"line":181,"column":8},"end":{"line":184,"column":11}},"53":{"start":{"line":185,"column":8},"end":{"line":185,"column":15}},"54":{"start":{"line":189,"column":19},"end":{"line":191,"column":8}},"55":{"start":{"line":194,"column":6},"end":{"line":201,"column":7}},"56":{"start":{"line":197,"column":8},"end":{"line":200,"column":11}},"57":{"start":{"line":203,"column":6},"end":{"line":206,"column":9}},"58":{"start":{"line":208,"column":6},"end":{"line":208,"column":66}},"59":{"start":{"line":209,"column":6},"end":{"line":212,"column":9}},"60":{"start":{"line":220,"column":4},"end":{"line":250,"column":5}},"61":{"start":{"line":221,"column":22},"end":{"line":221,"column":42}},"62":{"start":{"line":223,"column":6},"end":{"line":229,"column":7}},"63":{"start":{"line":224,"column":8},"end":{"line":227,"column":11}},"64":{"start":{"line":228,"column":8},"end":{"line":228,"column":15}},"65":{"start":{"line":231,"column":19},"end":{"line":231,"column":56}},"66":{"start":{"line":233,"column":6},"end":{"line":237,"column":9}},"67":{"start":{"line":239,"column":6},"end":{"line":239,"column":69}},"68":{"start":{"line":241,"column":23},"end":{"line":241,"column":26}},"69":{"start":{"line":242,"column":6},"end":{"line":244,"column":7}},"70":{"start":{"line":243,"column":8},"end":{"line":243,"column":25}},"71":{"start":{"line":246,"column":6},"end":{"line":249,"column":9}},"72":{"start":{"line":257,"column":4},"end":{"line":292,"column":5}},"73":{"start":{"line":258,"column":22},"end":{"line":258,"column":42}},"74":{"start":{"line":259,"column":47},"end":{"line":259,"column":55}},"75":{"start":{"line":261,"column":6},"end":{"line":267,"column":7}},"76":{"start":{"line":262,"column":8},"end":{"line":265,"column":11}},"77":{"start":{"line":266,"column":8},"end":{"line":266,"column":15}},"78":{"start":{"line":269,"column":6},"end":{"line":269,"column":77}},"79":{"start":{"line":271,"column":6},"end":{"line":274,"column":9}},"80":{"start":{"line":276,"column":6},"end":{"line":276,"column":70}},"81":{"start":{"line":278,"column":23},"end":{"line":278,"column":26}},"82":{"start":{"line":279,"column":6},"end":{"line":286,"column":7}},"83":{"start":{"line":281,"column":8},"end":{"line":281,"column":25}},"84":{"start":{"line":282,"column":13},"end":{"line":286,"column":7}},"85":{"start":{"line":283,"column":8},"end":{"line":283,"column":25}},"86":{"start":{"line":284,"column":13},"end":{"line":286,"column":7}},"87":{"start":{"line":285,"column":8},"end":{"line":285,"column":25}},"88":{"start":{"line":288,"column":6},"end":{"line":291,"column":9}},"89":{"start":{"line":14,"column":0},"end":{"line":14,"column":13}},"90":{"start":{"line":296,"column":0},"end":{"line":296,"column":30}}},"fnMap":{"0":{"name":"(anonymous_1)","decl":{"start":{"line":18,"column":2},"end":{"line":18,"column":8}},"loc":{"start":{"line":18,"column":51},"end":{"line":47,"column":3}}},"1":{"name":"(anonymous_2)","decl":{"start":{"line":52,"column":2},"end":{"line":52,"column":8}},"loc":{"start":{"line":52,"column":48},"end":{"line":81,"column":3}}},"2":{"name":"(anonymous_3)","decl":{"start":{"line":86,"column":2},"end":{"line":86,"column":8}},"loc":{"start":{"line":86,"column":55},"end":{"line":113,"column":3}}},"3":{"name":"(anonymous_4)","decl":{"start":{"line":118,"column":2},"end":{"line":118,"column":8}},"loc":{"start":{"line":118,"column":49},"end":{"line":142,"column":3}}},"4":{"name":"(anonymous_5)","decl":{"start":{"line":147,"column":2},"end":{"line":147,"column":8}},"loc":{"start":{"line":147,"column":54},"end":{"line":171,"column":3}}},"5":{"name":"(anonymous_6)","decl":{"start":{"line":176,"column":2},"end":{"line":176,"column":8}},"loc":{"start":{"line":176,"column":57},"end":{"line":214,"column":3}}},"6":{"name":"(anonymous_7)","decl":{"start":{"line":219,"column":2},"end":{"line":219,"column":8}},"loc":{"start":{"line":219,"column":53},"end":{"line":251,"column":3}}},"7":{"name":"(anonymous_8)","decl":{"start":{"line":256,"column":2},"end":{"line":256,"column":8}},"loc":{"start":{"line":256,"column":57},"end":{"line":293,"column":3}}}},"branchMap":{"0":{"loc":{"start":{"line":34,"column":6},"end":{"line":40,"column":7}},"type":"if","locations":[{"start":{"line":34,"column":6},"end":{"line":40,"column":7}},{"start":{"line":36,"column":13},"end":{"line":40,"column":7}}]},"1":{"loc":{"start":{"line":36,"column":13},"end":{"line":40,"column":7}},"type":"if","locations":[{"start":{"line":36,"column":13},"end":{"line":40,"column":7}}]},"2":{"loc":{"start":{"line":36,"column":17},"end":{"line":38,"column":53}},"type":"binary-expr","locations":[{"start":{"line":36,"column":17},"end":{"line":36,"column":55}},{"start":{"line":37,"column":17},"end":{"line":37,"column":51}},{"start":{"line":38,"column":17},"end":{"line":38,"column":53}}]},"3":{"loc":{"start":{"line":44,"column":17},"end":{"line":44,"column":60}},"type":"binary-expr","locations":[{"start":{"line":44,"column":17},"end":{"line":44,"column":30}},{"start":{"line":44,"column":34},"end":{"line":44,"column":60}}]},"4":{"loc":{"start":{"line":68,"column":6},"end":{"line":74,"column":7}},"type":"if","locations":[{"start":{"line":68,"column":6},"end":{"line":74,"column":7}},{"start":{"line":71,"column":13},"end":{"line":74,"column":7}}]},"5":{"loc":{"start":{"line":68,"column":10},"end":{"line":69,"column":45}},"type":"binary-expr","locations":[{"start":{"line":68,"column":10},"end":{"line":68,"column":50}},{"start":{"line":69,"column":10},"end":{"line":69,"column":45}}]},"6":{"loc":{"start":{"line":71,"column":13},"end":{"line":74,"column":7}},"type":"if","locations":[{"start":{"line":71,"column":13},"end":{"line":74,"column":7}}]},"7":{"loc":{"start":{"line":71,"column":17},"end":{"line":72,"column":51}},"type":"binary-expr","locations":[{"start":{"line":71,"column":17},"end":{"line":71,"column":55}},{"start":{"line":72,"column":17},"end":{"line":72,"column":51}}]},"8":{"loc":{"start":{"line":78,"column":17},"end":{"line":78,"column":60}},"type":"binary-expr","locations":[{"start":{"line":78,"column":17},"end":{"line":78,"column":30}},{"start":{"line":78,"column":34},"end":{"line":78,"column":60}}]},"9":{"loc":{"start":{"line":102,"column":6},"end":{"line":106,"column":7}},"type":"if","locations":[{"start":{"line":102,"column":6},"end":{"line":106,"column":7}}]},"10":{"loc":{"start":{"line":102,"column":1
[...]
anonymous_8)","decl":{"start":{"line":65,"column":2},"end":{"line":65,"column":7}},"loc":{"start":{"line":65,"column":18},"end":{"line":72,"column":3}}},"8":{"name":"(anonymous_9)","decl":{"start":{"line":77,"column":2},"end":{"line":77,"column":18}},"loc":{"start":{"line":77,"column":18},"end":{"line":79,"column":3}}},"9":{"name":"(anonymous_10)","decl":{"start":{"line":87,"column":2},"end":{"line":87,"column":7}},"loc":{"start":{"line":87,"column":49},"end":{"line":102,"column":3}}},"10":{"name":"(anonymous_11)","decl":{"start":{"line":109,"column":2},"end":{"line":109,"column":7}},"loc":{"start":{"line":109,"column":32},"end":{"line":128,"column":3}}},"11":{"name":"(anonymous_12)","decl":{"start":{"line":134,"column":2},"end":{"line":134,"column":7}},"loc":{"start":{"line":134,"column":23},"end":{"line":146,"column":3}}},"12":{"name":"(anonymous_13)","decl":{"start":{"line":152,"column":2},"end":{"line":152,"column":7}},"loc":{"start":{"line":152,"column":30},"end":{"line":163,"column":3}}},"13":{"name":"(anonymous_14)","decl":{"start":{"line":169,"column":2},"end":{"line":169,"column":7}},"loc":{"start":{"line":169,"column":34},"end":{"line":183,"column":3}}},"14":{"name":"(anonymous_15)","decl":{"start":{"line":190,"column":2},"end":{"line":190,"column":7}},"loc":{"start":{"line":190,"column":26},"end":{"line":202,"column":3}}},"15":{"name":"(anonymous_16)","decl":{"start":{"line":209,"column":2},"end":{"line":209,"column":7}},"loc":{"start":{"line":209,"column":39},"end":{"line":220,"column":3}}},"16":{"name":"(anonymous_17)","decl":{"start":{"line":227,"column":2},"end":{"line":227,"column":7}},"loc":{"start":{"line":227,"column":23},"end":{"line":238,"column":3}}},"17":{"name":"(anonymous_18)","decl":{"start":{"line":243,"column":2},"end":{"line":243,"column":7}},"loc":{"start":{"line":243,"column":13},"end":{"line":254,"column":3}}},"18":{"name":"(anonymous_19)","decl":{"start":{"line":259,"column":2},"end":{"line":259,"column":7}},"loc":{"start":{"line":259,"column":12},"end":{"line":271,"column":3}}}},"branchMap":{"0":{"loc":{"start":{"line":17,"column":16},"end":{"line":17,"column":49}},"type":"binary-expr","locations":[{"start":{"line":17,"column":16},"end":{"line":17,"column":43}},{"start":{"line":17,"column":47},"end":{"line":17,"column":49}}]},"1":{"loc":{"start":{"line":78,"column":11},"end":{"line":78,"column":60}},"type":"binary-expr","locations":[{"start":{"line":78,"column":11},"end":{"line":78,"column":27}},{"start":{"line":78,"column":31},"end":{"line":78,"column":60}}]},"2":{"loc":{"start":{"line":89,"column":6},"end":{"line":92,"column":7}},"type":"if","locations":[{"start":{"line":89,"column":6},"end":{"line":92,"column":7}}]},"3":{"loc":{"start":{"line":95,"column":23},"end":{"line":95,"column":46}},"type":"binary-expr","locations":[{"start":{"line":95,"column":23},"end":{"line":95,"column":26}},{"start":{"line":95,"column":30},"end":{"line":95,"column":46}}]},"4":{"loc":{"start":{"line":111,"column":6},"end":{"line":114,"column":7}},"type":"if","locations":[{"start":{"line":111,"column":6},"end":{"line":114,"column":7}}]},"5":{"loc":{"start":{"line":117,"column":6},"end":{"line":119,"column":7}},"type":"if","locations":[{"start":{"line":117,"column":6},"end":{"line":119,"column":7}}]},"6":{"loc":{"start":{"line":136,"column":6},"end":{"line":139,"column":7}},"type":"if","locations":[{"start":{"line":136,"column":6},"end":{"line":139,"column":7}}]},"7":{"loc":{"start":{"line":154,"column":6},"end":{"line":156,"column":7}},"type":"if","locations":[{"start":{"line":154,"column":6},"end":{"line":156,"column":7}}]},"8":{"loc":{"start":{"line":154,"column":10},"end":{"line":154,"column":55}},"type":"binary-expr","locations":[{"start":{"line":154,"column":10},"end":{"line":154,"column":34}},{"start":{"line":154,"column":38},"end":{"line":154,"column":55}}]},"9":{"loc":{"start":{"line":171,"column":6},"end":{"line":173,"column":7}},"type":"if","locations":[{"start":{"line":171,"column":6},"end":{"line":173,"column":7}}]},"10":{"loc":{"start":{"line":176,"column":6},"end":{"line":179,"column":7}},"type":"if","locations":[{"start":{"line":176,"column":6},"end":{"line":179,"column":7}}]},"11":{"loc":{"start":{"line":192,"column":6},"end":{"line":194,"column":7}},"type":"if","locations":[{"start":{"line":192,"column":6},"end":{"line":194,"column":7}}]},"12":{"loc":{"start":{"line":211,"column":6},"end":{"line":213,"column":7}},"type":"if","locations":[{"start":{"line":211,"column":6},"end":{"line":213,"column":7}}]},"13":{"loc":{"start":{"line":229,"column":6},"end":{"line":231,"column":7}},"type":"if","locations":[{"start":{"line":229,"column":6},"end":{"line":231,"column":7}}]},"14":{"loc":{"start":{"line":245,"column":6},"end":{"line":247,"column":7}},"type":"if","locations":[{"start":{"line":245,"column":6},"end":{"line":247,"column":7}}]},"15":{"loc":{"start":{"line":261,"column":6},"end":{"line":263,"column":7}},"type":"if","locations":[{"start":{"line":261,"column":6},"end":{"line":263,"column":7}}]}},"s":{"0":1,"1":1,"2":1,"3":26,"4":26,"5":26,"6":26,"7":0,"8":0,"9":26,"10":0,"11":0,"12":26,"13":0,"14":0,"15":26,"16":0,"17":2,"18":2,"19":1,"20":1,"21":2,"22":2,"23":1,"24":1,"25":21,"26":4,"27":4,"28":1,"29":1,"30":3,"31":3,"32":3,"33":2,"34":1,"35":4,"36":4,"37":1,"38":1,"39":3,"40":2,"41":1,"42":1,"43":1,"44":1,"45":1,"46":1,"47":2,"48":2,"49":1,"50":1,"51":1,"52":1,"53":0,"54":2,"55":2,"56":1,"57":1,"58":1,"59":0,"60":2,"61":2,"62":0,"63":2,"64":2,"65":1,"66":1,"67":0,"68":3,"69":3,"70":1,"71":2,"72":2,"73":0,"74":0,"75":0,"76":0,"77":0,"78":0,"79":0,"80":0,"81":0,"82":0,"83":0,"84":0,"85":0,"86":0,"87":2,"88":2,"89":1,"90":1,"91":1,"92":0,"93":0,"94":0,"95":0,"96":0,"97":0,"98":0,"99":0,"100":1,"101":1},"f":{"0":26,"1":26,"2":0,"3":0,"4":0,"5":0,"6":2,"7":2,"8":21,"9":4,"10":4,"11":2,"12":2,"13":2,"14":3,"15":0,"16":0,"17":2,"18":0},"b":{"0":[26,26],"1":[21,15],"2":[1],"3":[3,2],"4":[1],"5":[1],"6":[1],"7":[1],"8":[2,2],"9":[0],"10":[1],"11":[1],"12":[0],"13":[0],"14":[1],"15":[0]}}
,"D:\\dev\\contabil\\contabil-site\\backend\\src\\utils\\auth.ts": {"path":"D:\\dev\\contabil\\contabil-site\\backend\\src\\utils\\auth.ts","statementMap":{"0":{"start":{"line":1,"column":0},"end":{"line":1,"column":28}},"1":{"start":{"line":2,"column":0},"end":{"line":2,"column":31}},"2":{"start":{"line":3,"column":0},"end":{"line":3,"column":42}},"3":{"start":{"line":10,"column":28},"end":{"line":13,"column":1}},"4":{"start":{"line":11,"column":21},"end":{"line":11,"column":23}},"5":{"start":{"line":12,"column":2},"end":{"line":12,"column":43}},"6":{"start":{"line":10,"column":13},"end":{"line":10,"column":28}},"7":{"start":{"line":21,"column":31},"end":{"line":23,"column":1}},"8":{"start":{"line":22,"column":2},"end":{"line":22,"column":40}},"9":{"start":{"line":21,"column":13},"end":{"line":21,"column":31}},"10":{"start":{"line":31,"column":29},"end":{"line":33,"column":1}},"11":{"start":{"line":32,"column":2},"end":{"line":32,"column":80}},"12":{"start":{"line":31,"column":13},"end":{"line":31,"column":29}},"13":{"start":{"line":40,"column":27},"end":{"line":42,"column":1}},"14":{"start":{"line":41,"column":2},"end":{"line":41,"column":46}},"15":{"start":{"line":40,"column":13},"end":{"line":40,"column":27}},"16":{"start":{"line":49,"column":36},"end":{"line":51,"column":1}},"17":{"start":{"line":50,"column":2},"end":{"line":50,"column":93}},"18":{"start":{"line":49,"column":13},"end":{"line":49,"column":36}},"19":{"start":{"line":58,"column":34},"end":{"line":60,"column":1}},"20":{"start":{"line":59,"column":2},"end":{"line":59,"column":53}},"21":{"start":{"line":58,"column":13},"end":{"line":58,"column":34}},"22":{"start":{"line":67,"column":40},"end":{"line":71,"column":1}},"23":{"start":{"line":69,"column":24},"end":{"line":69,"column":94}},"24":{"start":{"line":70,"column":2},"end":{"line":70,"column":38}},"25":{"start":{"line":67,"column":13},"end":{"line":67,"column":40}},"26":{"start":{"line":78,"column":29},"end":{"line":81,"column":1}},"27":{"start":{"line":79,"column":21},"end":{"line":79,"column":49}},"28":{"start":{"line":80,"column":2},"end":{"line":80,"column":32}},"29":{"start":{"line":78,"column":13},"end":{"line":78,"column":29}}},"fnMap":{"0":{"name":"(anonymous_1)","decl":{"start":{"line":10,"column":28},"end":{"line":10,"column":33}},"loc":{"start":{"line":10,"column":72},"end":{"line":13,"column":1}}},"1":{"name":"(anonymous_2)","decl":{"start":{"line":21,"column":31},"end":{"line":21,"column":36}},"loc":{"start":{"line":21,"column":90},"end":{"line":23,"column":1}}},"2":{"name":"(anonymous_3)","decl":{"start":{"line":31,"column":29},"end":{"line":31,"column":30}},"loc":{"start":{"line":31,"column":83},"end":{"line":33,"column":1}}},"3":{"name":"(anonymous_4)","decl":{"start":{"line":40,"column":27},"end":{"line":40,"column":28}},"loc":{"start":{"line":40,"column":50},"end":{"line":42,"column":1}}},"4":{"name":"(anonymous_5)","decl":{"start":{"line":49,"column":36},"end":{"line":49,"column":37}},"loc":{"start":{"line":49,"column":64},"end":{"line":51,"column":1}}},"5":{"name":"(anonymous_6)","decl":{"start":{"line":58,"column":34},"end":{"line":58,"column":35}},"loc":{"start":{"line":58,"column":57},"end":{"line":60,"column":1}}},"6":{"name":"(anonymous_7)","decl":{"start":{"line":67,"column":40},"end":{"line":67,"column":41}},"loc":{"start":{"line":67,"column":70},"end":{"line":71,"column":1}}},"7":{"name":"(anonymous_8)","decl":{"start":{"line":78,"column":29},"end":{"line":78,"column":30}},"loc":{"start":{"line":78,"column":56},"end":{"line":81,"column":1}}}},"branchMap":{"0":{"loc":{"start":{"line":31,"column":47},"end":{"line":31,"column":71}},"type":"default-arg","locations":[{"start":{"line":31,"column":67},"end":{"line":31,"column":71}}]}},"s":{"0":1,"1":1,"2":1,"3":1,"4":4,"5":4,"6":1,"7":1,"8":3,"9":1,"10":1,"11":4,"12":1,"13":1,"14":5,"15":1,"16":1,"17":0,"18":1,"19":1,"20":0,"21":1,"22":1,"23":0,"24":0,"25":1,"26":1,"27":0,"28":0,"29":1},"f":{"0":4,"1":3,"2":4,"3":5,"4":0,"5":0,"6":0,"7":0},"b":{"0":[3]}}
,"D:\\dev\\contabil\\contabil-site\\backend\\src\\utils\\error.ts": {"path":"D:\\dev\\contabil\\contabil-site\\backend\\src\\utils\\error.ts","statementMap":{"0":{"start":{"line":9,"column":4},"end":{"line":9,"column":19}},"1":{"start":{"line":10,"column":4},"end":{"line":10,"column":33}},"2":{"start":{"line":11,"column":4},"end":{"line":11,"column":39}},"3":{"start":{"line":13,"column":4},"end":{"line":13,"column":52}},"4":{"start":{"line":4,"column":0},"end":{"line":4,"column":13}},"5":{"start":{"line":22,"column":4},"end":{"line":22,"column":30}},"6":{"start":{"line":20,"column":0},"end":{"line":20,"column":13}},"7":{"start":{"line":31,"column":4},"end":{"line":31,"column":30}},"8":{"start":{"line":29,"column":0},"end":{"line":29,"column":13}},"9":{"start":{"line":40,"column":4},"end":{"line":40,"column":30}},"10":{"start":{"line":38,"column":0},"end":{"line":38,"column":13}},"11":{"start":{"line":49,"column":4},"end":{"line":49,"column":30}},"12":{"start":{"line":47,"column":0},"end":{"line":47,"column":13}},"13":{"start":{"line":58,"column":4},"end":{"line":58,"column":30}},"14":{"start":{"line":56,"column":0},"end":{"line":56,"column":13}},"15":{"start":{"line":67,"column":4},"end":{"line":67,"column":30}},"16":{"start":{"line":65,"column":0},"end":{"line":65,"column":13}},"17":{"start":{"line":74,"column":34},"end":{"line":79,"column":1}},"18":{"start":{"line":75,"column":2},"end":{"line":77,"column":3}},"19":{"start":{"line":76,"column":4},"end":{"line":76,"column":31}},"20":{"start":{"line":78,"column":2},"end":{"line":78,"column":15}},"21":{"start":{"line":74,"column":13},"end":{"line":74,"column":34}},"22":{"start":{"line":84,"column":28},"end":{"line":100,"column":1}},"23":{"start":{"line":85,"column":2},"end":{"line":92,"column":3}},"24":{"start":{"line":86,"column":4},"end":{"line":91,"column":6}},"25":{"start":{"line":94,"column":2},"end":{"line":99,"column":4}},"26":{"start":{"line":84,"column":13},"end":{"line":84,"column":28}}},"fnMap":{"0":{"name":"(anonymous_0)","decl":{"start":{"line":8,"column":2},"end":{"line":8,"column":14}},"loc":{"start":{"line":8,"column":69},"end":{"line":14,"column":3}}},"1":{"name":"(anonymous_1)","decl":{"start":{"line":21,"column":2},"end":{"line":21,"column":14}},"loc":{"start":{"line":21,"column":29},"end":{"line":23,"column":3}}},"2":{"name":"(anonymous_2)","decl":{"start":{"line":30,"column":2},"end":{"line":30,"column":14}},"loc":{"start":{"line":30,"column":41},"end":{"line":32,"column":3}}},"3":{"name":"(anonymous_3)","decl":{"start":{"line":39,"column":2},"end":{"line":39,"column":14}},"loc":{"start":{"line":39,"column":40},"end":{"line":41,"column":3}}},"4":{"name":"(anonymous_4)","decl":{"start":{"line":48,"column":2},"end":{"line":48,"column":14}},"loc":{"start":{"line":48,"column":48},"end":{"line":50,"column":3}}},"5":{"name":"(anonymous_5)","decl":{"start":{"line":57,"column":2},"end":{"line":57,"column":14}},"loc":{"start":{"line":57,"column":46},"end":{"line":59,"column":3}}},"6":{"name":"(anonymous_6)","decl":{"start":{"line":66,"column":2},"end":{"line":66,"column":14}},"loc":{"start":{"line":66,"column":62},"end":{"line":68,"column":3}}},"7":{"name":"(anonymous_7)","decl":{"start":{"line":74,"column":34},"end":{"line":74,"column":35}},"loc":{"start":{"line":74,"column":60},"end":{"line":79,"column":1}}},"8":{"name":"(anonymous_8)","decl":{"start":{"line":84,"column":28},"end":{"line":84,"column":29}},"loc":{"start":{"line":84,"column":45},"end":{"line":100,"column":1}}}},"branchMap":{"0":{"loc":{"start":{"line":8,"column":31},"end":{"line":8,"column":47}},"type":"default-arg","locations":[{"start":{"line":8,"column":44},"end":{"line":8,"column":47}}]},"1":{"loc":{"start":{"line":8,"column":49},"end":{"line":8,"column":69}},"type":"default-arg","locations":[{"start":{"line":8,"column":65},"end":{"line":8,"column":69}}]},"2":{"loc":{"start":{"line":30,"column":14},"end":{"line":30,"column":41}},"type":"default-arg","locations":[{"start":{"line":30,"column":24},"end":{"line":30,"column":41}}]},"3":{"loc":{"start":{"line":39,"column":14},"end":{"line":39,"column":40}},"type":"default-arg","locations":[{"start":{"line":39,"column":24},"end":{"line":39,"column":40}}]},"4":{"loc":{"start":{"line":48,"column":14},"end":{"line":48,"column":48}},"type":"default-arg","locations":[{"start":{"line":48,"column":24},"end":{"line":48,"column":48}}]},"5":{"loc":{"start":{"line":57,"column":14},"end":{"line":57,"column":46}},"type":"default-arg","locations":[{"start":{"line":57,"column":24},"end":{"line":57,"column":46}}]},"6":{"loc":{"start":{"line":66,"column":14},"end":{"line":66,"column":62}},"type":"default-arg","locations":[{"start":{"line":66,"column":24},"end":{"line":66,"column":62}}]},"7":{"loc":{"start":{"line":75,"column":2},"end":{"line":77,"column":3}},"type":"if","locations":[{"start":{"line":75,"column":2},"end":{"line":77,"column":3}}]},"8":{"loc":{"start":{"line":85,"column":2},"end":{"line":92,"column":3}},"type":"if","locations":[{"start":{"line":85,"column":2},"end":{"line":92,"column":3}}]}},"s":{"0":2,"1":2,"2":2,"3":2,"4":1,"5":2,"6":1,"7":0,"8":1,"9":0,"10":1,"11":0,"12":1,"13":0,"14":1,"15":0,"16":1,"17":1,"18":0,"19":0,"20":0,"21":1,"22":1,"23":0,"24":0,"25":0,"26":1},"f":{"0":2,"1":2,"2":0,"3":0,"4":0,"5":0,"6":0,"7":0,"8":0},"b":{"0":[0],"1":[0],"2":[0],"3":[0],"4":[0],"5":[0],"6":[0],"7":[0],"8":[0]}}
,"D:\\dev\\contabil\\contabil-site\\backend\\src\\utils\\logger.ts": {"path":"D:\\dev\\contabil\\contabil-site\\backend\\src\\utils\\logger.ts","statementMap":{"0":{"start":{"line":1,"column":0},"end":{"line":1,"column":35}},"1":{"start":{"line":2,"column":0},"end":{"line":2,"column":29}},"2":{"start":{"line":3,"column":0},"end":{"line":3,"column":25}},"3":{"start":{"line":6,"column":15},"end":{"line":6,"column":52}},"4":{"start":{"line":7,"column":0},"end":{"line":9,"column":1}},"5":{"start":{"line":8,"column":2},"end":{"line":8,"column":44}},"6":{"start":{"line":12,"column":18},"end":{"line":17,"column":null}},"7":{"start":{"line":21,"column":22},"end":{"line":32,"column":null}},"8":{"start":{"line":27,"column":14},"end":{"line":27,"column":51}},"9":{"start":{"line":28,"column":4},"end":{"line":30,"column":5}},"10":{"start":{"line":29,"column":6},"end":{"line":29,"column":49}},"11":{"start":{"line":31,"column":4},"end":{"line":31,"column":15}},"12":{"start":{"line":36,"column":40},"end":{"line":36,"column":42}},"13":{"start":{"line":39,"column":0},"end":{"line":46,"column":1}},"14":{"start":{"line":40,"column":2},"end":{"line":45,"column":4}},"15":{"start":{"line":49,"column":0},"end":{"line":65,"column":2}},"16":{"start":{"line":68,"column":15},"end":{"line":74,"column":2}},"17":{"start":{"line":77,"column":23},"end":{"line":87,"column":1}},"18":{"start":{"line":82,"column":2},"end":{"line":86,"column":5}},"19":{"start":{"line":77,"column":13},"end":{"line":77,"column":23}},"20":{"start":{"line":90,"column":26},"end":{"line":98,"column":1}},"21":{"start":{"line":94,"column":2},"end":{"line":97,"column":5}},"22":{"start":{"line":90,"column":13},"end":{"line":90,"column":26}},"23":{"start":{"line":101,"column":27},"end":{"line":109,"column":1}},"24":{"start":{"line":105,"column":2},"end":{"line":108,"column":5}},"25":{"start":{"line":101,"column":13},"end":{"line":101,"column":27}},"26":{"start":{"line":112,"column":25},"end":{"line":120,"column":1}},"27":{"start":{"line":116,"column":2},"end":{"line":119,"column":5}},"28":{"start":{"line":112,"column":13},"end":{"line":112,"column":25}},"29":{"start":{"line":122,"column":0},"end":{"line":122,"column":22}}},"fnMap":{"0":{"name":"(anonymous_9)","decl":{"start":{"line":26,"column":24},"end":{"line":26,"column":25}},"loc":{"start":{"line":26,"column":67},"end":{"line":32,"column":3}}},"1":{"name":"(anonymous_10)","decl":{"start":{"line":77,"column":23},"end":{"line":77,"column":null}},"loc":{"start":{"line":81,"column":4},"end":{"line":87,"column":1}}},"2":{"name":"(anonymous_11)","decl":{"start":{"line":90,"column":26},"end":{"line":90,"column":null}},"loc":{"start":{"line":93,"column":4},"end":{"line":98,"column":1}}},"3":{"name":"(anonymous_12)","decl":{"start":{"line":101,"column":27},"end":{"line":101,"column":null}},"loc":{"start":{"line":104,"column":4},"end":{"line":109,"column":1}}},"4":{"name":"(anonymous_13)","decl":{"start":{"line":112,"column":25},"end":{"line":112,"column":null}},"loc":{"start":{"line":115,"column":4},"end":{"line":120,"column":1}}}},"branchMap":{"0":{"loc":{"start":{"line":6,"column":15},"end":{"line":6,"column":52}},"type":"binary-expr","locations":[{"start":{"line":6,"column":15},"end":{"line":6,"column":40}},{"start":{"line":6,"column":44},"end":{"line":6,"column":52}}]},"1":{"loc":{"start":{"line":7,"column":0},"end":{"line":9,"column":1}},"type":"if","locations":[{"start":{"line":7,"column":0},"end":{"line":9,"column":1}}]},"2":{"loc":{"start":{"line":28,"column":4},"end":{"line":30,"column":5}},"type":"if","locations":[{"start":{"line":28,"column":4},"end":{"line":30,"column":5}}]},"3":{"loc":{"start":{"line":39,"column":0},"end":{"line":46,"column":1}},"type":"if","locations":[{"start":{"line":39,"column":0},"end":{"line":46,"column":1}}]},"4":{"loc":{"start":{"line":43,"column":13},"end":{"line":43,"column":44}},"type":"binary-expr","locations":[{"start":{"line":43,"column":13},"end":{"line":43,"column":34}},{"start":{"line":43,"column":38},"end":{"line":43,"column":44}}]},"5":{"loc":{"start":{"line":69,"column":9},"end":{"line":69,"column":40}},"type":"binary-expr","locations":[{"start":{"line":69,"column":9},"end":{"line":69,"column":30}},{"start":{"line":69,"column":34},"end":{"line":69,"column":40}}]}},"s":{"0":1,"1":1,"2":1,"3":1,"4":1,"5":0,"6":1,"7":1,"8":0,"9":0,"10":0,"11":0,"12":1,"13":1,"14":1,"15":1,"16":1,"17":1,"18":0,"19":1,"20":1,"21":0,"22":1,"23":1,"24":0,"25":1,"26":1,"27":0,"28":1,"29":1},"f":{"0":0,"1":0,"2":0,"3":0,"4":0},"b":{"0":[1,0],"1":[0],"2":[0],"3":[1],"4":[1,0],"5":[1,0]}}
}
