TN:
SF:src\config\config.ts
FNF:0
FNH:0
DA:1,1
DA:4,1
DA:6,1
DA:78,1
DA:84,1
DA:85,3
DA:86,0
LF:7
LH:6
BRDA:9,0,0,1
BRDA:9,0,1,0
BRDA:10,1,0,1
BRDA:10,1,1,0
BRDA:15,2,0,1
BRDA:15,2,1,0
BRDA:20,3,0,1
BRDA:20,3,1,0
BRDA:21,4,0,1
BRDA:21,4,1,0
BRDA:22,5,0,1
BRDA:22,5,1,0
BRDA:23,6,0,1
BRDA:23,6,1,0
BRDA:28,7,0,1
BRDA:28,7,1,1
BRDA:29,8,0,1
BRDA:29,8,1,1
BRDA:31,9,0,1
BRDA:31,9,1,1
BRDA:32,10,0,1
BRDA:32,10,1,1
BRDA:33,11,0,1
BRDA:33,11,1,1
BRDA:38,12,0,1
BRDA:38,12,1,1
BRDA:39,13,0,1
BRDA:39,13,1,1
BRDA:40,14,0,1
BRDA:40,14,1,1
BRDA:45,15,0,1
BRDA:45,15,1,0
BRDA:51,16,0,1
BRDA:51,16,1,0
BRDA:52,17,0,1
BRDA:52,17,1,1
BRDA:58,18,0,1
BRDA:58,18,1,1
BRDA:59,19,0,1
BRDA:59,19,1,1
BRDA:60,20,0,1
BRDA:60,20,1,1
BRDA:61,21,0,1
BRDA:61,21,1,0
BRDA:62,22,0,1
BRDA:62,22,1,1
BRDA:65,23,0,1
BRDA:65,23,1,0
BRDA:70,24,0,1
BRDA:70,24,1,0
BRDA:71,25,0,1
BRDA:71,25,1,1
BRDA:72,26,0,1
BRDA:72,26,1,1
BRDA:73,27,0,1
BRDA:73,27,1,1
BRDA:85,28,0,0
BRF:57
BRH:44
end_of_record
TN:
SF:src\controllers\adminController.ts
FN:33,(anonymous_1)
FN:214,(anonymous_2)
FN:291,(anonymous_3)
FN:292,(anonymous_4)
FN:299,(anonymous_5)
FN:301,(anonymous_6)
FN:340,(anonymous_7)
FN:432,(anonymous_8)
FN:480,(anonymous_9)
FN:521,(anonymous_10)
FN:611,(anonymous_11)
FN:646,(anonymous_12)
FN:699,(anonymous_13)
FN:737,(anonymous_14)
FN:771,(anonymous_15)
FN:832,(anonymous_16)
FN:881,(anonymous_17)
FN:939,(anonymous_18)
FNF:18
FNH:0
FNDA:0,(anonymous_1)
FNDA:0,(anonymous_2)
FNDA:0,(anonymous_3)
FNDA:0,(anonymous_4)
FNDA:0,(anonymous_5)
FNDA:0,(anonymous_6)
FNDA:0,(anonymous_7)
FNDA:0,(anonymous_8)
FNDA:0,(anonymous_9)
FNDA:0,(anonymous_10)
FNDA:0,(anonymous_11)
FNDA:0,(anonymous_12)
FNDA:0,(anonymous_13)
FNDA:0,(anonymous_14)
FNDA:0,(anonymous_15)
FNDA:0,(anonymous_16)
FNDA:0,(anonymous_17)
FNDA:0,(anonymous_18)
DA:2,0
DA:3,0
DA:5,0
DA:29,0
DA:34,0
DA:35,0
DA:36,0
DA:37,0
DA:38,0
DA:41,0
DA:70,0
DA:89,0
DA:116,0
DA:130,0
DA:162,0
DA:197,0
DA:203,0
DA:204,0
DA:215,0
DA:216,0
DA:217,0
DA:218,0
DA:219,0
DA:222,0
DA:247,0
DA:266,0
DA:277,0
DA:290,0
DA:291,0
DA:292,0
DA:293,0
DA:294,0
DA:298,0
DA:299,0
DA:301,0
DA:303,0
DA:323,0
DA:329,0
DA:330,0
DA:341,0
DA:349,0
DA:355,0
DA:356,0
DA:358,0
DA:360,0
DA:361,0
DA:364,0
DA:365,0
DA:371,0
DA:372,0
DA:373,0
DA:374,0
DA:376,0
DA:377,0
DA:378,0
DA:379,0
DA:384,0
DA:401,0
DA:402,0
DA:403,0
DA:405,0
DA:421,0
DA:422,0
DA:433,0
DA:434,0
DA:435,0
DA:437,0
DA:438,0
DA:442,0
DA:445,0
DA:446,0
DA:455,0
DA:457,0
DA:463,0
DA:469,0
DA:470,0
DA:481,0
DA:482,0
DA:504,0
DA:510,0
DA:511,0
DA:522,0
DA:523,0
DA:524,0
DA:528,0
DA:530,0
DA:531,0
DA:544,0
DA:545,0
DA:561,0
DA:562,0
DA:565,0
DA:566,0
DA:569,0
DA:570,0
DA:587,0
DA:594,0
DA:600,0
DA:601,0
DA:612,0
DA:614,0
DA:629,0
DA:635,0
DA:636,0
DA:647,0
DA:649,0
DA:681,0
DA:688,0
DA:689,0
DA:700,0
DA:701,0
DA:704,0
DA:705,0
DA:709,0
DA:714,0
DA:719,0
DA:726,0
DA:727,0
DA:738,0
DA:739,0
DA:740,0
DA:745,0
DA:751,0
DA:760,0
DA:761,0
DA:772,0
DA:773,0
DA:774,0
DA:776,0
DA:777,0
DA:781,0
DA:789,0
DA:791,0
DA:792,0
DA:796,0
DA:800,0
DA:811,0
DA:816,0
DA:817,0
DA:818,0
DA:821,0
DA:822,0
DA:833,0
DA:834,0
DA:835,0
DA:837,0
DA:838,0
DA:842,0
DA:846,0
DA:848,0
DA:849,0
DA:853,0
DA:859,0
DA:864,0
DA:870,0
DA:871,0
DA:882,0
DA:883,0
DA:884,0
DA:902,0
DA:903,0
DA:904,0
DA:905,0
DA:906,0
DA:908,0
DA:911,0
DA:917,0
DA:928,0
DA:929,0
DA:940,0
DA:941,0
DA:942,0
DA:949,0
DA:954,0
DA:965,0
DA:966,0
DA:974,0
LF:177
LH:0
BRDA:35,0,0,0
BRDA:179,1,0,0
BRDA:179,1,1,0
BRDA:216,2,0,0
BRDA:216,3,0,0
BRDA:294,4,0,0
BRDA:294,4,1,0
BRDA:316,5,0,0
BRDA:316,5,1,0
BRDA:317,6,0,0
BRDA:317,6,1,0
BRDA:347,7,0,0
BRDA:348,8,0,0
BRDA:360,9,0,0
BRDA:364,10,0,0
BRDA:371,11,0,0
BRDA:371,12,0,0
BRDA:371,12,1,0
BRDA:373,13,0,0
BRDA:376,14,0,0
BRDA:434,15,0,0
BRDA:437,16,0,0
BRDA:437,17,0,0
BRDA:437,17,1,0
BRDA:483,18,0,0
BRDA:483,18,1,0
BRDA:484,19,0,0
BRDA:484,19,1,0
BRDA:530,20,0,0
BRDA:544,21,0,0
BRDA:561,22,0,0
BRDA:565,23,0,0
BRDA:577,24,0,0
BRDA:577,24,1,0
BRDA:578,25,0,0
BRDA:578,25,1,0
BRDA:579,26,0,0
BRDA:579,26,1,0
BRDA:580,27,0,0
BRDA:580,27,1,0
BRDA:704,28,0,0
BRDA:704,29,0,0
BRDA:704,29,1,0
BRDA:715,30,0,0
BRDA:715,30,1,0
BRDA:753,31,0,0
BRDA:753,31,1,0
BRDA:756,32,0,0
BRDA:756,32,1,0
BRDA:776,33,0,0
BRDA:791,34,0,0
BRDA:837,35,0,0
BRDA:848,36,0,0
BRDA:903,37,0,0
BRDA:903,37,1,0
BRDA:905,38,0,0
BRDA:905,38,1,0
BRDA:921,39,0,0
BRDA:921,39,1,0
BRDA:922,40,0,0
BRDA:922,40,1,0
BRDA:941,41,0,0
BRF:62
BRH:0
end_of_record
TN:
SF:src\controllers\articleController.ts
FN:40,(anonymous_1)
FN:157,(anonymous_2)
FN:274,(anonymous_3)
FN:356,(anonymous_4)
FN:417,(anonymous_5)
FN:501,(anonymous_6)
FN:660,(anonymous_7)
FN:711,(anonymous_8)
FN:721,(anonymous_9)
FN:777,(anonymous_10)
FN:848,(anonymous_11)
FN:911,(anonymous_12)
FN:995,(anonymous_13)
FN:1080,(anonymous_14)
FNF:14
FNH:0
FNDA:0,(anonymous_1)
FNDA:0,(anonymous_2)
FNDA:0,(anonymous_3)
FNDA:0,(anonymous_4)
FNDA:0,(anonymous_5)
FNDA:0,(anonymous_6)
FNDA:0,(anonymous_7)
FNDA:0,(anonymous_8)
FNDA:0,(anonymous_9)
FNDA:0,(anonymous_10)
FNDA:0,(anonymous_11)
FNDA:0,(anonymous_12)
FNDA:0,(anonymous_13)
FNDA:0,(anonymous_14)
DA:2,0
DA:3,0
DA:5,0
DA:36,0
DA:41,0
DA:52,0
DA:54,0
DA:55,0
DA:58,0
DA:60,0
DA:61,0
DA:68,0
DA:69,0
DA:74,0
DA:75,0
DA:80,0
DA:81,0
DA:84,0
DA:85,0
DA:89,0
DA:90,0
DA:93,0
DA:128,0
DA:130,0
DA:146,0
DA:147,0
DA:158,0
DA:159,0
DA:160,0
DA:162,0
DA:163,0
DA:167,0
DA:171,0
DA:205,0
DA:206,0
DA:240,0
DA:241,0
DA:245,0
DA:249,0
DA:250,0
DA:254,0
DA:257,0
DA:263,0
DA:264,0
DA:275,0
DA:285,0
DA:286,0
DA:289,0
DA:290,0
DA:294,0
DA:298,0
DA:299,0
DA:300,0
DA:311,0
DA:315,0
DA:317,0
DA:321,0
DA:322,0
DA:326,0
DA:327,0
DA:331,0
DA:336,0
DA:337,0
DA:339,0
DA:340,0
DA:346,0
DA:356,0
DA:361,0
DA:362,0
DA:367,0
DA:393,0
DA:400,0
DA:406,0
DA:407,0
DA:418,0
DA:419,0
DA:429,0
DA:430,0
DA:432,0
DA:433,0
DA:437,0
DA:441,0
DA:445,0
DA:446,0
DA:450,0
DA:454,0
DA:455,0
DA:459,0
DA:463,0
DA:465,0
DA:466,0
DA:467,0
DA:468,0
DA:471,0
DA:472,0
DA:474,0
DA:478,0
DA:479,0
DA:483,0
DA:486,0
DA:491,0
DA:498,0
DA:499,0
DA:501,0
DA:506,0
DA:507,0
DA:514,0
DA:515,0
DA:519,0
DA:522,0
DA:526,0
DA:527,0
DA:530,0
DA:531,0
DA:535,0
DA:536,0
DA:540,0
DA:543,0
DA:569,0
DA:575,0
DA:581,0
DA:582,0
DA:661,0
DA:662,0
DA:663,0
DA:665,0
DA:666,0
DA:670,0
DA:674,0
DA:690,0
DA:691,0
DA:695,0
DA:699,0
DA:711,0
DA:721,0
DA:760,0
DA:766,0
DA:767,0
DA:778,0
DA:779,0
DA:782,0
DA:783,0
DA:784,0
DA:786,0
DA:831,0
DA:837,0
DA:838,0
DA:849,0
DA:850,0
DA:851,0
DA:853,0
DA:854,0
DA:858,0
DA:862,0
DA:866,0
DA:867,0
DA:871,0
DA:875,0
DA:876,0
DA:880,0
DA:884,0
DA:889,0
DA:895,0
DA:900,0
DA:901,0
DA:912,0
DA:913,0
DA:914,0
DA:916,0
DA:917,0
DA:921,0
DA:925,0
DA:929,0
DA:930,0
DA:934,0
DA:938,0
DA:947,0
DA:948,0
DA:950,0
DA:958,0
DA:961,0
DA:967,0
DA:971,0
DA:975,0
DA:984,0
DA:985,0
DA:996,0
DA:997,0
DA:998,0
DA:1000,0
DA:1001,0
DA:1005,0
DA:1009,0
DA:1013,0
DA:1014,0
DA:1018,0
DA:1021,0
DA:1022,0
DA:1025,0
DA:1051,0
DA:1053,0
DA:1069,0
DA:1070,0
DA:1081,0
DA:1082,0
DA:1083,0
DA:1084,0
DA:1086,0
DA:1087,0
DA:1091,0
DA:1094,0
DA:1095,0
DA:1099,0
DA:1103,0
DA:1107,0
DA:1108,0
DA:1112,0
DA:1116,0
DA:1134,0
DA:1140,0
DA:1146,0
DA:1147,0
DA:1155,0
LF:223
LH:0
BRDA:48,0,0,0
BRDA:49,1,0,0
BRDA:50,2,0,0
BRDA:51,3,0,0
BRDA:60,4,0,0
BRDA:68,5,0,0
BRDA:74,6,0,0
BRDA:80,7,0,0
BRDA:81,8,0,0
BRDA:81,8,1,0
BRDA:84,9,0,0
BRDA:160,10,0,0
BRDA:162,11,0,0
BRDA:205,12,0,0
BRDA:240,13,0,0
BRDA:249,14,0,0
BRDA:282,15,0,0
BRDA:283,16,0,0
BRDA:289,17,0,0
BRDA:289,18,0,0
BRDA:289,18,1,0
BRDA:299,19,0,0
BRDA:315,20,0,0
BRDA:321,21,0,0
BRDA:326,22,0,0
BRDA:337,23,0,0
BRDA:340,24,0,0
BRDA:340,24,1,0
BRDA:347,25,0,0
BRDA:347,25,1,0
BRDA:348,26,0,0
BRDA:348,26,1,0
BRDA:351,27,0,0
BRDA:351,27,1,0
BRDA:352,28,0,0
BRDA:352,28,1,0
BRDA:353,29,0,0
BRDA:353,29,1,0
BRDA:356,30,0,0
BRDA:356,30,1,0
BRDA:361,31,0,0
BRDA:432,32,0,0
BRDA:445,33,0,0
BRDA:454,34,0,0
BRDA:454,35,0,0
BRDA:454,35,1,0
BRDA:465,36,0,0
BRDA:466,37,0,0
BRDA:467,38,0,0
BRDA:468,39,0,0
BRDA:471,40,0,0
BRDA:472,41,0,0
BRDA:472,41,1,0
BRDA:478,42,0,0
BRDA:498,43,0,0
BRDA:506,44,0,0
BRDA:506,45,0,0
BRDA:506,45,1,0
BRDA:514,46,0,0
BRDA:526,47,0,0
BRDA:527,48,0,0
BRDA:527,48,1,0
BRDA:530,49,0,0
BRDA:530,50,0,0
BRDA:530,50,1,0
BRDA:535,51,0,0
BRDA:535,52,0,0
BRDA:535,52,1,0
BRDA:663,53,0,0
BRDA:665,54,0,0
BRDA:690,55,0,0
BRDA:707,56,0,0
BRDA:707,56,1,0
BRDA:717,57,0,0
BRDA:717,57,1,0
BRDA:779,58,0,0
BRDA:779,59,0,0
BRDA:853,60,0,0
BRDA:866,61,0,0
BRDA:875,62,0,0
BRDA:875,63,0,0
BRDA:875,63,1,0
BRDA:916,64,0,0
BRDA:929,65,0,0
BRDA:948,66,0,0
BRDA:948,66,1,0
BRDA:977,67,0,0
BRDA:977,67,1,0
BRDA:998,68,0,0
BRDA:998,69,0,0
BRDA:998,70,0,0
BRDA:1000,71,0,0
BRDA:1013,72,0,0
BRDA:1086,73,0,0
BRDA:1094,74,0,0
BRDA:1094,75,0,0
BRDA:1094,75,1,0
BRDA:1107,76,0,0
BRF:98
BRH:0
end_of_record
TN:
SF:src\controllers\authController.ts
FN:18,(anonymous_1)
FN:52,(anonymous_2)
FN:86,(anonymous_3)
FN:118,(anonymous_4)
FN:147,(anonymous_5)
FN:176,(anonymous_6)
FN:219,(anonymous_7)
FN:256,(anonymous_8)
FNF:8
FNH:0
FNDA:0,(anonymous_1)
FNDA:0,(anonymous_2)
FNDA:0,(anonymous_3)
FNDA:0,(anonymous_4)
FNDA:0,(anonymous_5)
FNDA:0,(anonymous_6)
FNDA:0,(anonymous_7)
FNDA:0,(anonymous_8)
DA:2,0
DA:3,0
DA:4,0
DA:14,0
DA:19,0
DA:20,0
DA:22,0
DA:24,0
DA:30,0
DA:33,0
DA:34,0
DA:35,0
DA:36,0
DA:39,0
DA:42,0
DA:53,0
DA:54,0
DA:56,0
DA:58,0
DA:64,0
DA:67,0
DA:68,0
DA:70,0
DA:71,0
DA:73,0
DA:76,0
DA:87,0
DA:88,0
DA:90,0
DA:92,0
DA:98,0
DA:101,0
DA:102,0
DA:105,0
DA:108,0
DA:119,0
DA:125,0
DA:127,0
DA:128,0
DA:131,0
DA:136,0
DA:137,0
DA:148,0
DA:149,0
DA:151,0
DA:152,0
DA:156,0
DA:159,0
DA:165,0
DA:166,0
DA:177,0
DA:178,0
DA:180,0
DA:181,0
DA:185,0
DA:189,0
DA:194,0
DA:197,0
DA:203,0
DA:208,0
DA:209,0
DA:220,0
DA:221,0
DA:223,0
DA:224,0
DA:228,0
DA:231,0
DA:233,0
DA:239,0
DA:241,0
DA:242,0
DA:243,0
DA:246,0
DA:257,0
DA:258,0
DA:259,0
DA:261,0
DA:262,0
DA:266,0
DA:269,0
DA:271,0
DA:276,0
DA:278,0
DA:279,0
DA:281,0
DA:282,0
DA:283,0
DA:284,0
DA:285,0
DA:288,0
DA:296,0
LF:91
LH:0
BRDA:34,0,0,0
BRDA:34,0,1,0
BRDA:36,1,0,0
BRDA:36,2,0,0
BRDA:36,2,1,0
BRDA:36,2,2,0
BRDA:44,3,0,0
BRDA:44,3,1,0
BRDA:68,4,0,0
BRDA:68,4,1,0
BRDA:68,5,0,0
BRDA:68,5,1,0
BRDA:71,6,0,0
BRDA:71,7,0,0
BRDA:71,7,1,0
BRDA:78,8,0,0
BRDA:78,8,1,0
BRDA:102,9,0,0
BRDA:102,10,0,0
BRDA:102,10,1,0
BRDA:102,10,2,0
BRDA:110,11,0,0
BRDA:110,11,1,0
BRDA:127,12,0,0
BRDA:151,13,0,0
BRDA:180,14,0,0
BRDA:194,15,0,0
BRDA:223,16,0,0
BRDA:242,17,0,0
BRDA:248,18,0,0
BRDA:248,18,1,0
BRDA:261,19,0,0
BRDA:279,20,0,0
BRDA:279,20,1,0
BRDA:279,21,0,0
BRDA:279,21,1,0
BRDA:282,22,0,0
BRDA:282,22,1,0
BRDA:284,23,0,0
BRDA:290,24,0,0
BRDA:290,24,1,0
BRF:41
BRH:0
end_of_record
TN:
SF:src\controllers\cacheExampleController.ts
FN:13,(anonymous_1)
FN:64,(anonymous_2)
FN:112,(anonymous_3)
FN:175,(anonymous_4)
FN:237,(anonymous_5)
FN:301,(anonymous_6)
FN:303,(anonymous_7)
FN:317,(anonymous_8)
FN:319,(anonymous_9)
FNF:9
FNH:0
FNDA:0,(anonymous_1)
FNDA:0,(anonymous_2)
FNDA:0,(anonymous_3)
FNDA:0,(anonymous_4)
FNDA:0,(anonymous_5)
FNDA:0,(anonymous_6)
FNDA:0,(anonymous_7)
FNDA:0,(anonymous_8)
FNDA:0,(anonymous_9)
DA:2,0
DA:3,0
DA:8,0
DA:14,0
DA:15,0
DA:17,0
DA:18,0
DA:24,0
DA:27,0
DA:28,0
DA:29,0
DA:30,0
DA:39,0
DA:40,0
DA:43,0
DA:45,0
DA:52,0
DA:53,0
DA:65,0
DA:66,0
DA:67,0
DA:69,0
DA:70,0
DA:77,0
DA:80,0
DA:87,0
DA:90,0
DA:92,0
DA:94,0
DA:100,0
DA:101,0
DA:113,0
DA:114,0
DA:116,0
DA:117,0
DA:123,0
DA:127,0
DA:129,0
DA:130,0
DA:132,0
DA:133,0
DA:135,0
DA:136,0
DA:138,0
DA:141,0
DA:142,0
DA:143,0
DA:152,0
DA:153,0
DA:155,0
DA:163,0
DA:164,0
DA:176,0
DA:177,0
DA:178,0
DA:179,0
DA:181,0
DA:182,0
DA:190,0
DA:194,0
DA:196,0
DA:197,0
DA:198,0
DA:199,0
DA:208,0
DA:211,0
DA:212,0
DA:215,0
DA:225,0
DA:226,0
DA:238,0
DA:239,0
DA:240,0
DA:242,0
DA:244,0
DA:245,0
DA:246,0
DA:247,0
DA:248,0
DA:249,0
DA:251,0
DA:252,0
DA:256,0
DA:257,0
DA:258,0
DA:266,0
DA:267,0
DA:272,0
DA:273,0
DA:274,0
DA:284,0
DA:290,0
DA:291,0
DA:303,0
DA:305,0
DA:319,0
DA:321,0
LF:97
LH:0
BRDA:17,0,0,0
BRDA:28,1,0,0
BRDA:69,2,0,0
BRDA:116,3,0,0
BRDA:116,4,0,0
BRDA:116,4,1,0
BRDA:127,5,0,0
BRDA:127,5,1,0
BRDA:127,5,2,0
BRDA:127,5,3,0
BRDA:142,6,0,0
BRDA:178,7,0,0
BRDA:181,8,0,0
BRDA:190,9,0,0
BRDA:190,9,1,0
BRDA:190,9,2,0
BRDA:196,10,0,0
BRDA:198,11,0,0
BRDA:211,12,0,0
BRDA:220,13,0,0
BRDA:220,13,1,0
BRDA:242,14,0,0
BRDA:242,14,1,0
BRDA:242,14,2,0
BRDA:242,14,3,0
BRDA:244,15,0,0
BRDA:244,15,1,0
BRDA:247,16,0,0
BRDA:247,16,1,0
BRDA:261,17,0,0
BRDA:261,17,1,0
BRDA:262,18,0,0
BRDA:262,18,1,0
BRDA:266,19,0,0
BRDA:273,20,0,0
BRDA:273,20,1,0
BRDA:278,21,0,0
BRDA:278,21,1,0
BRF:38
BRH:0
end_of_record
TN:
SF:src\controllers\calculatorController.ts
FN:41,(anonymous_1)
FN:165,(anonymous_2)
FN:176,(anonymous_3)
FN:201,(anonymous_4)
FN:232,(anonymous_5)
FN:274,(anonymous_6)
FN:294,(anonymous_7)
FN:362,(anonymous_8)
FN:426,(anonymous_9)
FN:499,(anonymous_10)
FN:579,(anonymous_11)
FNF:11
FNH:0
FNDA:0,(anonymous_1)
FNDA:0,(anonymous_2)
FNDA:0,(anonymous_3)
FNDA:0,(anonymous_4)
FNDA:0,(anonymous_5)
FNDA:0,(anonymous_6)
FNDA:0,(anonymous_7)
FNDA:0,(anonymous_8)
FNDA:0,(anonymous_9)
FNDA:0,(anonymous_10)
FNDA:0,(anonymous_11)
DA:2,0
DA:3,0
DA:5,0
DA:37,0
DA:42,0
DA:51,0
DA:54,0
DA:55,0
DA:59,0
DA:62,0
DA:63,0
DA:67,0
DA:71,0
DA:72,0
DA:73,0
DA:76,0
DA:77,0
DA:78,0
DA:79,0
DA:80,0
DA:81,0
DA:82,0
DA:83,0
DA:85,0
DA:90,0
DA:91,0
DA:92,0
DA:94,0
DA:95,0
DA:96,0
DA:97,0
DA:98,0
DA:99,0
DA:101,0
DA:105,0
DA:106,0
DA:107,0
DA:109,0
DA:110,0
DA:111,0
DA:112,0
DA:114,0
DA:131,0
DA:132,0
DA:144,0
DA:147,0
DA:154,0
DA:155,0
DA:166,0
DA:167,0
DA:168,0
DA:169,0
DA:170,0
DA:177,0
DA:178,0
DA:179,0
DA:180,0
DA:182,0
DA:201,0
DA:206,0
DA:221,0
DA:222,0
DA:233,0
DA:234,0
DA:235,0
DA:237,0
DA:254,0
DA:267,0
DA:274,0
DA:283,0
DA:284,0
DA:295,0
DA:296,0
DA:298,0
DA:299,0
DA:303,0
DA:306,0
DA:307,0
DA:308,0
DA:310,0
DA:312,0
DA:313,0
DA:314,0
DA:316,0
DA:317,0
DA:318,0
DA:319,0
DA:320,0
DA:321,0
DA:322,0
DA:324,0
DA:325,0
DA:326,0
DA:327,0
DA:328,0
DA:329,0
DA:330,0
DA:332,0
DA:333,0
DA:336,0
DA:351,0
DA:352,0
DA:363,0
DA:364,0
DA:366,0
DA:367,0
DA:371,0
DA:374,0
DA:375,0
DA:376,0
DA:379,0
DA:380,0
DA:381,0
DA:382,0
DA:383,0
DA:384,0
DA:385,0
DA:386,0
DA:388,0
DA:389,0
DA:391,0
DA:415,0
DA:416,0
DA:427,0
DA:428,0
DA:430,0
DA:431,0
DA:435,0
DA:438,0
DA:439,0
DA:440,0
DA:443,0
DA:444,0
DA:445,0
DA:446,0
DA:447,0
DA:448,0
DA:449,0
DA:450,0
DA:451,0
DA:452,0
DA:453,0
DA:454,0
DA:455,0
DA:456,0
DA:457,0
DA:458,0
DA:460,0
DA:461,0
DA:462,0
DA:463,0
DA:464,0
DA:465,0
DA:466,0
DA:469,0
DA:470,0
DA:472,0
DA:488,0
DA:489,0
DA:500,0
DA:501,0
DA:503,0
DA:504,0
DA:508,0
DA:511,0
DA:512,0
DA:514,0
DA:515,0
DA:516,0
DA:517,0
DA:518,0
DA:519,0
DA:520,0
DA:524,0
DA:525,0
DA:526,0
DA:528,0
DA:530,0
DA:531,0
DA:532,0
DA:535,0
DA:536,0
DA:540,0
DA:541,0
DA:542,0
DA:543,0
DA:544,0
DA:552,0
DA:568,0
DA:569,0
DA:580,0
DA:581,0
DA:583,0
DA:584,0
DA:588,0
DA:591,0
DA:592,0
DA:596,0
DA:599,0
DA:600,0
DA:604,0
DA:607,0
DA:608,0
DA:609,0
DA:610,0
DA:612,0
DA:614,0
DA:615,0
DA:617,0
DA:618,0
DA:619,0
DA:620,0
DA:621,0
DA:623,0
DA:632,0
DA:635,0
DA:636,0
DA:638,0
DA:639,0
DA:640,0
DA:641,0
DA:642,0
DA:644,0
DA:654,0
DA:656,0
DA:672,0
DA:673,0
DA:682,0
LF:228
LH:0
BRDA:47,0,0,0
BRDA:48,1,0,0
BRDA:49,2,0,0
BRDA:50,3,0,0
BRDA:54,4,0,0
BRDA:54,5,0,0
BRDA:54,5,1,0
BRDA:62,6,0,0
BRDA:62,7,0,0
BRDA:62,7,1,0
BRDA:77,8,0,0
BRDA:78,9,0,0
BRDA:78,9,1,0
BRDA:80,10,0,0
BRDA:80,10,1,0
BRDA:82,11,0,0
BRDA:82,11,1,0
BRDA:94,12,0,0
BRDA:94,12,1,0
BRDA:96,13,0,0
BRDA:96,13,1,0
BRDA:98,14,0,0
BRDA:98,14,1,0
BRDA:111,15,0,0
BRDA:111,15,1,0
BRDA:139,16,0,0
BRDA:139,16,1,0
BRDA:140,17,0,0
BRDA:140,17,1,0
BRDA:166,18,0,0
BRDA:167,19,0,0
BRDA:168,20,0,0
BRDA:169,21,0,0
BRDA:178,22,0,0
BRDA:178,22,1,0
BRDA:179,23,0,0
BRDA:179,23,1,0
BRDA:273,24,0,0
BRDA:273,24,1,0
BRDA:277,25,0,0
BRDA:277,25,1,0
BRDA:298,26,0,0
BRDA:298,27,0,0
BRDA:298,27,1,0
BRDA:306,28,0,0
BRDA:306,28,1,0
BRDA:310,29,0,0
BRDA:310,29,1,0
BRDA:310,29,2,0
BRDA:310,29,3,0
BRDA:341,30,0,0
BRDA:341,30,1,0
BRDA:345,31,0,0
BRDA:345,31,1,0
BRDA:366,32,0,0
BRDA:366,33,0,0
BRDA:366,33,1,0
BRDA:374,34,0,0
BRDA:374,34,1,0
BRDA:376,35,0,0
BRDA:376,35,1,0
BRDA:430,36,0,0
BRDA:430,37,0,0
BRDA:430,37,1,0
BRDA:438,38,0,0
BRDA:438,38,1,0
BRDA:443,39,0,0
BRDA:443,39,1,0
BRDA:445,40,0,0
BRDA:445,40,1,0
BRDA:446,41,0,0
BRDA:446,41,1,0
BRDA:447,42,0,0
BRDA:447,42,1,0
BRDA:448,43,0,0
BRDA:448,43,1,0
BRDA:449,44,0,0
BRDA:449,44,1,0
BRDA:451,45,0,0
BRDA:451,45,1,0
BRDA:453,46,0,0
BRDA:453,46,1,0
BRDA:454,47,0,0
BRDA:454,47,1,0
BRDA:455,48,0,0
BRDA:455,48,1,0
BRDA:456,49,0,0
BRDA:456,49,1,0
BRDA:457,50,0,0
BRDA:457,50,1,0
BRDA:461,51,0,0
BRDA:461,51,1,0
BRDA:462,52,0,0
BRDA:462,52,1,0
BRDA:463,53,0,0
BRDA:463,53,1,0
BRDA:464,54,0,0
BRDA:464,54,1,0
BRDA:465,55,0,0
BRDA:465,55,1,0
BRDA:503,56,0,0
BRDA:503,57,0,0
BRDA:503,57,1,0
BRDA:512,58,0,0
BRDA:514,59,0,0
BRDA:514,59,1,0
BRDA:514,59,2,0
BRDA:514,59,3,0
BRDA:514,59,4,0
BRDA:514,59,5,0
BRDA:528,60,0,0
BRDA:528,60,1,0
BRDA:559,61,0,0
BRDA:559,61,1,0
BRDA:583,62,0,0
BRDA:583,63,0,0
BRDA:583,63,1,0
BRDA:591,64,0,0
BRDA:591,65,0,0
BRDA:591,65,1,0
BRDA:599,66,0,0
BRDA:599,67,0,0
BRDA:599,67,1,0
BRDA:612,68,0,0
BRDA:612,68,1,0
BRDA:632,69,0,0
BRDA:632,69,1,0
BRDA:663,70,0,0
BRDA:663,70,1,0
BRF:129
BRH:0
end_of_record
TN:
SF:src\controllers\contactController.ts
FN:40,(anonymous_1)
FN:150,(anonymous_2)
FN:219,(anonymous_3)
FN:220,(anonymous_4)
FN:221,(anonymous_5)
FN:222,(anonymous_6)
FN:253,(anonymous_7)
FN:298,(anonymous_8)
FN:372,(anonymous_9)
FN:434,(anonymous_10)
FN:488,(anonymous_11)
FN:574,(anonymous_12)
FN:627,(anonymous_13)
FN:677,(anonymous_14)
FN:718,(anonymous_15)
FN:719,(anonymous_16)
FN:720,(anonymous_17)
FN:721,(anonymous_18)
FN:726,(anonymous_19)
FN:727,(anonymous_20)
FN:728,(anonymous_21)
FN:729,(anonymous_22)
FNF:22
FNH:0
FNDA:0,(anonymous_1)
FNDA:0,(anonymous_2)
FNDA:0,(anonymous_3)
FNDA:0,(anonymous_4)
FNDA:0,(anonymous_5)
FNDA:0,(anonymous_6)
FNDA:0,(anonymous_7)
FNDA:0,(anonymous_8)
FNDA:0,(anonymous_9)
FNDA:0,(anonymous_10)
FNDA:0,(anonymous_11)
FNDA:0,(anonymous_12)
FNDA:0,(anonymous_13)
FNDA:0,(anonymous_14)
FNDA:0,(anonymous_15)
FNDA:0,(anonymous_16)
FNDA:0,(anonymous_17)
FNDA:0,(anonymous_18)
FNDA:0,(anonymous_19)
FNDA:0,(anonymous_20)
FNDA:0,(anonymous_21)
FNDA:0,(anonymous_22)
DA:2,0
DA:3,0
DA:5,0
DA:36,0
DA:41,0
DA:42,0
DA:45,0
DA:46,0
DA:50,0
DA:54,0
DA:55,0
DA:56,0
DA:60,0
DA:64,0
DA:65,0
DA:69,0
DA:72,0
DA:73,0
DA:77,0
DA:81,0
DA:82,0
DA:83,0
DA:84,0
DA:88,0
DA:93,0
DA:94,0
DA:103,0
DA:104,0
DA:108,0
DA:112,0
DA:124,0
DA:130,0
DA:139,0
DA:140,0
DA:151,0
DA:161,0
DA:163,0
DA:164,0
DA:167,0
DA:169,0
DA:170,0
DA:178,0
DA:179,0
DA:182,0
DA:183,0
DA:184,0
DA:185,0
DA:187,0
DA:188,0
DA:189,0
DA:190,0
DA:195,0
DA:196,0
DA:199,0
DA:209,0
DA:212,0
DA:217,0
DA:219,0
DA:220,0
DA:221,0
DA:222,0
DA:225,0
DA:242,0
DA:243,0
DA:254,0
DA:255,0
DA:258,0
DA:259,0
DA:263,0
DA:266,0
DA:270,0
DA:271,0
DA:275,0
DA:280,0
DA:286,0
DA:287,0
DA:299,0
DA:300,0
DA:301,0
DA:304,0
DA:305,0
DA:306,0
DA:310,0
DA:312,0
DA:313,0
DA:317,0
DA:320,0
DA:324,0
DA:325,0
DA:329,0
DA:333,0
DA:341,0
DA:348,0
DA:361,0
DA:362,0
DA:373,0
DA:374,0
DA:375,0
DA:377,0
DA:378,0
DA:382,0
DA:385,0
DA:389,0
DA:390,0
DA:394,0
DA:397,0
DA:398,0
DA:402,0
DA:405,0
DA:413,0
DA:418,0
DA:423,0
DA:424,0
DA:435,0
DA:436,0
DA:437,0
DA:439,0
DA:440,0
DA:444,0
DA:447,0
DA:448,0
DA:452,0
DA:455,0
DA:466,0
DA:471,0
DA:477,0
DA:478,0
DA:489,0
DA:490,0
DA:491,0
DA:492,0
DA:494,0
DA:495,0
DA:499,0
DA:502,0
DA:503,0
DA:507,0
DA:510,0
DA:511,0
DA:515,0
DA:518,0
DA:522,0
DA:523,0
DA:527,0
DA:531,0
DA:539,0
DA:552,0
DA:563,0
DA:564,0
DA:575,0
DA:576,0
DA:577,0
DA:579,0
DA:580,0
DA:584,0
DA:587,0
DA:591,0
DA:592,0
DA:596,0
DA:599,0
DA:604,0
DA:611,0
DA:616,0
DA:617,0
DA:628,0
DA:629,0
DA:630,0
DA:632,0
DA:633,0
DA:637,0
DA:640,0
DA:641,0
DA:645,0
DA:648,0
DA:655,0
DA:660,0
DA:666,0
DA:667,0
DA:678,0
DA:679,0
DA:680,0
DA:681,0
DA:682,0
DA:684,0
DA:710,0
DA:711,0
DA:715,0
DA:718,0
DA:719,0
DA:720,0
DA:721,0
DA:726,0
DA:727,0
DA:728,0
DA:729,0
DA:734,0
DA:740,0
DA:741,0
DA:749,0
LF:199
LH:0
BRDA:45,0,0,0
BRDA:45,1,0,0
BRDA:45,1,1,0
BRDA:45,1,2,0
BRDA:45,1,3,0
BRDA:55,2,0,0
BRDA:64,3,0,0
BRDA:72,4,0,0
BRDA:81,5,0,0
BRDA:83,6,0,0
BRDA:103,7,0,0
BRDA:116,8,0,0
BRDA:116,8,1,0
BRDA:157,9,0,0
BRDA:158,10,0,0
BRDA:159,11,0,0
BRDA:160,12,0,0
BRDA:169,13,0,0
BRDA:178,14,0,0
BRDA:182,15,0,0
BRDA:182,16,0,0
BRDA:182,16,1,0
BRDA:184,17,0,0
BRDA:187,18,0,0
BRDA:219,19,0,0
BRDA:219,19,1,0
BRDA:220,20,0,0
BRDA:220,20,1,0
BRDA:221,21,0,0
BRDA:221,21,1,0
BRDA:222,22,0,0
BRDA:222,22,1,0
BRDA:258,23,0,0
BRDA:270,24,0,0
BRDA:305,25,0,0
BRDA:305,26,0,0
BRDA:305,26,1,0
BRDA:312,27,0,0
BRDA:324,28,0,0
BRDA:345,29,0,0
BRDA:345,29,1,0
BRDA:377,30,0,0
BRDA:389,31,0,0
BRDA:397,32,0,0
BRDA:439,33,0,0
BRDA:439,34,0,0
BRDA:439,34,1,0
BRDA:439,34,2,0
BRDA:447,35,0,0
BRDA:494,36,0,0
BRDA:502,37,0,0
BRDA:510,38,0,0
BRDA:522,39,0,0
BRDA:579,40,0,0
BRDA:591,41,0,0
BRDA:632,42,0,0
BRDA:632,43,0,0
BRDA:632,43,1,0
BRDA:632,43,2,0
BRDA:640,44,0,0
BRDA:679,45,0,0
BRDA:718,46,0,0
BRDA:718,46,1,0
BRDA:719,47,0,0
BRDA:719,47,1,0
BRDA:720,48,0,0
BRDA:720,48,1,0
BRDA:721,49,0,0
BRDA:721,49,1,0
BRDA:726,50,0,0
BRDA:726,50,1,0
BRDA:727,51,0,0
BRDA:727,51,1,0
BRDA:728,52,0,0
BRDA:728,52,1,0
BRDA:729,53,0,0
BRDA:729,53,1,0
BRF:77
BRH:0
end_of_record
TN:
SF:src\controllers\newsletterController.ts
FN:94,(anonymous_10)
FN:105,(anonymous_11)
FN:281,(anonymous_12)
FN:337,(anonymous_13)
FN:407,(anonymous_14)
FN:475,(anonymous_15)
FN:549,(anonymous_16)
FN:648,(anonymous_17)
FN:705,(anonymous_18)
FN:757,(anonymous_19)
FN:783,(anonymous_20)
FN:861,(anonymous_21)
FN:873,(anonymous_22)
FN:902,(anonymous_23)
FN:903,(anonymous_24)
FN:938,(anonymous_25)
FNF:16
FNH:0
FNDA:0,(anonymous_10)
FNDA:0,(anonymous_11)
FNDA:0,(anonymous_12)
FNDA:0,(anonymous_13)
FNDA:0,(anonymous_14)
FNDA:0,(anonymous_15)
FNDA:0,(anonymous_16)
FNDA:0,(anonymous_17)
FNDA:0,(anonymous_18)
FNDA:0,(anonymous_19)
FNDA:0,(anonymous_20)
FNDA:0,(anonymous_21)
FNDA:0,(anonymous_22)
FNDA:0,(anonymous_23)
FNDA:0,(anonymous_24)
FNDA:0,(anonymous_25)
DA:2,0
DA:3,0
DA:4,0
DA:5,0
DA:7,0
DA:46,0
DA:50,0
DA:73,0
DA:95,0
DA:96,0
DA:98,0
DA:106,0
DA:108,0
DA:109,0
DA:110,0
DA:115,0
DA:118,0
DA:121,0
DA:125,0
DA:126,0
DA:127,0
DA:131,0
DA:135,0
DA:145,0
DA:150,0
DA:163,0
DA:167,0
DA:170,0
DA:180,0
DA:189,0
DA:203,0
DA:204,0
DA:282,0
DA:283,0
DA:285,0
DA:286,0
DA:290,0
DA:294,0
DA:300,0
DA:301,0
DA:305,0
DA:308,0
DA:326,0
DA:327,0
DA:338,0
DA:339,0
DA:340,0
DA:342,0
DA:343,0
DA:347,0
DA:351,0
DA:357,0
DA:358,0
DA:362,0
DA:366,0
DA:378,0
DA:383,0
DA:396,0
DA:397,0
DA:408,0
DA:409,0
DA:411,0
DA:412,0
DA:416,0
DA:420,0
DA:427,0
DA:428,0
DA:432,0
DA:436,0
DA:445,0
DA:450,0
DA:464,0
DA:465,0
DA:476,0
DA:477,0
DA:478,0
DA:482,0
DA:485,0
DA:491,0
DA:493,0
DA:498,0
DA:499,0
DA:503,0
DA:507,0
DA:510,0
DA:519,0
DA:525,0
DA:538,0
DA:539,0
DA:550,0
DA:560,0
DA:562,0
DA:563,0
DA:566,0
DA:568,0
DA:569,0
DA:572,0
DA:573,0
DA:579,0
DA:580,0
DA:581,0
DA:582,0
DA:584,0
DA:585,0
DA:586,0
DA:587,0
DA:592,0
DA:593,0
DA:596,0
DA:606,0
DA:609,0
DA:610,0
DA:612,0
DA:620,0
DA:637,0
DA:638,0
DA:649,0
DA:651,0
DA:652,0
DA:653,0
DA:658,0
DA:661,0
DA:662,0
DA:677,0
DA:680,0
DA:686,0
DA:694,0
DA:695,0
DA:706,0
DA:713,0
DA:715,0
DA:716,0
DA:719,0
DA:720,0
DA:721,0
DA:725,0
DA:726,0
DA:748,0
DA:749,0
DA:751,0
DA:753,0
DA:757,0
DA:772,0
DA:773,0
DA:784,0
DA:785,0
DA:786,0
DA:788,0
DA:789,0
DA:793,0
DA:810,0
DA:815,0
DA:816,0
DA:820,0
DA:836,0
DA:842,0
DA:850,0
DA:851,0
DA:862,0
DA:863,0
DA:864,0
DA:865,0
DA:866,0
DA:868,0
DA:873,0
DA:900,0
DA:902,0
DA:904,0
DA:905,0
DA:921,0
DA:927,0
DA:928,0
DA:939,0
DA:940,0
DA:941,0
DA:943,0
DA:944,0
DA:948,0
DA:952,0
DA:963,0
DA:964,0
DA:968,0
DA:972,0
DA:981,0
DA:987,0
DA:996,0
DA:997,0
DA:1005,0
LF:188
LH:0
BRDA:95,0,0,0
BRDA:109,1,0,0
BRDA:125,2,0,0
BRDA:126,3,0,0
BRDA:139,4,0,0
BRDA:139,4,1,0
BRDA:173,5,0,0
BRDA:173,5,1,0
BRDA:174,6,0,0
BRDA:174,6,1,0
BRDA:183,7,0,0
BRDA:183,7,1,0
BRDA:285,8,0,0
BRDA:300,9,0,0
BRDA:316,10,0,0
BRDA:316,10,1,0
BRDA:342,11,0,0
BRDA:357,12,0,0
BRDA:370,13,0,0
BRDA:370,13,1,0
BRDA:371,14,0,0
BRDA:371,14,1,0
BRDA:372,15,0,0
BRDA:372,15,1,0
BRDA:390,16,0,0
BRDA:390,16,1,0
BRDA:411,17,0,0
BRDA:427,18,0,0
BRDA:482,19,0,0
BRDA:482,19,1,0
BRDA:491,20,0,0
BRDA:498,21,0,0
BRDA:522,22,0,0
BRDA:522,22,1,0
BRDA:556,23,0,0
BRDA:557,24,0,0
BRDA:558,25,0,0
BRDA:559,26,0,0
BRDA:568,27,0,0
BRDA:572,28,0,0
BRDA:579,29,0,0
BRDA:579,30,0,0
BRDA:579,30,1,0
BRDA:581,31,0,0
BRDA:584,32,0,0
BRDA:652,33,0,0
BRDA:709,34,0,0
BRDA:710,35,0,0
BRDA:711,36,0,0
BRDA:712,37,0,0
BRDA:720,38,0,0
BRDA:759,39,0,0
BRDA:759,39,1,0
BRDA:788,40,0,0
BRDA:815,41,0,0
BRDA:863,42,0,0
BRDA:904,43,0,0
BRDA:904,43,1,0
BRDA:943,44,0,0
BRDA:963,45,0,0
BRF:60
BRH:0
end_of_record
TN:
SF:src\controllers\uploadController.ts
FN:40,(anonymous_10)
FN:49,(anonymous_11)
FN:57,(anonymous_12)
FN:111,(anonymous_13)
FN:129,(anonymous_14)
FN:187,(anonymous_15)
FN:263,(anonymous_16)
FN:320,(anonymous_17)
FN:340,(anonymous_18)
FN:427,(anonymous_19)
FN:428,(anonymous_20)
FN:441,(anonymous_21)
FN:468,(anonymous_22)
FN:523,(anonymous_23)
FN:596,(anonymous_24)
FN:648,(anonymous_25)
FN:656,(anonymous_26)
FN:676,(anonymous_27)
FN:712,(anonymous_28)
FN:722,(anonymous_29)
FNF:20
FNH:0
FNDA:0,(anonymous_10)
FNDA:0,(anonymous_11)
FNDA:0,(anonymous_12)
FNDA:0,(anonymous_13)
FNDA:0,(anonymous_14)
FNDA:0,(anonymous_15)
FNDA:0,(anonymous_16)
FNDA:0,(anonymous_17)
FNDA:0,(anonymous_18)
FNDA:0,(anonymous_19)
FNDA:0,(anonymous_20)
FNDA:0,(anonymous_21)
FNDA:0,(anonymous_22)
FNDA:0,(anonymous_23)
FNDA:0,(anonymous_24)
FNDA:0,(anonymous_25)
FNDA:0,(anonymous_26)
FNDA:0,(anonymous_27)
FNDA:0,(anonymous_28)
FNDA:0,(anonymous_29)
DA:2,0
DA:3,0
DA:4,0
DA:5,0
DA:6,0
DA:7,0
DA:8,0
DA:10,0
DA:39,0
DA:41,0
DA:42,0
DA:43,0
DA:45,0
DA:47,0
DA:50,0
DA:51,0
DA:52,0
DA:57,0
DA:59,0
DA:77,0
DA:78,0
DA:80,0
DA:85,0
DA:97,0
DA:101,0
DA:106,0
DA:112,0
DA:113,0
DA:115,0
DA:121,0
DA:123,0
DA:130,0
DA:131,0
DA:132,0
DA:135,0
DA:136,0
DA:139,0
DA:146,0
DA:147,0
DA:148,0
DA:150,0
DA:151,0
DA:152,0
DA:153,0
DA:161,0
DA:170,0
DA:179,0
DA:180,0
DA:188,0
DA:189,0
DA:190,0
DA:192,0
DA:193,0
DA:197,0
DA:200,0
DA:201,0
DA:204,0
DA:205,0
DA:206,0
DA:210,0
DA:225,0
DA:234,0
DA:252,0
DA:253,0
DA:264,0
DA:265,0
DA:266,0
DA:268,0
DA:269,0
DA:273,0
DA:276,0
DA:278,0
DA:279,0
DA:280,0
DA:283,0
DA:284,0
DA:285,0
DA:289,0
DA:303,0
DA:317,0
DA:320,0
DA:323,0
DA:329,0
DA:330,0
DA:341,0
DA:353,0
DA:355,0
DA:356,0
DA:359,0
DA:361,0
DA:362,0
DA:365,0
DA:366,0
DA:369,0
DA:370,0
DA:376,0
DA:377,0
DA:380,0
DA:381,0
DA:382,0
DA:383,0
DA:385,0
DA:386,0
DA:387,0
DA:388,0
DA:393,0
DA:394,0
DA:397,0
DA:416,0
DA:419,0
DA:425,0
DA:427,0
DA:429,0
DA:433,0
DA:437,0
DA:441,0
DA:457,0
DA:458,0
DA:469,0
DA:470,0
DA:472,0
DA:473,0
DA:477,0
DA:480,0
DA:493,0
DA:494,0
DA:498,0
DA:501,0
DA:512,0
DA:513,0
DA:524,0
DA:525,0
DA:526,0
DA:528,0
DA:529,0
DA:533,0
DA:536,0
DA:540,0
DA:541,0
DA:545,0
DA:549,0
DA:550,0
DA:554,0
DA:558,0
DA:559,0
DA:564,0
DA:568,0
DA:573,0
DA:580,0
DA:585,0
DA:586,0
DA:597,0
DA:598,0
DA:599,0
DA:601,0
DA:602,0
DA:606,0
DA:609,0
DA:610,0
DA:614,0
DA:618,0
DA:626,0
DA:627,0
DA:631,0
DA:635,0
DA:636,0
DA:637,0
DA:641,0
DA:646,0
DA:648,0
DA:653,0
DA:656,0
DA:659,0
DA:665,0
DA:666,0
DA:677,0
DA:678,0
DA:679,0
DA:680,0
DA:681,0
DA:683,0
DA:707,0
DA:713,0
DA:717,0
DA:723,0
DA:727,0
DA:732,0
DA:738,0
DA:739,0
DA:747,0
LF:190
LH:0
BRDA:77,0,0,0
BRDA:77,0,1,0
BRDA:112,1,0,0
BRDA:115,2,0,0
BRDA:116,3,0,0
BRDA:116,3,1,0
BRDA:116,3,2,0
BRDA:116,3,3,0
BRDA:131,4,0,0
BRDA:131,5,0,0
BRDA:131,5,1,0
BRDA:151,6,0,0
BRDA:151,7,0,0
BRDA:151,7,1,0
BRDA:192,8,0,0
BRDA:205,9,0,0
BRDA:268,10,0,0
BRDA:268,11,0,0
BRDA:268,11,1,0
BRDA:284,12,0,0
BRDA:349,13,0,0
BRDA:350,14,0,0
BRDA:351,15,0,0
BRDA:352,16,0,0
BRDA:361,17,0,0
BRDA:365,18,0,0
BRDA:369,19,0,0
BRDA:376,20,0,0
BRDA:380,21,0,0
BRDA:380,22,0,0
BRDA:380,22,1,0
BRDA:382,23,0,0
BRDA:385,24,0,0
BRDA:427,25,0,0
BRDA:427,25,1,0
BRDA:431,26,0,0
BRDA:431,26,1,0
BRDA:472,27,0,0
BRDA:493,28,0,0
BRDA:528,29,0,0
BRDA:540,30,0,0
BRDA:549,31,0,0
BRDA:549,32,0,0
BRDA:549,32,1,0
BRDA:601,33,0,0
BRDA:601,34,0,0
BRDA:601,34,1,0
BRDA:601,34,2,0
BRDA:609,35,0,0
BRDA:622,36,0,0
BRDA:622,36,1,0
BRDA:626,37,0,0
BRDA:678,38,0,0
BRDA:710,39,0,0
BRDA:710,39,1,0
BRDA:711,40,0,0
BRDA:711,40,1,0
BRDA:715,41,0,0
BRDA:715,41,1,0
BRDA:725,42,0,0
BRDA:725,42,1,0
BRF:61
BRH:0
end_of_record
TN:
SF:src\controllers\userController.ts
FN:33,(anonymous_1)
FN:113,(anonymous_2)
FN:163,(anonymous_3)
FN:256,(anonymous_4)
FN:385,(anonymous_5)
FN:473,(anonymous_6)
FN:539,(anonymous_7)
FN:581,(anonymous_8)
FN:673,(anonymous_9)
FN:747,(anonymous_10)
FN:847,(anonymous_11)
FNF:11
FNH:0
FNDA:0,(anonymous_1)
FNDA:0,(anonymous_2)
FNDA:0,(anonymous_3)
FNDA:0,(anonymous_4)
FNDA:0,(anonymous_5)
FNDA:0,(anonymous_6)
FNDA:0,(anonymous_7)
FNDA:0,(anonymous_8)
FNDA:0,(anonymous_9)
FNDA:0,(anonymous_10)
FNDA:0,(anonymous_11)
DA:2,0
DA:3,0
DA:4,0
DA:6,0
DA:29,0
DA:34,0
DA:41,0
DA:43,0
DA:44,0
DA:47,0
DA:49,0
DA:50,0
DA:56,0
DA:57,0
DA:60,0
DA:61,0
DA:65,0
DA:84,0
DA:86,0
DA:102,0
DA:103,0
DA:114,0
DA:115,0
DA:117,0
DA:118,0
DA:122,0
DA:125,0
DA:138,0
DA:139,0
DA:143,0
DA:146,0
DA:152,0
DA:153,0
DA:164,0
DA:165,0
DA:168,0
DA:169,0
DA:173,0
DA:177,0
DA:178,0
DA:179,0
DA:183,0
DA:187,0
DA:188,0
DA:192,0
DA:196,0
DA:200,0
DA:201,0
DA:205,0
DA:209,0
DA:210,0
DA:213,0
DA:232,0
DA:233,0
DA:239,0
DA:245,0
DA:246,0
DA:257,0
DA:258,0
DA:259,0
DA:260,0
DA:262,0
DA:263,0
DA:267,0
DA:271,0
DA:275,0
DA:276,0
DA:280,0
DA:284,0
DA:285,0
DA:289,0
DA:293,0
DA:295,0
DA:296,0
DA:298,0
DA:299,0
DA:300,0
DA:304,0
DA:308,0
DA:315,0
DA:316,0
DA:320,0
DA:323,0
DA:326,0
DA:327,0
DA:328,0
DA:332,0
DA:334,0
DA:335,0
DA:339,0
DA:340,0
DA:341,0
DA:344,0
DA:347,0
DA:362,0
DA:368,0
DA:374,0
DA:375,0
DA:386,0
DA:387,0
DA:388,0
DA:389,0
DA:391,0
DA:392,0
DA:396,0
DA:399,0
DA:400,0
DA:404,0
DA:408,0
DA:412,0
DA:413,0
DA:417,0
DA:421,0
DA:422,0
DA:426,0
DA:430,0
DA:448,0
DA:456,0
DA:462,0
DA:463,0
DA:474,0
DA:475,0
DA:476,0
DA:478,0
DA:479,0
DA:483,0
DA:487,0
DA:491,0
DA:492,0
DA:496,0
DA:500,0
DA:501,0
DA:505,0
DA:509,0
DA:518,0
DA:523,0
DA:528,0
DA:529,0
DA:540,0
DA:541,0
DA:543,0
DA:556,0
DA:557,0
DA:561,0
DA:564,0
DA:570,0
DA:571,0
DA:582,0
DA:583,0
DA:584,0
DA:587,0
DA:589,0
DA:591,0
DA:593,0
DA:594,0
DA:595,0
DA:599,0
DA:603,0
DA:610,0
DA:611,0
DA:615,0
DA:618,0
DA:621,0
DA:622,0
DA:623,0
DA:627,0
DA:629,0
DA:630,0
DA:633,0
DA:636,0
DA:651,0
DA:656,0
DA:662,0
DA:663,0
DA:674,0
DA:675,0
DA:676,0
DA:678,0
DA:679,0
DA:683,0
DA:686,0
DA:687,0
DA:691,0
DA:695,0
DA:699,0
DA:700,0
DA:704,0
DA:707,0
DA:708,0
DA:709,0
DA:713,0
DA:717,0
DA:726,0
DA:731,0
DA:736,0
DA:737,0
DA:748,0
DA:749,0
DA:750,0
DA:753,0
DA:754,0
DA:758,0
DA:762,0
DA:763,0
DA:767,0
DA:771,0
DA:772,0
DA:776,0
DA:780,0
DA:784,0
DA:785,0
DA:789,0
DA:793,0
DA:794,0
DA:795,0
DA:799,0
DA:803,0
DA:804,0
DA:805,0
DA:809,0
DA:813,0
DA:814,0
DA:817,0
DA:826,0
DA:831,0
DA:836,0
DA:837,0
DA:848,0
DA:849,0
DA:850,0
DA:852,0
DA:853,0
DA:857,0
DA:861,0
DA:862,0
DA:863,0
DA:867,0
DA:871,0
DA:872,0
DA:873,0
DA:877,0
DA:881,0
DA:884,0
DA:902,0
DA:908,0
DA:917,0
DA:918,0
DA:926,0
LF:248
LH:0
BRDA:39,0,0,0
BRDA:40,1,0,0
BRDA:49,2,0,0
BRDA:56,3,0,0
BRDA:60,4,0,0
BRDA:61,5,0,0
BRDA:61,5,1,0
BRDA:117,6,0,0
BRDA:138,7,0,0
BRDA:165,8,0,0
BRDA:165,9,0,0
BRDA:168,10,0,0
BRDA:168,11,0,0
BRDA:168,11,1,0
BRDA:168,11,2,0
BRDA:178,12,0,0
BRDA:187,13,0,0
BRDA:200,14,0,0
BRDA:262,15,0,0
BRDA:275,16,0,0
BRDA:284,17,0,0
BRDA:284,18,0,0
BRDA:284,18,1,0
BRDA:295,19,0,0
BRDA:296,20,0,0
BRDA:299,21,0,0
BRDA:315,22,0,0
BRDA:326,23,0,0
BRDA:327,24,0,0
BRDA:339,25,0,0
BRDA:340,26,0,0
BRDA:341,27,0,0
BRDA:391,28,0,0
BRDA:399,29,0,0
BRDA:412,30,0,0
BRDA:421,31,0,0
BRDA:421,32,0,0
BRDA:421,32,1,0
BRDA:452,33,0,0
BRDA:452,33,1,0
BRDA:458,34,0,0
BRDA:458,34,1,0
BRDA:478,35,0,0
BRDA:491,36,0,0
BRDA:500,37,0,0
BRDA:556,38,0,0
BRDA:589,39,0,0
BRDA:591,40,0,0
BRDA:594,41,0,0
BRDA:610,42,0,0
BRDA:621,43,0,0
BRDA:622,44,0,0
BRDA:678,45,0,0
BRDA:678,46,0,0
BRDA:678,46,1,0
BRDA:686,47,0,0
BRDA:699,48,0,0
BRDA:708,49,0,0
BRDA:753,50,0,0
BRDA:753,51,0,0
BRDA:753,51,1,0
BRDA:753,51,2,0
BRDA:762,52,0,0
BRDA:771,53,0,0
BRDA:784,54,0,0
BRDA:794,55,0,0
BRDA:804,56,0,0
BRDA:852,57,0,0
BRDA:862,58,0,0
BRDA:872,59,0,0
BRF:70
BRH:0
end_of_record
TN:
SF:src\docs\swagger.ts
FN:134,(anonymous_1)
FN:156,(anonymous_2)
FNF:2
FNH:0
FNDA:0,(anonymous_1)
FNDA:0,(anonymous_2)
DA:1,0
DA:2,0
DA:6,0
DA:128,0
DA:134,0
DA:136,0
DA:156,0
DA:157,0
DA:158,0
DA:161,0
DA:162,0
DA:163,0
DA:166,0
DA:167,0
LF:14
LH:0
BRF:0
BRH:0
end_of_record
TN:
SF:src\middlewares\auth.ts
FN:25,(anonymous_1)
FN:84,(anonymous_2)
FN:85,(anonymous_3)
FN:122,(anonymous_4)
FN:125,(anonymous_5)
FNF:5
FNH:0
FNDA:0,(anonymous_1)
FNDA:0,(anonymous_2)
FNDA:0,(anonymous_3)
FNDA:0,(anonymous_4)
FNDA:0,(anonymous_5)
DA:3,0
DA:4,0
DA:25,0
DA:30,0
DA:31,0
DA:32,0
DA:34,0
DA:35,0
DA:39,0
DA:43,0
DA:45,0
DA:46,0
DA:50,0
DA:54,0
DA:56,0
DA:57,0
DA:61,0
DA:65,0
DA:71,0
DA:73,0
DA:74,0
DA:84,0
DA:85,0
DA:86,0
DA:88,0
DA:89,0
DA:93,0
DA:96,0
DA:97,0
DA:101,0
DA:104,0
DA:111,0
DA:116,0
DA:121,0
DA:122,0
DA:123,0
DA:125,0
DA:126,0
DA:127,0
DA:129,0
DA:130,0
DA:134,0
DA:138,0
DA:139,0
DA:140,0
DA:143,0
LF:46
LH:0
BRDA:32,0,0,0
BRDA:32,0,1,0
BRDA:34,1,0,0
BRDA:45,2,0,0
BRDA:56,3,0,0
BRDA:88,4,0,0
BRDA:96,5,0,0
BRDA:127,6,0,0
BRDA:127,6,1,0
BRDA:129,7,0,0
BRDA:138,8,0,0
BRDA:138,9,0,0
BRDA:138,9,1,0
BRF:13
BRH:0
end_of_record
TN:
SF:src\middlewares\cache.ts
FN:20,generateDefaultCacheKey
FN:33,cacheMiddleware
FN:37,(anonymous_3)
FN:38,(anonymous_4)
FN:41,(anonymous_5)
FN:67,(anonymous_6)
FN:73,(anonymous_7)
FN:97,userCacheMiddleware
FN:100,(anonymous_9)
FN:104,(anonymous_10)
FN:115,publicCacheMiddleware
FN:118,(anonymous_12)
FN:121,(anonymous_13)
FN:129,articleCacheMiddleware
FN:132,(anonymous_15)
FN:137,(anonymous_16)
FN:145,invalidateCacheMiddleware
FN:146,(anonymous_18)
FN:152,(anonymous_19)
FN:171,invalidateUserCacheMiddleware
FN:172,(anonymous_21)
FN:182,invalidatePublicCacheMiddleware
FN:189,invalidateArticleCacheMiddleware
FNF:23
FNH:17
FNDA:4,generateDefaultCacheKey
FNDA:12,cacheMiddleware
FNDA:0,(anonymous_3)
FNDA:11,(anonymous_4)
FNDA:12,(anonymous_5)
FNDA:0,(anonymous_6)
FNDA:0,(anonymous_7)
FNDA:2,userCacheMiddleware
FNDA:2,(anonymous_9)
FNDA:0,(anonymous_10)
FNDA:1,publicCacheMiddleware
FNDA:1,(anonymous_12)
FNDA:0,(anonymous_13)
FNDA:2,articleCacheMiddleware
FNDA:2,(anonymous_15)
FNDA:0,(anonymous_16)
FNDA:6,invalidateCacheMiddleware
FNDA:6,(anonymous_18)
FNDA:6,(anonymous_19)
FNDA:2,invalidateUserCacheMiddleware
FNDA:2,(anonymous_21)
FNDA:1,invalidatePublicCacheMiddleware
FNDA:1,invalidateArticleCacheMiddleware
DA:2,1
DA:3,1
DA:21,4
DA:22,4
DA:23,4
DA:25,4
DA:33,1
DA:37,0
DA:38,11
DA:39,12
DA:41,12
DA:42,12
DA:44,12
DA:45,1
DA:49,11
DA:50,1
DA:53,10
DA:56,10
DA:58,9
DA:59,1
DA:60,1
DA:64,8
DA:67,8
DA:68,0
DA:69,0
DA:73,8
DA:74,0
DA:76,0
DA:77,0
DA:78,0
DA:81,0
DA:85,8
DA:87,1
DA:88,1
DA:97,1
DA:98,2
DA:101,2
DA:102,2
DA:106,0
DA:115,1
DA:116,1
DA:119,1
DA:121,0
DA:129,1
DA:130,2
DA:133,2
DA:134,2
DA:135,2
DA:137,0
DA:145,1
DA:146,6
DA:147,6
DA:149,6
DA:152,6
DA:153,6
DA:154,5
DA:155,6
DA:156,6
DA:161,0
DA:162,0
DA:171,1
DA:172,2
DA:173,2
DA:174,2
DA:175,2
DA:182,1
DA:183,1
DA:189,1
DA:190,1
LF:69
LH:56
BRDA:22,0,0,4
BRDA:22,0,1,0
BRDA:23,1,0,0
BRDA:23,1,1,4
BRDA:33,2,0,4
BRDA:35,3,0,6
BRDA:36,4,0,6
BRDA:37,5,0,7
BRDA:38,6,0,11
BRDA:44,7,0,1
BRDA:49,8,0,1
BRDA:58,9,0,1
BRDA:76,10,0,0
BRDA:76,11,0,0
BRDA:76,11,1,0
BRDA:76,11,2,0
BRDA:76,11,3,0
BRDA:97,12,0,1
BRDA:101,13,0,2
BRDA:101,13,1,1
BRDA:115,14,0,0
BRDA:129,15,0,1
BRDA:134,16,0,2
BRDA:134,16,1,1
BRDA:134,16,2,0
BRDA:153,17,0,5
BRDA:153,18,0,6
BRDA:153,18,1,6
BRDA:173,19,0,1
BRDA:173,19,1,1
BRF:30
BRH:21
end_of_record
TN:
SF:src\middlewares\errorHandler.ts
FN:18,(anonymous_0)
FN:36,(anonymous_1)
FN:116,(anonymous_2)
FN:119,(anonymous_3)
FN:125,(anonymous_4)
FN:129,(anonymous_5)
FN:133,(anonymous_6)
FN:137,(anonymous_7)
FN:141,(anonymous_8)
FN:145,(anonymous_9)
FN:149,(anonymous_10)
FNF:11
FNH:0
FNDA:0,(anonymous_0)
FNDA:0,(anonymous_1)
FNDA:0,(anonymous_2)
FNDA:0,(anonymous_3)
FNDA:0,(anonymous_4)
FNDA:0,(anonymous_5)
FNDA:0,(anonymous_6)
FNDA:0,(anonymous_7)
FNDA:0,(anonymous_8)
FNDA:0,(anonymous_9)
FNDA:0,(anonymous_10)
DA:2,0
DA:12,0
DA:25,0
DA:26,0
DA:27,0
DA:28,0
DA:29,0
DA:31,0
DA:36,0
DA:43,0
DA:56,0
DA:57,0
DA:60,0
DA:72,0
DA:73,0
DA:74,0
DA:75,0
DA:80,0
DA:82,0
DA:83,0
DA:85,0
DA:86,0
DA:88,0
DA:89,0
DA:91,0
DA:92,0
DA:94,0
DA:95,0
DA:97,0
DA:98,0
DA:100,0
DA:101,0
DA:102,0
DA:104,0
DA:106,0
DA:107,0
DA:112,0
DA:116,0
DA:119,0
DA:120,0
DA:125,0
DA:126,0
DA:129,0
DA:130,0
DA:133,0
DA:134,0
DA:137,0
DA:138,0
DA:141,0
DA:142,0
DA:145,0
DA:146,0
DA:149,0
DA:150,0
LF:54
LH:0
BRDA:20,0,0,0
BRDA:21,1,0,0
BRDA:23,2,0,0
BRDA:56,3,0,0
BRDA:56,3,1,0
BRDA:57,4,0,0
BRDA:57,4,1,0
BRDA:64,5,0,0
BRDA:64,5,1,0
BRDA:72,6,0,0
BRDA:74,7,0,0
BRDA:80,8,0,0
BRDA:80,8,1,0
BRDA:80,8,2,0
BRDA:80,8,3,0
BRDA:80,8,4,0
BRDA:80,8,5,0
BRDA:80,8,6,0
BRDA:80,8,7,0
BRDA:101,9,0,0
BRDA:106,10,0,0
BRDA:129,11,0,0
BRDA:133,12,0,0
BRDA:137,13,0,0
BRDA:149,14,0,0
BRF:25
BRH:0
end_of_record
TN:
SF:src\middlewares\logger.ts
FN:26,(anonymous_1)
FN:100,(anonymous_2)
FN:106,(anonymous_3)
FN:116,(anonymous_4)
FN:127,(anonymous_5)
FN:137,(anonymous_6)
FN:147,(anonymous_7)
FN:167,(anonymous_8)
FNF:8
FNH:0
FNDA:0,(anonymous_1)
FNDA:0,(anonymous_2)
FNDA:0,(anonymous_3)
FNDA:0,(anonymous_4)
FNDA:0,(anonymous_5)
FNDA:0,(anonymous_6)
FNDA:0,(anonymous_7)
FNDA:0,(anonymous_8)
DA:1,0
DA:2,0
DA:3,0
DA:6,0
DA:7,0
DA:8,0
DA:12,0
DA:21,0
DA:27,0
DA:28,0
DA:29,0
DA:31,0
DA:36,0
DA:39,0
DA:40,0
DA:49,0
DA:76,0
DA:89,0
DA:90,0
DA:99,0
DA:101,0
DA:106,0
DA:107,0
DA:108,0
DA:116,0
DA:117,0
DA:118,0
DA:127,0
DA:128,0
DA:137,0
DA:138,0
DA:147,0
DA:148,0
DA:149,0
DA:157,0
DA:167,0
DA:168,0
DA:177,0
LF:38
LH:0
BRDA:6,0,0,0
BRDA:6,0,1,0
BRDA:7,1,0,0
BRDA:28,2,0,0
BRDA:39,3,0,0
BRDA:43,4,0,0
BRDA:43,4,1,0
BRDA:55,5,0,0
BRDA:55,5,1,0
BRDA:56,6,0,0
BRDA:56,6,1,0
BRDA:62,7,0,0
BRDA:62,7,1,0
BRDA:63,8,0,0
BRDA:63,8,1,0
BRDA:70,9,0,0
BRDA:70,9,1,0
BRDA:71,10,0,0
BRDA:71,10,1,0
BRDA:77,11,0,0
BRDA:77,11,1,0
BRDA:81,12,0,0
BRDA:81,12,1,0
BRDA:89,13,0,0
BRDA:89,14,0,0
BRDA:89,14,1,0
BRDA:117,15,0,0
BRDA:117,16,0,0
BRDA:117,16,1,0
BRDA:148,17,0,0
BRDA:148,17,1,0
BRF:31
BRH:0
end_of_record
TN:
SF:src\middlewares\requestLogger.ts
FN:18,(anonymous_0)
FN:37,(anonymous_1)
FN:104,(anonymous_2)
FN:111,(anonymous_3)
FN:112,(anonymous_4)
FN:132,(anonymous_5)
FN:144,(anonymous_6)
FNF:7
FNH:0
FNDA:0,(anonymous_0)
FNDA:0,(anonymous_1)
FNDA:0,(anonymous_2)
FNDA:0,(anonymous_3)
FNDA:0,(anonymous_4)
FNDA:0,(anonymous_5)
FNDA:0,(anonymous_6)
DA:2,0
DA:18,0
DA:19,0
DA:22,0
DA:31,0
DA:32,0
DA:36,0
DA:37,0
DA:38,0
DA:39,0
DA:42,0
DA:43,0
DA:44,0
DA:45,0
DA:48,0
DA:49,0
DA:50,0
DA:51,0
DA:52,0
DA:56,0
DA:59,0
DA:66,0
DA:67,0
DA:76,0
DA:77,0
DA:85,0
DA:89,0
DA:90,0
DA:100,0
DA:104,0
DA:105,0
DA:107,0
DA:108,0
DA:111,0
DA:112,0
DA:113,0
DA:117,0
DA:118,0
DA:128,0
DA:132,0
DA:133,0
DA:134,0
DA:143,0
DA:144,0
DA:147,0
DA:148,0
DA:158,0
DA:161,0
LF:48
LH:0
BRDA:24,0,0,0
BRDA:24,0,1,0
BRDA:25,1,0,0
BRDA:25,1,1,0
BRDA:25,1,2,0
BRDA:31,2,0,0
BRDA:45,3,0,0
BRDA:45,3,1,0
BRDA:49,4,0,0
BRDA:49,4,1,0
BRDA:49,5,0,0
BRDA:49,5,1,0
BRDA:51,6,0,0
BRDA:66,7,0,0
BRDA:76,8,0,0
BRDA:89,9,0,0
BRDA:105,10,0,0
BRDA:105,11,0,0
BRDA:105,11,1,0
BRDA:112,12,0,0
BRDA:117,13,0,0
BRDA:121,14,0,0
BRDA:121,14,1,0
BRDA:133,15,0,0
BRDA:133,16,0,0
BRDA:133,16,1,0
BRDA:137,17,0,0
BRDA:137,17,1,0
BRDA:147,18,0,0
BRDA:151,19,0,0
BRDA:151,19,1,0
BRF:31
BRH:0
end_of_record
TN:
SF:src\middlewares\security.ts
FN:11,(anonymous_1)
FN:83,(anonymous_2)
FN:106,(anonymous_3)
FN:150,(anonymous_4)
FN:163,(anonymous_5)
FN:188,(anonymous_6)
FN:195,(anonymous_7)
FNF:7
FNH:0
FNDA:0,(anonymous_1)
FNDA:0,(anonymous_2)
FNDA:0,(anonymous_3)
FNDA:0,(anonymous_4)
FNDA:0,(anonymous_5)
FNDA:0,(anonymous_6)
FNDA:0,(anonymous_7)
DA:2,0
DA:3,0
DA:4,0
DA:5,0
DA:10,0
DA:13,0
DA:22,0
DA:24,0
DA:25,0
DA:27,0
DA:48,0
DA:74,0
DA:85,0
DA:86,0
DA:87,0
DA:89,0
DA:96,0
DA:108,0
DA:109,0
DA:110,0
DA:112,0
DA:119,0
DA:133,0
DA:147,0
DA:152,0
DA:153,0
DA:156,0
DA:163,0
DA:165,0
DA:168,0
DA:169,0
DA:172,0
DA:175,0
DA:178,0
DA:179,0
DA:182,0
DA:188,0
DA:189,0
DA:192,0
DA:195,0
DA:196,0
DA:197,0
DA:200,0
LF:43
LH:0
BRDA:22,0,0,0
BRDA:24,1,0,0
BRDA:24,1,1,0
BRDA:85,2,0,0
BRDA:86,3,0,0
BRDA:86,3,1,0
BRDA:87,4,0,0
BRDA:87,4,1,0
BRDA:87,4,2,0
BRDA:87,4,3,0
BRDA:108,5,0,0
BRDA:109,6,0,0
BRDA:109,6,1,0
BRDA:110,7,0,0
BRDA:110,7,1,0
BRDA:110,7,2,0
BRDA:110,7,3,0
BRDA:152,8,0,0
BRDA:168,9,0,0
BRDA:168,9,1,0
BRDA:178,10,0,0
BRF:21
BRH:0
end_of_record
TN:
SF:src\middlewares\upload.ts
FN:24,(anonymous_1)
FN:25,(anonymous_2)
FN:36,(anonymous_3)
FN:39,(anonymous_4)
FN:47,(anonymous_5)
FN:83,(anonymous_6)
FN:101,(anonymous_7)
FN:160,(anonymous_8)
FN:170,(anonymous_9)
FN:186,(anonymous_10)
FN:199,(anonymous_11)
FN:200,(anonymous_12)
FN:203,(anonymous_13)
FNF:13
FNH:0
FNDA:0,(anonymous_1)
FNDA:0,(anonymous_2)
FNDA:0,(anonymous_3)
FNDA:0,(anonymous_4)
FNDA:0,(anonymous_5)
FNDA:0,(anonymous_6)
FNDA:0,(anonymous_7)
FNDA:0,(anonymous_8)
FNDA:0,(anonymous_9)
FNDA:0,(anonymous_10)
FNDA:0,(anonymous_11)
FNDA:0,(anonymous_12)
FNDA:0,(anonymous_13)
DA:1,0
DA:2,0
DA:3,0
DA:4,0
DA:6,0
DA:9,0
DA:24,0
DA:25,0
DA:26,0
DA:27,0
DA:32,0
DA:35,0
DA:37,0
DA:40,0
DA:41,0
DA:42,0
DA:47,0
DA:48,0
DA:53,0
DA:54,0
DA:56,0
DA:61,0
DA:83,0
DA:84,0
DA:85,0
DA:86,0
DA:89,0
DA:90,0
DA:92,0
DA:93,0
DA:95,0
DA:97,0
DA:98,0
DA:101,0
DA:102,0
DA:103,0
DA:108,0
DA:114,0
DA:120,0
DA:122,0
DA:134,0
DA:135,0
DA:137,0
DA:138,0
DA:141,0
DA:143,0
DA:156,0
DA:158,0
DA:160,0
DA:163,0
DA:165,0
DA:168,0
DA:169,0
DA:170,0
DA:171,0
DA:172,0
DA:177,0
DA:186,0
DA:187,0
DA:188,0
DA:195,0
DA:199,0
DA:200,0
DA:201,0
DA:202,0
DA:203,0
DA:204,0
DA:205,0
DA:210,0
DA:214,0
DA:215,0
DA:216,0
DA:221,0
LF:73
LH:0
BRDA:26,0,0,0
BRDA:53,1,0,0
BRDA:53,1,1,0
BRDA:85,2,0,0
BRDA:89,3,0,0
BRDA:89,3,1,0
BRDA:95,4,0,0
BRDA:95,4,1,0
BRDA:102,5,0,0
BRDA:137,6,0,0
BRDA:168,7,0,0
BRDA:169,8,0,0
BRDA:169,8,1,0
BRDA:171,9,0,0
BRDA:180,10,0,0
BRDA:180,10,1,0
BRDA:187,11,0,0
BRDA:187,12,0,0
BRDA:187,12,1,0
BRDA:187,12,2,0
BRDA:201,13,0,0
BRDA:202,14,0,0
BRDA:202,14,1,0
BRDA:204,15,0,0
BRF:24
BRH:0
end_of_record
TN:
SF:src\repositories\userRepository.ts
FN:4,(anonymous_0)
FN:6,(anonymous_1)
FN:12,(anonymous_2)
FN:30,(anonymous_3)
FN:36,(anonymous_4)
FN:42,(anonymous_5)
FN:49,(anonymous_6)
FN:59,(anonymous_7)
FN:68,(anonymous_8)
FN:72,(anonymous_9)
FN:77,(anonymous_10)
FN:85,(anonymous_11)
FNF:12
FNH:0
FNDA:0,(anonymous_0)
FNDA:0,(anonymous_1)
FNDA:0,(anonymous_2)
FNDA:0,(anonymous_3)
FNDA:0,(anonymous_4)
FNDA:0,(anonymous_5)
FNDA:0,(anonymous_6)
FNDA:0,(anonymous_7)
FNDA:0,(anonymous_8)
FNDA:0,(anonymous_9)
FNDA:0,(anonymous_10)
FNDA:0,(anonymous_11)
DA:3,0
DA:4,0
DA:7,0
DA:13,0
DA:31,0
DA:37,0
DA:43,0
DA:50,0
DA:60,0
DA:69,0
DA:74,0
DA:78,0
DA:85,0
DA:86,0
DA:87,0
LF:15
LH:0
BRF:0
BRH:0
end_of_record
TN:
SF:src\routes\adminRoutes.ts
FN:232,(anonymous_1)
FN:259,(anonymous_2)
FN:359,(anonymous_3)
FN:430,(anonymous_4)
FN:483,(anonymous_5)
FN:515,(anonymous_6)
FN:551,(anonymous_7)
FN:591,(anonymous_8)
FN:655,(anonymous_9)
FN:706,(anonymous_10)
FN:762,(anonymous_11)
FNF:11
FNH:0
FNDA:0,(anonymous_1)
FNDA:0,(anonymous_2)
FNDA:0,(anonymous_3)
FNDA:0,(anonymous_4)
FNDA:0,(anonymous_5)
FNDA:0,(anonymous_6)
FNDA:0,(anonymous_7)
FNDA:0,(anonymous_8)
FNDA:0,(anonymous_9)
FNDA:0,(anonymous_10)
FNDA:0,(anonymous_11)
DA:1,0
DA:2,0
DA:3,0
DA:5,0
DA:232,0
DA:259,0
DA:359,0
DA:430,0
DA:483,0
DA:515,0
DA:551,0
DA:591,0
DA:655,0
DA:706,0
DA:762,0
DA:764,0
LF:16
LH:0
BRF:0
BRH:0
end_of_record
TN:
SF:src\routes\articleRoutes.ts
FNF:0
FNH:0
DA:1,0
DA:2,0
DA:3,0
DA:8,0
DA:10,0
DA:231,0
DA:261,0
DA:298,0
DA:344,0
DA:380,0
DA:417,0
DA:453,0
DA:502,0
DA:504,0
LF:14
LH:0
BRF:0
BRH:0
end_of_record
TN:
SF:src\routes\authRoutes.ts
FN:211,(anonymous_0)
FNF:1
FNH:0
FNDA:0,(anonymous_0)
DA:1,0
DA:2,0
DA:3,0
DA:5,0
DA:117,0
DA:143,0
DA:186,0
DA:211,0
DA:213,0
DA:245,0
DA:289,0
DA:291,0
LF:12
LH:0
BRF:0
BRH:0
end_of_record
TN:
SF:src\routes\cacheRoutes.ts
FN:271,(anonymous_0)
FN:313,(anonymous_1)
FNF:2
FNH:0
FNDA:0,(anonymous_0)
FNDA:0,(anonymous_1)
DA:1,0
DA:2,0
DA:3,0
DA:4,0
DA:6,0
DA:58,0
DA:99,0
DA:138,0
DA:186,0
DA:240,0
DA:271,0
DA:273,0
DA:313,0
DA:315,0
DA:326,0
LF:15
LH:0
BRF:0
BRH:0
end_of_record
TN:
SF:src\routes\calculatorRoutes.ts
FN:200,(anonymous_0)
FN:258,(anonymous_1)
FN:338,(anonymous_2)
FN:416,(anonymous_3)
FN:505,(anonymous_4)
FN:589,(anonymous_5)
FN:625,(anonymous_6)
FN:643,(anonymous_7)
FNF:8
FNH:0
FNDA:0,(anonymous_0)
FNDA:0,(anonymous_1)
FNDA:0,(anonymous_2)
FNDA:0,(anonymous_3)
FNDA:0,(anonymous_4)
FNDA:0,(anonymous_5)
FNDA:0,(anonymous_6)
FNDA:0,(anonymous_7)
DA:1,0
DA:2,0
DA:3,0
DA:5,0
DA:200,0
DA:258,0
DA:338,0
DA:416,0
DA:505,0
DA:589,0
DA:625,0
DA:643,0
DA:645,0
LF:13
LH:0
BRF:0
BRH:0
end_of_record
TN:
SF:src\routes\contactRoutes.ts
FN:116,(anonymous_1)
FN:333,(anonymous_2)
FNF:2
FNH:0
FNDA:0,(anonymous_1)
FNDA:0,(anonymous_2)
DA:1,0
DA:2,0
DA:3,0
DA:5,0
DA:116,0
DA:234,0
DA:270,0
DA:333,0
DA:392,0
DA:428,0
DA:430,0
LF:11
LH:0
BRF:0
BRH:0
end_of_record
TN:
SF:src\routes\index.ts
FNF:0
FNH:0
DA:1,0
DA:2,0
DA:3,0
DA:4,0
DA:5,0
DA:6,0
DA:7,0
DA:8,0
DA:9,0
DA:10,0
DA:12,0
DA:15,0
DA:16,0
DA:17,0
DA:18,0
DA:19,0
DA:20,0
DA:21,0
DA:22,0
DA:23,0
DA:25,0
LF:21
LH:0
BRF:0
BRH:0
end_of_record
TN:
SF:src\routes\newsletterRoutes.ts
FNF:0
FNH:0
DA:1,0
DA:2,0
DA:3,0
DA:4,0
DA:166,0
DA:198,0
DA:230,0
DA:262,0
DA:320,0
DA:429,0
DA:485,0
DA:535,0
DA:564,0
DA:566,0
LF:14
LH:0
BRF:0
BRH:0
end_of_record
TN:
SF:src\routes\uploadRoutes.ts
FNF:0
FNH:0
DA:1,0
DA:2,0
DA:3,0
DA:5,0
DA:131,0
DA:178,0
DA:224,0
DA:342,0
DA:378,0
DA:413,0
DA:475,0
DA:511,0
DA:545,0
DA:547,0
LF:14
LH:0
BRF:0
BRH:0
end_of_record
TN:
SF:src\routes\userRoutes.ts
FN:148,(anonymous_1)
FN:562,(anonymous_2)
FN:653,(anonymous_3)
FNF:3
FNH:0
FNDA:0,(anonymous_1)
FNDA:0,(anonymous_2)
FNDA:0,(anonymous_3)
DA:1,0
DA:2,0
DA:3,0
DA:8,0
DA:10,0
DA:146,0
DA:148,0
DA:183,0
DA:216,0
DA:261,0
DA:305,0
DA:420,0
DA:459,0
DA:495,0
DA:562,0
DA:617,0
DA:653,0
DA:655,0
LF:18
LH:0
BRDA:562,0,0,0
BRDA:562,0,1,0
BRDA:653,1,0,0
BRDA:653,1,1,0
BRF:4
BRH:0
end_of_record
TN:
SF:src\services\authService.ts
FN:48,(anonymous_1)
FN:60,(anonymous_2)
FN:120,(anonymous_3)
FN:162,(anonymous_4)
FN:213,(anonymous_5)
FN:229,(anonymous_6)
FN:242,(anonymous_7)
FN:258,(anonymous_8)
FN:299,(anonymous_9)
FN:322,(anonymous_10)
FN:338,(anonymous_11)
FNF:11
FNH:7
FNDA:11,(anonymous_1)
FNDA:4,(anonymous_2)
FNDA:3,(anonymous_3)
FNDA:3,(anonymous_4)
FNDA:0,(anonymous_5)
FNDA:0,(anonymous_6)
FNDA:0,(anonymous_7)
FNDA:0,(anonymous_8)
FNDA:3,(anonymous_9)
FNDA:3,(anonymous_10)
FNDA:2,(anonymous_11)
DA:1,1
DA:2,1
DA:3,1
DA:4,1
DA:5,1
DA:40,1
DA:49,11
DA:50,11
DA:51,11
DA:52,11
DA:53,11
DA:54,11
DA:61,4
DA:63,4
DA:64,4
DA:65,1
DA:69,3
DA:70,1
DA:74,2
DA:78,2
DA:79,1
DA:83,1
DA:86,1
DA:96,1
DA:103,1
DA:105,1
DA:107,1
DA:112,3
DA:113,3
DA:121,3
DA:123,3
DA:127,3
DA:128,1
DA:132,2
DA:133,2
DA:134,1
DA:138,1
DA:145,1
DA:147,1
DA:149,1
DA:154,2
DA:155,2
DA:163,3
DA:165,3
DA:168,2
DA:175,2
DA:176,0
DA:180,2
DA:184,2
DA:185,1
DA:189,1
DA:196,1
DA:199,1
DA:201,1
DA:203,1
DA:205,2
DA:206,2
DA:214,0
DA:215,0
DA:219,0
DA:221,0
DA:222,0
DA:230,0
DA:231,0
DA:232,0
DA:234,0
DA:235,0
DA:243,0
DA:244,0
DA:248,0
DA:250,0
DA:251,0
DA:259,0
DA:261,0
DA:265,0
DA:266,0
DA:270,0
DA:271,0
DA:272,0
DA:276,0
DA:279,0
DA:285,0
DA:289,0
DA:291,0
DA:292,0
DA:300,3
DA:308,3
DA:316,3
DA:323,3
DA:324,3
DA:326,3
DA:339,2
DA:351,1
LF:93
LH:64
BRDA:49,0,0,11
BRDA:49,0,1,0
BRDA:50,1,0,11
BRDA:50,1,1,0
BRDA:51,2,0,11
BRDA:51,2,1,0
BRDA:52,3,0,11
BRDA:52,3,1,0
BRDA:53,4,0,11
BRDA:53,4,1,11
BRDA:54,5,0,11
BRDA:54,5,1,1
BRDA:64,6,0,1
BRDA:69,7,0,1
BRDA:78,8,0,1
BRDA:91,9,0,1
BRDA:91,9,1,0
BRDA:127,10,0,1
BRDA:133,11,0,1
BRDA:175,12,0,0
BRDA:184,13,0,1
BRDA:248,14,0,0
BRDA:248,14,1,0
BRDA:265,15,0,0
BRDA:271,16,0,0
BRF:25
BRH:15
end_of_record
TN:
SF:src\services\cacheService.ts
FN:13,(anonymous_1)
FN:29,(anonymous_2)
FN:30,(anonymous_3)
FN:35,(anonymous_4)
FN:40,(anonymous_5)
FN:45,(anonymous_6)
FN:53,(anonymous_7)
FN:65,(anonymous_8)
FN:77,(anonymous_9)
FN:87,(anonymous_10)
FN:109,(anonymous_11)
FN:134,(anonymous_12)
FN:152,(anonymous_13)
FN:169,(anonymous_14)
FN:190,(anonymous_15)
FN:209,(anonymous_16)
FN:227,(anonymous_17)
FN:243,(anonymous_18)
FN:259,(anonymous_19)
FNF:19
FNH:12
FNDA:26,(anonymous_1)
FNDA:26,(anonymous_2)
FNDA:0,(anonymous_3)
FNDA:0,(anonymous_4)
FNDA:0,(anonymous_5)
FNDA:0,(anonymous_6)
FNDA:2,(anonymous_7)
FNDA:2,(anonymous_8)
FNDA:21,(anonymous_9)
FNDA:4,(anonymous_10)
FNDA:4,(anonymous_11)
FNDA:2,(anonymous_12)
FNDA:2,(anonymous_13)
FNDA:2,(anonymous_14)
FNDA:3,(anonymous_15)
FNDA:0,(anonymous_16)
FNDA:0,(anonymous_17)
FNDA:2,(anonymous_18)
FNDA:0,(anonymous_19)
DA:1,1
DA:2,1
DA:3,1
DA:11,26
DA:14,26
DA:23,26
DA:30,26
DA:31,0
DA:32,0
DA:35,26
DA:36,0
DA:37,0
DA:40,26
DA:41,0
DA:42,0
DA:45,26
DA:46,0
DA:54,2
DA:55,2
DA:57,1
DA:58,1
DA:66,2
DA:67,2
DA:68,1
DA:70,1
DA:78,21
DA:88,4
DA:89,4
DA:90,1
DA:91,1
DA:94,3
DA:95,3
DA:97,3
DA:98,2
DA:100,1
DA:110,4
DA:111,4
DA:112,1
DA:113,1
DA:116,3
DA:117,2
DA:118,1
DA:121,1
DA:122,1
DA:123,1
DA:125,1
DA:126,1
DA:135,2
DA:136,2
DA:137,1
DA:138,1
DA:141,1
DA:142,1
DA:144,0
DA:153,2
DA:154,2
DA:155,1
DA:158,1
DA:159,1
DA:161,0
DA:170,2
DA:171,2
DA:172,0
DA:175,2
DA:176,2
DA:177,1
DA:178,1
DA:181,0
DA:191,3
DA:192,3
DA:193,1
DA:196,2
DA:197,2
DA:199,0
DA:200,0
DA:210,0
DA:211,0
DA:212,0
DA:215,0
DA:216,0
DA:218,0
DA:228,0
DA:229,0
DA:230,0
DA:233,0
DA:235,0
DA:236,0
DA:244,2
DA:245,2
DA:246,1
DA:249,1
DA:250,1
DA:252,0
DA:260,0
DA:261,0
DA:262,0
DA:265,0
DA:266,0
DA:268,0
DA:269,0
DA:275,1
DA:278,1
LF:102
LH:69
BRDA:17,0,0,26
BRDA:17,0,1,26
BRDA:78,1,0,21
BRDA:78,1,1,15
BRDA:89,2,0,1
BRDA:95,3,0,3
BRDA:95,3,1,2
BRDA:111,4,0,1
BRDA:117,5,0,1
BRDA:136,6,0,1
BRDA:154,7,0,1
BRDA:154,8,0,2
BRDA:154,8,1,2
BRDA:171,9,0,0
BRDA:176,10,0,1
BRDA:192,11,0,1
BRDA:211,12,0,0
BRDA:229,13,0,0
BRDA:245,14,0,1
BRDA:261,15,0,0
BRF:20
BRH:16
end_of_record
TN:
SF:src\utils\auth.ts
FN:10,(anonymous_1)
FN:21,(anonymous_2)
FN:31,(anonymous_3)
FN:40,(anonymous_4)
FN:49,(anonymous_5)
FN:58,(anonymous_6)
FN:67,(anonymous_7)
FN:78,(anonymous_8)
FNF:8
FNH:4
FNDA:4,(anonymous_1)
FNDA:3,(anonymous_2)
FNDA:4,(anonymous_3)
FNDA:5,(anonymous_4)
FNDA:0,(anonymous_5)
FNDA:0,(anonymous_6)
FNDA:0,(anonymous_7)
FNDA:0,(anonymous_8)
DA:1,1
DA:2,1
DA:3,1
DA:10,1
DA:11,4
DA:12,4
DA:21,1
DA:22,3
DA:31,1
DA:32,4
DA:40,1
DA:41,5
DA:49,1
DA:50,0
DA:58,1
DA:59,0
DA:67,1
DA:69,0
DA:70,0
DA:78,1
DA:79,0
DA:80,0
LF:22
LH:16
BRDA:31,0,0,3
BRF:1
BRH:1
end_of_record
TN:
SF:src\utils\error.ts
FN:8,(anonymous_0)
FN:21,(anonymous_1)
FN:30,(anonymous_2)
FN:39,(anonymous_3)
FN:48,(anonymous_4)
FN:57,(anonymous_5)
FN:66,(anonymous_6)
FN:74,(anonymous_7)
FN:84,(anonymous_8)
FNF:9
FNH:2
FNDA:2,(anonymous_0)
FNDA:2,(anonymous_1)
FNDA:0,(anonymous_2)
FNDA:0,(anonymous_3)
FNDA:0,(anonymous_4)
FNDA:0,(anonymous_5)
FNDA:0,(anonymous_6)
FNDA:0,(anonymous_7)
FNDA:0,(anonymous_8)
DA:4,1
DA:9,2
DA:10,2
DA:11,2
DA:13,2
DA:20,1
DA:22,2
DA:29,1
DA:31,0
DA:38,1
DA:40,0
DA:47,1
DA:49,0
DA:56,1
DA:58,0
DA:65,1
DA:67,0
DA:74,1
DA:75,0
DA:76,0
DA:78,0
DA:84,1
DA:85,0
DA:86,0
DA:94,0
LF:25
LH:14
BRDA:8,0,0,0
BRDA:8,1,0,0
BRDA:30,2,0,0
BRDA:39,3,0,0
BRDA:48,4,0,0
BRDA:57,5,0,0
BRDA:66,6,0,0
BRDA:75,7,0,0
BRDA:85,8,0,0
BRF:9
BRH:0
end_of_record
TN:
SF:src\utils\logger.ts
FN:26,(anonymous_9)
FN:77,(anonymous_10)
FN:90,(anonymous_11)
FN:101,(anonymous_12)
FN:112,(anonymous_13)
FNF:5
FNH:0
FNDA:0,(anonymous_9)
FNDA:0,(anonymous_10)
FNDA:0,(anonymous_11)
FNDA:0,(anonymous_12)
FNDA:0,(anonymous_13)
DA:1,1
DA:2,1
DA:3,1
DA:6,1
DA:7,1
DA:8,0
DA:12,1
DA:21,1
DA:27,0
DA:28,0
DA:29,0
DA:31,0
DA:36,1
DA:39,1
DA:40,1
DA:49,1
DA:68,1
DA:77,1
DA:82,0
DA:90,1
DA:94,0
DA:101,1
DA:105,0
DA:112,1
DA:116,0
DA:122,1
LF:26
LH:17
BRDA:6,0,0,1
BRDA:6,0,1,0
BRDA:7,1,0,0
BRDA:28,2,0,0
BRDA:39,3,0,1
BRDA:43,4,0,1
BRDA:43,4,1,0
BRDA:69,5,0,1
BRDA:69,5,1,0
BRF:9
BRH:4
end_of_record
