TN:
SF:src\controllers\authController.ts
FN:18,(anonymous_1)
FN:52,(anonymous_2)
FN:86,(anonymous_3)
FN:118,(anonymous_4)
FN:147,(anonymous_5)
FN:176,(anonymous_6)
FN:219,(anonymous_7)
FN:256,(anonymous_8)
FNF:8
FNH:0
FNDA:0,(anonymous_1)
FNDA:0,(anonymous_2)
FNDA:0,(anonymous_3)
FNDA:0,(anonymous_4)
FNDA:0,(anonymous_5)
FNDA:0,(anonymous_6)
FNDA:0,(anonymous_7)
FNDA:0,(anonymous_8)
DA:2,0
DA:3,0
DA:4,0
DA:14,0
DA:19,0
DA:20,0
DA:22,0
DA:24,0
DA:30,0
DA:33,0
DA:34,0
DA:35,0
DA:36,0
DA:39,0
DA:42,0
DA:53,0
DA:54,0
DA:56,0
DA:58,0
DA:64,0
DA:67,0
DA:68,0
DA:70,0
DA:71,0
DA:73,0
DA:76,0
DA:87,0
DA:88,0
DA:90,0
DA:92,0
DA:98,0
DA:101,0
DA:102,0
DA:105,0
DA:108,0
DA:119,0
DA:125,0
DA:127,0
DA:128,0
DA:131,0
DA:136,0
DA:137,0
DA:148,0
DA:149,0
DA:151,0
DA:152,0
DA:156,0
DA:159,0
DA:165,0
DA:166,0
DA:177,0
DA:178,0
DA:180,0
DA:181,0
DA:185,0
DA:189,0
DA:194,0
DA:197,0
DA:203,0
DA:208,0
DA:209,0
DA:220,0
DA:221,0
DA:223,0
DA:224,0
DA:228,0
DA:231,0
DA:233,0
DA:239,0
DA:241,0
DA:242,0
DA:243,0
DA:246,0
DA:257,0
DA:258,0
DA:259,0
DA:261,0
DA:262,0
DA:266,0
DA:269,0
DA:271,0
DA:276,0
DA:278,0
DA:279,0
DA:281,0
DA:282,0
DA:283,0
DA:284,0
DA:285,0
DA:288,0
DA:296,0
LF:91
LH:0
BRDA:34,0,0,0
BRDA:34,0,1,0
BRDA:36,1,0,0
BRDA:36,2,0,0
BRDA:36,2,1,0
BRDA:36,2,2,0
BRDA:44,3,0,0
BRDA:44,3,1,0
BRDA:68,4,0,0
BRDA:68,4,1,0
BRDA:68,5,0,0
BRDA:68,5,1,0
BRDA:71,6,0,0
BRDA:71,7,0,0
BRDA:71,7,1,0
BRDA:78,8,0,0
BRDA:78,8,1,0
BRDA:102,9,0,0
BRDA:102,10,0,0
BRDA:102,10,1,0
BRDA:102,10,2,0
BRDA:110,11,0,0
BRDA:110,11,1,0
BRDA:127,12,0,0
BRDA:151,13,0,0
BRDA:180,14,0,0
BRDA:194,15,0,0
BRDA:223,16,0,0
BRDA:242,17,0,0
BRDA:248,18,0,0
BRDA:248,18,1,0
BRDA:261,19,0,0
BRDA:279,20,0,0
BRDA:279,20,1,0
BRDA:279,21,0,0
BRDA:279,21,1,0
BRDA:282,22,0,0
BRDA:282,22,1,0
BRDA:284,23,0,0
BRDA:290,24,0,0
BRDA:290,24,1,0
BRF:41
BRH:0
end_of_record
TN:
SF:src\controllers\contactController.ts
FN:40,(anonymous_1)
FN:150,(anonymous_2)
FN:219,(anonymous_3)
FN:220,(anonymous_4)
FN:221,(anonymous_5)
FN:222,(anonymous_6)
FN:253,(anonymous_7)
FN:297,(anonymous_8)
FN:359,(anonymous_9)
FN:413,(anonymous_10)
FN:499,(anonymous_11)
FN:552,(anonymous_12)
FN:602,(anonymous_13)
FN:643,(anonymous_14)
FN:644,(anonymous_15)
FN:645,(anonymous_16)
FN:646,(anonymous_17)
FN:651,(anonymous_18)
FN:652,(anonymous_19)
FN:653,(anonymous_20)
FN:654,(anonymous_21)
FNF:21
FNH:0
FNDA:0,(anonymous_1)
FNDA:0,(anonymous_2)
FNDA:0,(anonymous_3)
FNDA:0,(anonymous_4)
FNDA:0,(anonymous_5)
FNDA:0,(anonymous_6)
FNDA:0,(anonymous_7)
FNDA:0,(anonymous_8)
FNDA:0,(anonymous_9)
FNDA:0,(anonymous_10)
FNDA:0,(anonymous_11)
FNDA:0,(anonymous_12)
FNDA:0,(anonymous_13)
FNDA:0,(anonymous_14)
FNDA:0,(anonymous_15)
FNDA:0,(anonymous_16)
FNDA:0,(anonymous_17)
FNDA:0,(anonymous_18)
FNDA:0,(anonymous_19)
FNDA:0,(anonymous_20)
FNDA:0,(anonymous_21)
DA:2,0
DA:3,0
DA:5,0
DA:36,0
DA:41,0
DA:42,0
DA:45,0
DA:46,0
DA:50,0
DA:54,0
DA:55,0
DA:56,0
DA:60,0
DA:64,0
DA:65,0
DA:69,0
DA:72,0
DA:73,0
DA:77,0
DA:81,0
DA:82,0
DA:83,0
DA:84,0
DA:88,0
DA:93,0
DA:94,0
DA:103,0
DA:104,0
DA:108,0
DA:112,0
DA:124,0
DA:130,0
DA:139,0
DA:140,0
DA:151,0
DA:161,0
DA:163,0
DA:164,0
DA:167,0
DA:169,0
DA:170,0
DA:178,0
DA:179,0
DA:182,0
DA:183,0
DA:184,0
DA:185,0
DA:187,0
DA:188,0
DA:189,0
DA:190,0
DA:195,0
DA:196,0
DA:199,0
DA:209,0
DA:212,0
DA:217,0
DA:219,0
DA:220,0
DA:221,0
DA:222,0
DA:225,0
DA:242,0
DA:243,0
DA:254,0
DA:255,0
DA:258,0
DA:259,0
DA:263,0
DA:266,0
DA:270,0
DA:271,0
DA:275,0
DA:280,0
DA:286,0
DA:287,0
DA:298,0
DA:299,0
DA:300,0
DA:302,0
DA:303,0
DA:307,0
DA:310,0
DA:314,0
DA:315,0
DA:319,0
DA:322,0
DA:323,0
DA:327,0
DA:330,0
DA:338,0
DA:343,0
DA:348,0
DA:349,0
DA:360,0
DA:361,0
DA:362,0
DA:364,0
DA:365,0
DA:369,0
DA:372,0
DA:373,0
DA:377,0
DA:380,0
DA:391,0
DA:396,0
DA:402,0
DA:403,0
DA:414,0
DA:415,0
DA:416,0
DA:417,0
DA:419,0
DA:420,0
DA:424,0
DA:427,0
DA:428,0
DA:432,0
DA:435,0
DA:436,0
DA:440,0
DA:443,0
DA:447,0
DA:448,0
DA:452,0
DA:456,0
DA:464,0
DA:477,0
DA:488,0
DA:489,0
DA:500,0
DA:501,0
DA:502,0
DA:504,0
DA:505,0
DA:509,0
DA:512,0
DA:516,0
DA:517,0
DA:521,0
DA:524,0
DA:529,0
DA:536,0
DA:541,0
DA:542,0
DA:553,0
DA:554,0
DA:555,0
DA:557,0
DA:558,0
DA:562,0
DA:565,0
DA:566,0
DA:570,0
DA:573,0
DA:580,0
DA:585,0
DA:591,0
DA:592,0
DA:603,0
DA:604,0
DA:605,0
DA:606,0
DA:607,0
DA:609,0
DA:635,0
DA:636,0
DA:640,0
DA:643,0
DA:644,0
DA:645,0
DA:646,0
DA:651,0
DA:652,0
DA:653,0
DA:654,0
DA:659,0
DA:665,0
DA:666,0
DA:674,0
LF:180
LH:0
BRDA:45,0,0,0
BRDA:45,1,0,0
BRDA:45,1,1,0
BRDA:45,1,2,0
BRDA:45,1,3,0
BRDA:55,2,0,0
BRDA:64,3,0,0
BRDA:72,4,0,0
BRDA:81,5,0,0
BRDA:83,6,0,0
BRDA:103,7,0,0
BRDA:116,8,0,0
BRDA:116,8,1,0
BRDA:157,9,0,0
BRDA:158,10,0,0
BRDA:159,11,0,0
BRDA:160,12,0,0
BRDA:169,13,0,0
BRDA:178,14,0,0
BRDA:182,15,0,0
BRDA:182,16,0,0
BRDA:182,16,1,0
BRDA:184,17,0,0
BRDA:187,18,0,0
BRDA:219,19,0,0
BRDA:219,19,1,0
BRDA:220,20,0,0
BRDA:220,20,1,0
BRDA:221,21,0,0
BRDA:221,21,1,0
BRDA:222,22,0,0
BRDA:222,22,1,0
BRDA:258,23,0,0
BRDA:270,24,0,0
BRDA:302,25,0,0
BRDA:314,26,0,0
BRDA:322,27,0,0
BRDA:364,28,0,0
BRDA:364,29,0,0
BRDA:364,29,1,0
BRDA:364,29,2,0
BRDA:372,30,0,0
BRDA:419,31,0,0
BRDA:427,32,0,0
BRDA:435,33,0,0
BRDA:447,34,0,0
BRDA:504,35,0,0
BRDA:516,36,0,0
BRDA:557,37,0,0
BRDA:557,38,0,0
BRDA:557,38,1,0
BRDA:557,38,2,0
BRDA:565,39,0,0
BRDA:604,40,0,0
BRDA:643,41,0,0
BRDA:643,41,1,0
BRDA:644,42,0,0
BRDA:644,42,1,0
BRDA:645,43,0,0
BRDA:645,43,1,0
BRDA:646,44,0,0
BRDA:646,44,1,0
BRDA:651,45,0,0
BRDA:651,45,1,0
BRDA:652,46,0,0
BRDA:652,46,1,0
BRDA:653,47,0,0
BRDA:653,47,1,0
BRDA:654,48,0,0
BRDA:654,48,1,0
BRF:70
BRH:0
end_of_record
TN:
SF:src\middlewares\auth.ts
FN:25,(anonymous_1)
FN:84,(anonymous_2)
FN:85,(anonymous_3)
FN:122,(anonymous_4)
FN:125,(anonymous_5)
FNF:5
FNH:0
FNDA:0,(anonymous_1)
FNDA:0,(anonymous_2)
FNDA:0,(anonymous_3)
FNDA:0,(anonymous_4)
FNDA:0,(anonymous_5)
DA:3,0
DA:4,0
DA:25,0
DA:30,0
DA:31,0
DA:32,0
DA:34,0
DA:35,0
DA:39,0
DA:43,0
DA:45,0
DA:46,0
DA:50,0
DA:54,0
DA:56,0
DA:57,0
DA:61,0
DA:65,0
DA:71,0
DA:73,0
DA:74,0
DA:84,0
DA:85,0
DA:86,0
DA:88,0
DA:89,0
DA:93,0
DA:96,0
DA:97,0
DA:101,0
DA:104,0
DA:111,0
DA:116,0
DA:121,0
DA:122,0
DA:123,0
DA:125,0
DA:126,0
DA:127,0
DA:129,0
DA:130,0
DA:134,0
DA:138,0
DA:139,0
DA:140,0
DA:143,0
LF:46
LH:0
BRDA:32,0,0,0
BRDA:32,0,1,0
BRDA:34,1,0,0
BRDA:45,2,0,0
BRDA:56,3,0,0
BRDA:88,4,0,0
BRDA:96,5,0,0
BRDA:127,6,0,0
BRDA:127,6,1,0
BRDA:129,7,0,0
BRDA:138,8,0,0
BRDA:138,9,0,0
BRDA:138,9,1,0
BRF:13
BRH:0
end_of_record
TN:
SF:src\middlewares\cache.ts
FN:20,generateDefaultCacheKey
FN:33,cacheMiddleware
FN:37,(anonymous_3)
FN:38,(anonymous_4)
FN:41,(anonymous_5)
FN:67,(anonymous_6)
FN:73,(anonymous_7)
FN:97,userCacheMiddleware
FN:100,(anonymous_9)
FN:104,(anonymous_10)
FN:115,publicCacheMiddleware
FN:118,(anonymous_12)
FN:121,(anonymous_13)
FN:129,articleCacheMiddleware
FN:132,(anonymous_15)
FN:137,(anonymous_16)
FN:145,invalidateCacheMiddleware
FN:146,(anonymous_18)
FN:152,(anonymous_19)
FN:171,invalidateUserCacheMiddleware
FN:172,(anonymous_21)
FN:182,invalidatePublicCacheMiddleware
FN:189,invalidateArticleCacheMiddleware
FNF:23
FNH:19
FNDA:4,generateDefaultCacheKey
FNDA:12,cacheMiddleware
FNDA:1,(anonymous_3)
FNDA:11,(anonymous_4)
FNDA:12,(anonymous_5)
FNDA:0,(anonymous_6)
FNDA:1,(anonymous_7)
FNDA:2,userCacheMiddleware
FNDA:2,(anonymous_9)
FNDA:0,(anonymous_10)
FNDA:1,publicCacheMiddleware
FNDA:1,(anonymous_12)
FNDA:0,(anonymous_13)
FNDA:2,articleCacheMiddleware
FNDA:2,(anonymous_15)
FNDA:0,(anonymous_16)
FNDA:6,invalidateCacheMiddleware
FNDA:6,(anonymous_18)
FNDA:6,(anonymous_19)
FNDA:2,invalidateUserCacheMiddleware
FNDA:2,(anonymous_21)
FNDA:1,invalidatePublicCacheMiddleware
FNDA:1,invalidateArticleCacheMiddleware
DA:2,1
DA:3,1
DA:21,4
DA:22,4
DA:23,4
DA:25,4
DA:33,1
DA:37,1
DA:38,11
DA:39,12
DA:41,12
DA:42,12
DA:44,12
DA:45,1
DA:49,11
DA:50,1
DA:53,10
DA:56,10
DA:58,9
DA:59,1
DA:60,1
DA:64,8
DA:67,8
DA:68,0
DA:69,0
DA:73,8
DA:74,1
DA:76,1
DA:77,0
DA:78,0
DA:81,0
DA:85,8
DA:87,1
DA:88,1
DA:97,1
DA:98,2
DA:101,2
DA:102,2
DA:106,0
DA:115,1
DA:116,1
DA:119,1
DA:121,0
DA:129,1
DA:130,2
DA:133,2
DA:134,2
DA:135,2
DA:137,0
DA:145,1
DA:146,6
DA:147,6
DA:149,6
DA:152,6
DA:153,6
DA:154,5
DA:155,6
DA:156,6
DA:161,0
DA:162,0
DA:171,1
DA:172,2
DA:173,2
DA:174,2
DA:175,2
DA:182,1
DA:183,1
DA:189,1
DA:190,1
LF:69
LH:59
BRDA:22,0,0,4
BRDA:22,0,1,0
BRDA:23,1,0,0
BRDA:23,1,1,4
BRDA:33,2,0,4
BRDA:35,3,0,6
BRDA:36,4,0,6
BRDA:37,5,0,7
BRDA:38,6,0,11
BRDA:44,7,0,1
BRDA:49,8,0,1
BRDA:58,9,0,1
BRDA:76,10,0,0
BRDA:76,11,0,1
BRDA:76,11,1,1
BRDA:76,11,2,1
BRDA:76,11,3,1
BRDA:97,12,0,1
BRDA:101,13,0,2
BRDA:101,13,1,1
BRDA:115,14,0,0
BRDA:129,15,0,1
BRDA:134,16,0,2
BRDA:134,16,1,1
BRDA:134,16,2,0
BRDA:153,17,0,5
BRDA:153,18,0,6
BRDA:153,18,1,6
BRDA:173,19,0,1
BRDA:173,19,1,1
BRF:30
BRH:25
end_of_record
TN:
SF:src\middlewares\errorHandler.ts
FN:18,(anonymous_0)
FN:36,(anonymous_1)
FN:116,(anonymous_2)
FN:119,(anonymous_3)
FN:125,(anonymous_4)
FN:129,(anonymous_5)
FN:133,(anonymous_6)
FN:137,(anonymous_7)
FN:141,(anonymous_8)
FN:145,(anonymous_9)
FN:149,(anonymous_10)
FNF:11
FNH:0
FNDA:0,(anonymous_0)
FNDA:0,(anonymous_1)
FNDA:0,(anonymous_2)
FNDA:0,(anonymous_3)
FNDA:0,(anonymous_4)
FNDA:0,(anonymous_5)
FNDA:0,(anonymous_6)
FNDA:0,(anonymous_7)
FNDA:0,(anonymous_8)
FNDA:0,(anonymous_9)
FNDA:0,(anonymous_10)
DA:2,0
DA:12,0
DA:25,0
DA:26,0
DA:27,0
DA:28,0
DA:29,0
DA:31,0
DA:36,0
DA:43,0
DA:56,0
DA:57,0
DA:60,0
DA:72,0
DA:73,0
DA:74,0
DA:75,0
DA:80,0
DA:82,0
DA:83,0
DA:85,0
DA:86,0
DA:88,0
DA:89,0
DA:91,0
DA:92,0
DA:94,0
DA:95,0
DA:97,0
DA:98,0
DA:100,0
DA:101,0
DA:102,0
DA:104,0
DA:106,0
DA:107,0
DA:112,0
DA:116,0
DA:119,0
DA:120,0
DA:125,0
DA:126,0
DA:129,0
DA:130,0
DA:133,0
DA:134,0
DA:137,0
DA:138,0
DA:141,0
DA:142,0
DA:145,0
DA:146,0
DA:149,0
DA:150,0
LF:54
LH:0
BRDA:20,0,0,0
BRDA:21,1,0,0
BRDA:23,2,0,0
BRDA:56,3,0,0
BRDA:56,3,1,0
BRDA:57,4,0,0
BRDA:57,4,1,0
BRDA:64,5,0,0
BRDA:64,5,1,0
BRDA:72,6,0,0
BRDA:74,7,0,0
BRDA:80,8,0,0
BRDA:80,8,1,0
BRDA:80,8,2,0
BRDA:80,8,3,0
BRDA:80,8,4,0
BRDA:80,8,5,0
BRDA:80,8,6,0
BRDA:80,8,7,0
BRDA:101,9,0,0
BRDA:106,10,0,0
BRDA:129,11,0,0
BRDA:133,12,0,0
BRDA:137,13,0,0
BRDA:149,14,0,0
BRF:25
BRH:0
end_of_record
TN:
SF:src\middlewares\logger.ts
FN:26,(anonymous_1)
FN:100,(anonymous_2)
FN:106,(anonymous_3)
FN:116,(anonymous_4)
FN:127,(anonymous_5)
FN:137,(anonymous_6)
FN:147,(anonymous_7)
FN:167,(anonymous_8)
FNF:8
FNH:1
FNDA:10,(anonymous_1)
FNDA:0,(anonymous_2)
FNDA:0,(anonymous_3)
FNDA:0,(anonymous_4)
FNDA:0,(anonymous_5)
FNDA:0,(anonymous_6)
FNDA:0,(anonymous_7)
FNDA:0,(anonymous_8)
DA:1,1
DA:2,1
DA:3,1
DA:6,1
DA:7,1
DA:8,0
DA:12,1
DA:21,1
DA:27,10
DA:28,10
DA:29,10
DA:31,10
DA:36,1
DA:39,1
DA:40,1
DA:49,1
DA:76,1
DA:89,1
DA:90,0
DA:99,1
DA:101,0
DA:106,1
DA:107,0
DA:108,0
DA:116,1
DA:117,0
DA:118,0
DA:127,1
DA:128,0
DA:137,1
DA:138,0
DA:147,1
DA:148,0
DA:149,0
DA:157,0
DA:167,1
DA:168,0
DA:177,1
LF:38
LH:25
BRDA:6,0,0,1
BRDA:6,0,1,0
BRDA:7,1,0,0
BRDA:28,2,0,10
BRDA:39,3,0,1
BRDA:43,4,0,1
BRDA:43,4,1,0
BRDA:55,5,0,1
BRDA:55,5,1,0
BRDA:56,6,0,1
BRDA:56,6,1,0
BRDA:62,7,0,1
BRDA:62,7,1,0
BRDA:63,8,0,1
BRDA:63,8,1,0
BRDA:70,9,0,1
BRDA:70,9,1,0
BRDA:71,10,0,1
BRDA:71,10,1,0
BRDA:77,11,0,1
BRDA:77,11,1,0
BRDA:81,12,0,1
BRDA:81,12,1,0
BRDA:89,13,0,0
BRDA:89,14,0,1
BRDA:89,14,1,0
BRDA:117,15,0,0
BRDA:117,16,0,0
BRDA:117,16,1,0
BRDA:148,17,0,0
BRDA:148,17,1,0
BRF:31
BRH:13
end_of_record
TN:
SF:src\middlewares\requestLogger.ts
FN:18,(anonymous_0)
FN:37,(anonymous_1)
FN:104,(anonymous_2)
FN:111,(anonymous_3)
FN:112,(anonymous_4)
FN:132,(anonymous_5)
FN:144,(anonymous_6)
FNF:7
FNH:0
FNDA:0,(anonymous_0)
FNDA:0,(anonymous_1)
FNDA:0,(anonymous_2)
FNDA:0,(anonymous_3)
FNDA:0,(anonymous_4)
FNDA:0,(anonymous_5)
FNDA:0,(anonymous_6)
DA:2,0
DA:18,0
DA:19,0
DA:22,0
DA:31,0
DA:32,0
DA:36,0
DA:37,0
DA:38,0
DA:39,0
DA:42,0
DA:43,0
DA:44,0
DA:45,0
DA:48,0
DA:49,0
DA:50,0
DA:51,0
DA:52,0
DA:56,0
DA:59,0
DA:66,0
DA:67,0
DA:76,0
DA:77,0
DA:85,0
DA:89,0
DA:90,0
DA:100,0
DA:104,0
DA:105,0
DA:107,0
DA:108,0
DA:111,0
DA:112,0
DA:113,0
DA:117,0
DA:118,0
DA:128,0
DA:132,0
DA:133,0
DA:134,0
DA:143,0
DA:144,0
DA:147,0
DA:148,0
DA:158,0
DA:161,0
LF:48
LH:0
BRDA:24,0,0,0
BRDA:24,0,1,0
BRDA:25,1,0,0
BRDA:25,1,1,0
BRDA:25,1,2,0
BRDA:31,2,0,0
BRDA:45,3,0,0
BRDA:45,3,1,0
BRDA:49,4,0,0
BRDA:49,4,1,0
BRDA:49,5,0,0
BRDA:49,5,1,0
BRDA:51,6,0,0
BRDA:66,7,0,0
BRDA:76,8,0,0
BRDA:89,9,0,0
BRDA:105,10,0,0
BRDA:105,11,0,0
BRDA:105,11,1,0
BRDA:112,12,0,0
BRDA:117,13,0,0
BRDA:121,14,0,0
BRDA:121,14,1,0
BRDA:133,15,0,0
BRDA:133,16,0,0
BRDA:133,16,1,0
BRDA:137,17,0,0
BRDA:137,17,1,0
BRDA:147,18,0,0
BRDA:151,19,0,0
BRDA:151,19,1,0
BRF:31
BRH:0
end_of_record
TN:
SF:src\middlewares\security.ts
FN:11,(anonymous_1)
FN:83,(anonymous_2)
FN:106,(anonymous_3)
FN:150,(anonymous_4)
FN:163,(anonymous_5)
FN:188,(anonymous_6)
FN:195,(anonymous_7)
FNF:7
FNH:0
FNDA:0,(anonymous_1)
FNDA:0,(anonymous_2)
FNDA:0,(anonymous_3)
FNDA:0,(anonymous_4)
FNDA:0,(anonymous_5)
FNDA:0,(anonymous_6)
FNDA:0,(anonymous_7)
DA:2,0
DA:3,0
DA:4,0
DA:5,0
DA:10,0
DA:13,0
DA:22,0
DA:24,0
DA:25,0
DA:27,0
DA:48,0
DA:74,0
DA:85,0
DA:86,0
DA:87,0
DA:89,0
DA:96,0
DA:108,0
DA:109,0
DA:110,0
DA:112,0
DA:119,0
DA:133,0
DA:147,0
DA:152,0
DA:153,0
DA:156,0
DA:163,0
DA:165,0
DA:168,0
DA:169,0
DA:172,0
DA:175,0
DA:178,0
DA:179,0
DA:182,0
DA:188,0
DA:189,0
DA:192,0
DA:195,0
DA:196,0
DA:197,0
DA:200,0
LF:43
LH:0
BRDA:22,0,0,0
BRDA:24,1,0,0
BRDA:24,1,1,0
BRDA:85,2,0,0
BRDA:86,3,0,0
BRDA:86,3,1,0
BRDA:87,4,0,0
BRDA:87,4,1,0
BRDA:87,4,2,0
BRDA:87,4,3,0
BRDA:108,5,0,0
BRDA:109,6,0,0
BRDA:109,6,1,0
BRDA:110,7,0,0
BRDA:110,7,1,0
BRDA:110,7,2,0
BRDA:110,7,3,0
BRDA:152,8,0,0
BRDA:168,9,0,0
BRDA:168,9,1,0
BRDA:178,10,0,0
BRF:21
BRH:0
end_of_record
TN:
SF:src\routes\adminRoutes.ts
FN:231,(anonymous_0)
FN:265,(anonymous_1)
FN:372,(anonymous_2)
FN:450,(anonymous_3)
FN:510,(anonymous_4)
FN:549,(anonymous_5)
FN:592,(anonymous_6)
FN:639,(anonymous_7)
FN:710,(anonymous_8)
FN:768,(anonymous_9)
FN:831,(anonymous_10)
FNF:11
FNH:0
FNDA:0,(anonymous_0)
FNDA:0,(anonymous_1)
FNDA:0,(anonymous_2)
FNDA:0,(anonymous_3)
FNDA:0,(anonymous_4)
FNDA:0,(anonymous_5)
FNDA:0,(anonymous_6)
FNDA:0,(anonymous_7)
FNDA:0,(anonymous_8)
FNDA:0,(anonymous_9)
FNDA:0,(anonymous_10)
DA:1,0
DA:2,0
DA:4,0
DA:231,0
DA:233,0
DA:265,0
DA:267,0
DA:372,0
DA:374,0
DA:450,0
DA:452,0
DA:510,0
DA:512,0
DA:549,0
DA:551,0
DA:592,0
DA:594,0
DA:639,0
DA:641,0
DA:710,0
DA:712,0
DA:768,0
DA:770,0
DA:831,0
DA:833,0
DA:840,0
LF:26
LH:0
BRF:0
BRH:0
end_of_record
TN:
SF:src\routes\articleRoutes.ts
FN:230,(anonymous_0)
FN:267,(anonymous_1)
FN:311,(anonymous_2)
FN:364,(anonymous_3)
FN:407,(anonymous_4)
FN:451,(anonymous_5)
FN:494,(anonymous_6)
FN:550,(anonymous_7)
FNF:8
FNH:0
FNDA:0,(anonymous_0)
FNDA:0,(anonymous_1)
FNDA:0,(anonymous_2)
FNDA:0,(anonymous_3)
FNDA:0,(anonymous_4)
FNDA:0,(anonymous_5)
FNDA:0,(anonymous_6)
FNDA:0,(anonymous_7)
DA:1,0
DA:2,0
DA:3,0
DA:9,0
DA:230,0
DA:232,0
DA:267,0
DA:269,0
DA:311,0
DA:313,0
DA:364,0
DA:366,0
DA:407,0
DA:409,0
DA:451,0
DA:453,0
DA:494,0
DA:496,0
DA:550,0
DA:552,0
DA:559,0
LF:21
LH:0
BRF:0
BRH:0
end_of_record
TN:
SF:src\routes\authRoutes.ts
FN:211,(anonymous_0)
FNF:1
FNH:0
FNDA:0,(anonymous_0)
DA:1,0
DA:2,0
DA:3,0
DA:5,0
DA:117,0
DA:143,0
DA:186,0
DA:211,0
DA:213,0
DA:245,0
DA:289,0
DA:291,0
LF:12
LH:0
BRF:0
BRH:0
end_of_record
TN:
SF:src\routes\cacheRoutes.ts
FN:271,(anonymous_0)
FN:313,(anonymous_1)
FNF:2
FNH:0
FNDA:0,(anonymous_0)
FNDA:0,(anonymous_1)
DA:1,0
DA:2,0
DA:3,0
DA:4,0
DA:6,0
DA:58,0
DA:99,0
DA:138,0
DA:186,0
DA:240,0
DA:271,0
DA:273,0
DA:313,0
DA:315,0
DA:326,0
LF:15
LH:0
BRF:0
BRH:0
end_of_record
TN:
SF:src\routes\calculatorRoutes.ts
FN:198,(anonymous_0)
FN:263,(anonymous_1)
FN:350,(anonymous_2)
FN:435,(anonymous_3)
FN:531,(anonymous_4)
FN:622,(anonymous_5)
FNF:6
FNH:0
FNDA:0,(anonymous_0)
FNDA:0,(anonymous_1)
FNDA:0,(anonymous_2)
FNDA:0,(anonymous_3)
FNDA:0,(anonymous_4)
FNDA:0,(anonymous_5)
DA:1,0
DA:3,0
DA:198,0
DA:200,0
DA:263,0
DA:265,0
DA:350,0
DA:352,0
DA:435,0
DA:437,0
DA:531,0
DA:533,0
DA:622,0
DA:624,0
DA:631,0
LF:15
LH:0
BRF:0
BRH:0
end_of_record
TN:
SF:src\routes\contactRoutes.ts
FN:115,(anonymous_0)
FN:240,(anonymous_1)
FN:283,(anonymous_2)
FN:353,(anonymous_3)
FN:419,(anonymous_4)
FN:462,(anonymous_5)
FNF:6
FNH:0
FNDA:0,(anonymous_0)
FNDA:0,(anonymous_1)
FNDA:0,(anonymous_2)
FNDA:0,(anonymous_3)
FNDA:0,(anonymous_4)
FNDA:0,(anonymous_5)
DA:1,0
DA:2,0
DA:4,0
DA:115,0
DA:117,0
DA:240,0
DA:242,0
DA:283,0
DA:285,0
DA:353,0
DA:355,0
DA:419,0
DA:421,0
DA:462,0
DA:464,0
DA:471,0
LF:16
LH:0
BRF:0
BRH:0
end_of_record
TN:
SF:src\routes\index.ts
FNF:0
FNH:0
DA:1,0
DA:2,0
DA:3,0
DA:4,0
DA:5,0
DA:6,0
DA:7,0
DA:8,0
DA:9,0
DA:10,0
DA:12,0
DA:15,0
DA:16,0
DA:17,0
DA:18,0
DA:19,0
DA:20,0
DA:21,0
DA:22,0
DA:23,0
DA:25,0
LF:21
LH:0
BRF:0
BRH:0
end_of_record
TN:
SF:src\routes\newsletterRoutes.ts
FN:166,(anonymous_0)
FN:205,(anonymous_1)
FN:244,(anonymous_2)
FN:283,(anonymous_3)
FN:348,(anonymous_4)
FN:464,(anonymous_5)
FN:527,(anonymous_6)
FN:584,(anonymous_7)
FN:620,(anonymous_8)
FNF:9
FNH:0
FNDA:0,(anonymous_0)
FNDA:0,(anonymous_1)
FNDA:0,(anonymous_2)
FNDA:0,(anonymous_3)
FNDA:0,(anonymous_4)
FNDA:0,(anonymous_5)
FNDA:0,(anonymous_6)
FNDA:0,(anonymous_7)
FNDA:0,(anonymous_8)
DA:1,0
DA:2,0
DA:4,0
DA:166,0
DA:168,0
DA:205,0
DA:207,0
DA:244,0
DA:246,0
DA:283,0
DA:285,0
DA:348,0
DA:350,0
DA:464,0
DA:466,0
DA:527,0
DA:529,0
DA:584,0
DA:586,0
DA:620,0
DA:622,0
DA:629,0
LF:22
LH:0
BRF:0
BRH:0
end_of_record
TN:
SF:src\routes\uploadRoutes.ts
FNF:0
FNH:0
DA:1,0
DA:2,0
DA:3,0
DA:5,0
DA:131,0
DA:178,0
DA:224,0
DA:342,0
DA:378,0
DA:413,0
DA:475,0
DA:511,0
DA:545,0
DA:547,0
LF:14
LH:0
BRF:0
BRH:0
end_of_record
TN:
SF:src\routes\userRoutes.ts
FN:145,(anonymous_0)
FN:153,(anonymous_1)
FN:153,(anonymous_2)
FN:194,(anonymous_3)
FN:234,(anonymous_4)
FN:286,(anonymous_5)
FN:337,(anonymous_6)
FN:459,(anonymous_7)
FN:504,(anonymous_8)
FN:547,(anonymous_9)
FN:620,(anonymous_10)
FN:620,(anonymous_11)
FN:681,(anonymous_12)
FN:724,(anonymous_13)
FN:724,(anonymous_14)
FNF:15
FNH:0
FNDA:0,(anonymous_0)
FNDA:0,(anonymous_1)
FNDA:0,(anonymous_2)
FNDA:0,(anonymous_3)
FNDA:0,(anonymous_4)
FNDA:0,(anonymous_5)
FNDA:0,(anonymous_6)
FNDA:0,(anonymous_7)
FNDA:0,(anonymous_8)
FNDA:0,(anonymous_9)
FNDA:0,(anonymous_10)
FNDA:0,(anonymous_11)
FNDA:0,(anonymous_12)
FNDA:0,(anonymous_13)
FNDA:0,(anonymous_14)
DA:1,0
DA:2,0
DA:3,0
DA:9,0
DA:145,0
DA:147,0
DA:153,0
DA:155,0
DA:194,0
DA:196,0
DA:234,0
DA:236,0
DA:286,0
DA:288,0
DA:337,0
DA:339,0
DA:459,0
DA:461,0
DA:504,0
DA:506,0
DA:547,0
DA:549,0
DA:620,0
DA:622,0
DA:681,0
DA:683,0
DA:724,0
DA:726,0
DA:732,0
LF:29
LH:0
BRDA:620,0,0,0
BRDA:620,0,1,0
BRDA:724,1,0,0
BRDA:724,1,1,0
BRF:4
BRH:0
end_of_record
TN:
SF:src\services\authService.ts
FN:48,(anonymous_1)
FN:60,(anonymous_2)
FN:120,(anonymous_3)
FN:162,(anonymous_4)
FN:213,(anonymous_5)
FN:229,(anonymous_6)
FN:242,(anonymous_7)
FN:258,(anonymous_8)
FN:299,(anonymous_9)
FN:322,(anonymous_10)
FN:338,(anonymous_11)
FNF:11
FNH:7
FNDA:11,(anonymous_1)
FNDA:4,(anonymous_2)
FNDA:3,(anonymous_3)
FNDA:3,(anonymous_4)
FNDA:0,(anonymous_5)
FNDA:0,(anonymous_6)
FNDA:0,(anonymous_7)
FNDA:0,(anonymous_8)
FNDA:3,(anonymous_9)
FNDA:3,(anonymous_10)
FNDA:2,(anonymous_11)
DA:1,1
DA:2,1
DA:3,1
DA:4,1
DA:5,1
DA:40,1
DA:49,11
DA:50,11
DA:51,11
DA:52,11
DA:53,11
DA:54,11
DA:61,4
DA:63,4
DA:64,4
DA:65,1
DA:69,3
DA:70,1
DA:74,2
DA:78,2
DA:79,1
DA:83,1
DA:86,1
DA:96,1
DA:103,1
DA:105,1
DA:107,1
DA:112,3
DA:113,3
DA:121,3
DA:123,3
DA:127,3
DA:128,1
DA:132,2
DA:133,2
DA:134,1
DA:138,1
DA:145,1
DA:147,1
DA:149,1
DA:154,2
DA:155,2
DA:163,3
DA:165,3
DA:168,2
DA:175,2
DA:176,0
DA:180,2
DA:184,2
DA:185,1
DA:189,1
DA:196,1
DA:199,1
DA:201,1
DA:203,1
DA:205,2
DA:206,2
DA:214,0
DA:215,0
DA:219,0
DA:221,0
DA:222,0
DA:230,0
DA:231,0
DA:232,0
DA:234,0
DA:235,0
DA:243,0
DA:244,0
DA:248,0
DA:250,0
DA:251,0
DA:259,0
DA:261,0
DA:265,0
DA:266,0
DA:270,0
DA:271,0
DA:272,0
DA:276,0
DA:279,0
DA:285,0
DA:289,0
DA:291,0
DA:292,0
DA:300,3
DA:308,3
DA:316,3
DA:323,3
DA:324,3
DA:326,3
DA:339,2
DA:351,1
LF:93
LH:64
BRDA:49,0,0,11
BRDA:49,0,1,0
BRDA:50,1,0,11
BRDA:50,1,1,0
BRDA:51,2,0,11
BRDA:51,2,1,0
BRDA:52,3,0,11
BRDA:52,3,1,0
BRDA:53,4,0,11
BRDA:53,4,1,0
BRDA:54,5,0,11
BRDA:54,5,1,1
BRDA:64,6,0,1
BRDA:69,7,0,1
BRDA:78,8,0,1
BRDA:91,9,0,1
BRDA:91,9,1,0
BRDA:127,10,0,1
BRDA:133,11,0,1
BRDA:175,12,0,0
BRDA:184,13,0,1
BRDA:248,14,0,0
BRDA:248,14,1,0
BRDA:265,15,0,0
BRDA:271,16,0,0
BRF:25
BRH:14
end_of_record
TN:
SF:src\services\cacheService.ts
FN:13,(anonymous_1)
FN:29,(anonymous_2)
FN:30,(anonymous_3)
FN:35,(anonymous_4)
FN:40,(anonymous_5)
FN:45,(anonymous_6)
FN:53,(anonymous_7)
FN:65,(anonymous_8)
FN:77,(anonymous_9)
FN:87,(anonymous_10)
FN:109,(anonymous_11)
FN:134,(anonymous_12)
FN:152,(anonymous_13)
FN:169,(anonymous_14)
FN:190,(anonymous_15)
FN:209,(anonymous_16)
FN:227,(anonymous_17)
FN:243,(anonymous_18)
FN:259,(anonymous_19)
FNF:19
FNH:12
FNDA:26,(anonymous_1)
FNDA:26,(anonymous_2)
FNDA:0,(anonymous_3)
FNDA:0,(anonymous_4)
FNDA:0,(anonymous_5)
FNDA:0,(anonymous_6)
FNDA:2,(anonymous_7)
FNDA:2,(anonymous_8)
FNDA:21,(anonymous_9)
FNDA:4,(anonymous_10)
FNDA:4,(anonymous_11)
FNDA:2,(anonymous_12)
FNDA:2,(anonymous_13)
FNDA:2,(anonymous_14)
FNDA:3,(anonymous_15)
FNDA:0,(anonymous_16)
FNDA:0,(anonymous_17)
FNDA:2,(anonymous_18)
FNDA:0,(anonymous_19)
DA:1,1
DA:2,1
DA:3,1
DA:11,26
DA:14,26
DA:23,26
DA:30,26
DA:31,0
DA:32,0
DA:35,26
DA:36,0
DA:37,0
DA:40,26
DA:41,0
DA:42,0
DA:45,26
DA:46,0
DA:54,2
DA:55,2
DA:57,1
DA:58,1
DA:66,2
DA:67,2
DA:68,1
DA:70,1
DA:78,21
DA:88,4
DA:89,4
DA:90,1
DA:91,1
DA:94,3
DA:95,3
DA:97,3
DA:98,2
DA:100,1
DA:110,4
DA:111,4
DA:112,1
DA:113,1
DA:116,3
DA:117,2
DA:118,1
DA:121,1
DA:122,1
DA:123,1
DA:125,1
DA:126,1
DA:135,2
DA:136,2
DA:137,1
DA:138,1
DA:141,1
DA:142,1
DA:144,0
DA:153,2
DA:154,2
DA:155,1
DA:158,1
DA:159,1
DA:161,0
DA:170,2
DA:171,2
DA:172,0
DA:175,2
DA:176,2
DA:177,1
DA:178,1
DA:181,0
DA:191,3
DA:192,3
DA:193,1
DA:196,2
DA:197,2
DA:199,0
DA:200,0
DA:210,0
DA:211,0
DA:212,0
DA:215,0
DA:216,0
DA:218,0
DA:228,0
DA:229,0
DA:230,0
DA:233,0
DA:235,0
DA:236,0
DA:244,2
DA:245,2
DA:246,1
DA:249,1
DA:250,1
DA:252,0
DA:260,0
DA:261,0
DA:262,0
DA:265,0
DA:266,0
DA:268,0
DA:269,0
DA:275,1
DA:278,1
LF:102
LH:69
BRDA:17,0,0,26
BRDA:17,0,1,26
BRDA:78,1,0,21
BRDA:78,1,1,15
BRDA:89,2,0,1
BRDA:95,3,0,3
BRDA:95,3,1,2
BRDA:111,4,0,1
BRDA:117,5,0,1
BRDA:136,6,0,1
BRDA:154,7,0,1
BRDA:154,8,0,2
BRDA:154,8,1,2
BRDA:171,9,0,0
BRDA:176,10,0,1
BRDA:192,11,0,1
BRDA:211,12,0,0
BRDA:229,13,0,0
BRDA:245,14,0,1
BRDA:261,15,0,0
BRF:20
BRH:16
end_of_record
TN:
SF:src\tests\helpers\testServer.ts
FN:15,(anonymous_1)
FN:44,(anonymous_2)
FN:64,(anonymous_3)
FN:79,(anonymous_4)
FNF:4
FNH:0
FNDA:0,(anonymous_1)
FNDA:0,(anonymous_2)
FNDA:0,(anonymous_3)
FNDA:0,(anonymous_4)
DA:1,0
DA:2,0
DA:3,0
DA:4,0
DA:5,0
DA:6,0
DA:7,0
DA:8,0
DA:9,0
DA:15,0
DA:16,0
DA:19,0
DA:20,0
DA:21,0
DA:27,0
DA:32,0
DA:35,0
DA:36,0
DA:39,0
DA:40,0
DA:44,0
DA:45,0
DA:53,0
DA:54,0
DA:58,0
DA:61,0
DA:64,0
DA:65,0
DA:72,0
DA:79,0
DA:80,0
DA:82,0
DA:83,0
DA:85,0
LF:34
LH:0
BRDA:22,0,0,0
BRDA:22,0,1,0
BRDA:39,1,0,0
BRDA:48,2,0,0
BRDA:48,2,1,0
BRDA:53,3,0,0
BRDA:53,4,0,0
BRDA:53,4,1,0
BRF:8
BRH:0
end_of_record
TN:
SF:src\tests\scripts\setupTestDb.ts
FN:14,setupTestDatabase
FN:42,cleanDatabase
FN:48,(anonymous_3)
FN:49,(anonymous_4)
FN:50,(anonymous_5)
FN:62,seedTestData
FN:103,checkDatabaseConnection
FN:120,createTestDatabaseIfNotExists
FN:153,(anonymous_9)
FNF:9
FNH:0
FNDA:0,setupTestDatabase
FNDA:0,cleanDatabase
FNDA:0,(anonymous_3)
FNDA:0,(anonymous_4)
FNDA:0,(anonymous_5)
FNDA:0,seedTestData
FNDA:0,checkDatabaseConnection
FNDA:0,createTestDatabaseIfNotExists
FNDA:0,(anonymous_9)
DA:1,0
DA:2,0
DA:3,0
DA:4,0
DA:7,0
DA:9,0
DA:15,0
DA:16,0
DA:19,0
DA:20,0
DA:23,0
DA:24,0
DA:27,0
DA:28,0
DA:30,0
DA:32,0
DA:33,0
DA:35,0
DA:43,0
DA:47,0
DA:48,0
DA:49,0
DA:50,0
DA:52,0
DA:53,0
DA:64,0
DA:88,0
DA:89,0
DA:94,0
DA:104,0
DA:105,0
DA:106,0
DA:108,0
DA:109,0
DA:110,0
DA:111,0
DA:112,0
DA:113,0
DA:121,0
DA:123,0
DA:124,0
DA:125,0
DA:128,0
DA:129,0
DA:131,0
DA:134,0
DA:135,0
DA:137,0
DA:139,0
DA:142,0
DA:143,0
DA:144,0
DA:146,0
DA:152,0
DA:153,0
DA:154,0
DA:155,0
DA:156,0
DA:161,0
DA:162,0
DA:163,0
DA:164,0
LF:62
LH:0
BRDA:52,0,0,0
BRDA:124,1,0,0
BRDA:152,2,0,0
BRF:3
BRH:0
end_of_record
TN:
SF:src\utils\auth.ts
FN:10,(anonymous_1)
FN:21,(anonymous_2)
FN:31,(anonymous_3)
FN:40,(anonymous_4)
FN:49,(anonymous_5)
FN:58,(anonymous_6)
FN:67,(anonymous_7)
FN:78,(anonymous_8)
FNF:8
FNH:4
FNDA:4,(anonymous_1)
FNDA:3,(anonymous_2)
FNDA:4,(anonymous_3)
FNDA:5,(anonymous_4)
FNDA:0,(anonymous_5)
FNDA:0,(anonymous_6)
FNDA:0,(anonymous_7)
FNDA:0,(anonymous_8)
DA:1,1
DA:2,1
DA:3,1
DA:10,1
DA:11,4
DA:12,4
DA:21,1
DA:22,3
DA:31,1
DA:32,4
DA:40,1
DA:41,5
DA:49,1
DA:50,0
DA:58,1
DA:59,0
DA:67,1
DA:69,0
DA:70,0
DA:78,1
DA:79,0
DA:80,0
LF:22
LH:16
BRDA:31,0,0,3
BRF:1
BRH:1
end_of_record
TN:
SF:src\utils\error.ts
FN:8,(anonymous_0)
FN:21,(anonymous_1)
FN:30,(anonymous_2)
FN:39,(anonymous_3)
FN:48,(anonymous_4)
FN:57,(anonymous_5)
FN:66,(anonymous_6)
FN:74,(anonymous_7)
FN:84,(anonymous_8)
FNF:9
FNH:2
FNDA:2,(anonymous_0)
FNDA:2,(anonymous_1)
FNDA:0,(anonymous_2)
FNDA:0,(anonymous_3)
FNDA:0,(anonymous_4)
FNDA:0,(anonymous_5)
FNDA:0,(anonymous_6)
FNDA:0,(anonymous_7)
FNDA:0,(anonymous_8)
DA:4,1
DA:9,2
DA:10,2
DA:11,2
DA:13,2
DA:20,1
DA:22,2
DA:29,1
DA:31,0
DA:38,1
DA:40,0
DA:47,1
DA:49,0
DA:56,1
DA:58,0
DA:65,1
DA:67,0
DA:74,1
DA:75,0
DA:76,0
DA:78,0
DA:84,1
DA:85,0
DA:86,0
DA:94,0
LF:25
LH:14
BRDA:8,0,0,0
BRDA:8,1,0,0
BRDA:30,2,0,0
BRDA:39,3,0,0
BRDA:48,4,0,0
BRDA:57,5,0,0
BRDA:66,6,0,0
BRDA:75,7,0,0
BRDA:85,8,0,0
BRF:9
BRH:0
end_of_record
TN:
SF:src\utils\logger.ts
FN:26,(anonymous_9)
FN:77,(anonymous_10)
FN:90,(anonymous_11)
FN:101,(anonymous_12)
FN:112,(anonymous_13)
FNF:5
FNH:0
FNDA:0,(anonymous_9)
FNDA:0,(anonymous_10)
FNDA:0,(anonymous_11)
FNDA:0,(anonymous_12)
FNDA:0,(anonymous_13)
DA:1,1
DA:2,1
DA:3,1
DA:6,1
DA:7,1
DA:8,0
DA:12,1
DA:21,1
DA:27,0
DA:28,0
DA:29,0
DA:31,0
DA:36,1
DA:39,1
DA:40,1
DA:49,1
DA:68,1
DA:77,1
DA:82,0
DA:90,1
DA:94,0
DA:101,1
DA:105,0
DA:112,1
DA:116,0
DA:122,1
LF:26
LH:17
BRDA:6,0,0,1
BRDA:6,0,1,0
BRDA:7,1,0,0
BRDA:28,2,0,0
BRDA:39,3,0,1
BRDA:43,4,0,1
BRDA:43,4,1,0
BRDA:69,5,0,1
BRDA:69,5,1,0
BRF:9
BRH:4
end_of_record
